ARM GAS  C:\Users\TANUSH~1\AppData\Local\Temp\ccvkx3yH.s 			page 1


   1              		.cpu cortex-m0
   2              		.fpu softvfp
   3              		.eabi_attribute 20, 1
   4              		.eabi_attribute 21, 1
   5              		.eabi_attribute 23, 3
   6              		.eabi_attribute 24, 1
   7              		.eabi_attribute 25, 1
   8              		.eabi_attribute 26, 1
   9              		.eabi_attribute 30, 6
  10              		.eabi_attribute 34, 0
  11              		.eabi_attribute 18, 4
  12              		.code	16
  13              		.file	"WatchdogTimer.c"
  14              		.text
  15              	.Ltext0:
  16              		.cfi_sections	.debug_frame
  17              		.bss
  18              		.align	2
  19              	watchdogTimestamp:
  20 0000 00000000 		.space	4
  21              		.section	.text.WatchdogTimer_Isr,"ax",%progbits
  22              		.align	2
  23              		.global	WatchdogTimer_Isr
  24              		.code	16
  25              		.thumb_func
  26              		.type	WatchdogTimer_Isr, %function
  27              	WatchdogTimer_Isr:
  28              	.LFB35:
  29              		.file 1 ".\\WatchdogTimer.c"
   1:.\WatchdogTimer.c **** /*****************************************************************************
   2:.\WatchdogTimer.c **** * File Name: WatchdogTimer.c
   3:.\WatchdogTimer.c **** *
   4:.\WatchdogTimer.c **** * Version: 1.0
   5:.\WatchdogTimer.c **** *
   6:.\WatchdogTimer.c **** * Description:
   7:.\WatchdogTimer.c **** * This file defines the watchdog timer functionality for this lab session in 
   8:.\WatchdogTimer.c **** * the PSoC 4 BLE Lab 3.
   9:.\WatchdogTimer.c **** *
  10:.\WatchdogTimer.c **** * Hardware Dependency:
  11:.\WatchdogTimer.c **** * CY8CKIT-042 BLE Pioneer Kit
  12:.\WatchdogTimer.c **** *
  13:.\WatchdogTimer.c **** ******************************************************************************
  14:.\WatchdogTimer.c **** * Copyright (2014), Cypress Semiconductor Corporation.
  15:.\WatchdogTimer.c **** ******************************************************************************
  16:.\WatchdogTimer.c **** * This software is owned by Cypress Semiconductor Corporation (Cypress) and is
  17:.\WatchdogTimer.c **** * protected by and subject to worldwide patent protection (United States and
  18:.\WatchdogTimer.c **** * foreign), United States copyright laws and international treaty provisions.
  19:.\WatchdogTimer.c **** * Cypress hereby grants to licensee a personal, non-exclusive, non-transferable
  20:.\WatchdogTimer.c **** * license to copy, use, modify, create derivative works of, and compile the
  21:.\WatchdogTimer.c **** * Cypress Source Code and derivative works for the sole purpose of creating
  22:.\WatchdogTimer.c **** * custom software in support of licensee product to be used only in conjunction
  23:.\WatchdogTimer.c **** * with a Cypress integrated circuit as specified in the applicable agreement.
  24:.\WatchdogTimer.c **** * Any reproduction, modification, translation, compilation, or representation of
  25:.\WatchdogTimer.c **** * this software except as specified above is prohibited without the express
  26:.\WatchdogTimer.c **** * written permission of Cypress.
  27:.\WatchdogTimer.c **** *
  28:.\WatchdogTimer.c **** * Disclaimer: CYPRESS MAKES NO WARRANTY OF ANY KIND, EXPRESS OR IMPLIED, WITH
ARM GAS  C:\Users\TANUSH~1\AppData\Local\Temp\ccvkx3yH.s 			page 2


  29:.\WatchdogTimer.c **** * REGARD TO THIS MATERIAL, INCLUDING, BUT NOT LIMITED TO, THE IMPLIED
  30:.\WatchdogTimer.c **** * WARRANTIES OF MERCHANTABILITY AND FITNESS FOR A PARTICULAR PURPOSE.
  31:.\WatchdogTimer.c **** * Cypress reserves the right to make changes without further notice to the
  32:.\WatchdogTimer.c **** * materials described herein. Cypress does not assume any liability arising out
  33:.\WatchdogTimer.c **** * of the application or use of any product or circuit described herein. Cypress
  34:.\WatchdogTimer.c **** * does not authorize its products for use as critical components in life-support
  35:.\WatchdogTimer.c **** * systems where a malfunction or failure may reasonably be expected to result in
  36:.\WatchdogTimer.c **** * significant injury to the user. The inclusion of Cypress' product in a life-
  37:.\WatchdogTimer.c **** * support systems application implies that the manufacturer assumes all risk of
  38:.\WatchdogTimer.c **** * such use and in doing so indemnifies Cypress against all charges. Use may be
  39:.\WatchdogTimer.c **** * limited by and subject to the applicable Cypress software license agreement.
  40:.\WatchdogTimer.c **** *****************************************************************************/
  41:.\WatchdogTimer.c **** 
  42:.\WatchdogTimer.c **** 
  43:.\WatchdogTimer.c **** /*****************************************************************************
  44:.\WatchdogTimer.c **** * Included headers
  45:.\WatchdogTimer.c **** *****************************************************************************/
  46:.\WatchdogTimer.c **** #include <project.h>
  47:.\WatchdogTimer.c **** 
  48:.\WatchdogTimer.c **** 
  49:.\WatchdogTimer.c **** /*****************************************************************************
  50:.\WatchdogTimer.c **** * Macros and constants
  51:.\WatchdogTimer.c **** *****************************************************************************/
  52:.\WatchdogTimer.c **** #define WDT_PERIOD_MS               (10)
  53:.\WatchdogTimer.c **** #define WDT_TICKS_PER_MS            (32)
  54:.\WatchdogTimer.c **** #define WDT_TICKS                   (WDT_PERIOD_MS * WDT_TICKS_PER_MS)
  55:.\WatchdogTimer.c **** #define WDT_INTERRUPT_NUM           (8)
  56:.\WatchdogTimer.c **** 
  57:.\WatchdogTimer.c **** 
  58:.\WatchdogTimer.c **** /*****************************************************************************
  59:.\WatchdogTimer.c **** * Static variables
  60:.\WatchdogTimer.c **** *****************************************************************************/
  61:.\WatchdogTimer.c **** static uint32 watchdogTimestamp = 0;
  62:.\WatchdogTimer.c **** 
  63:.\WatchdogTimer.c **** 
  64:.\WatchdogTimer.c **** /*****************************************************************************
  65:.\WatchdogTimer.c **** * Public function definitions
  66:.\WatchdogTimer.c **** *****************************************************************************/
  67:.\WatchdogTimer.c **** 
  68:.\WatchdogTimer.c **** /*****************************************************************************
  69:.\WatchdogTimer.c **** * Function Name: WatchdogTimer_Isr
  70:.\WatchdogTimer.c **** ******************************************************************************
  71:.\WatchdogTimer.c **** * Summary:
  72:.\WatchdogTimer.c **** * Interrupt service routine for the watchdog timer.
  73:.\WatchdogTimer.c **** *
  74:.\WatchdogTimer.c **** * Parameters:
  75:.\WatchdogTimer.c **** * None
  76:.\WatchdogTimer.c **** *
  77:.\WatchdogTimer.c **** * Return:
  78:.\WatchdogTimer.c **** * None
  79:.\WatchdogTimer.c **** *
  80:.\WatchdogTimer.c **** * Theory:
  81:.\WatchdogTimer.c **** * The ISR increments the system timestamp by the watchdog timer period. It 
  82:.\WatchdogTimer.c **** * then clears the WDT interrupt.
  83:.\WatchdogTimer.c **** *
  84:.\WatchdogTimer.c **** * Side Effects:
  85:.\WatchdogTimer.c **** * None
ARM GAS  C:\Users\TANUSH~1\AppData\Local\Temp\ccvkx3yH.s 			page 3


  86:.\WatchdogTimer.c **** *
  87:.\WatchdogTimer.c **** *****************************************************************************/
  88:.\WatchdogTimer.c **** CY_ISR(WatchdogTimer_Isr)
  89:.\WatchdogTimer.c **** {
  30              		.loc 1 89 0
  31              		.cfi_startproc
  32 0000 80B5     		push	{r7, lr}
  33              		.cfi_def_cfa_offset 8
  34              		.cfi_offset 7, -8
  35              		.cfi_offset 14, -4
  36 0002 00AF     		add	r7, sp, #0
  37              		.cfi_def_cfa_register 7
  90:.\WatchdogTimer.c ****     /* Update the system timestamp - the watchdog period time has elapsed
  91:.\WatchdogTimer.c ****      * since the last interrupt.
  92:.\WatchdogTimer.c ****      */
  93:.\WatchdogTimer.c ****     watchdogTimestamp += WDT_PERIOD_MS;
  38              		.loc 1 93 0
  39 0004 054B     		ldr	r3, .L2
  40 0006 1B68     		ldr	r3, [r3]
  41 0008 1A1C     		mov	r2, r3
  42 000a 0A32     		add	r2, r2, #10
  43 000c 034B     		ldr	r3, .L2
  44 000e 1A60     		str	r2, [r3]
  94:.\WatchdogTimer.c ****     
  95:.\WatchdogTimer.c ****     /* Clear WDT interrupt */
  96:.\WatchdogTimer.c ****     CySysWdtClearInterrupt(CY_SYS_WDT_COUNTER0_INT);
  45              		.loc 1 96 0
  46 0010 0420     		mov	r0, #4
  47 0012 FFF7FEFF 		bl	CySysWdtClearInterrupt
  97:.\WatchdogTimer.c **** }
  48              		.loc 1 97 0
  49 0016 BD46     		mov	sp, r7
  50              		@ sp needed
  51 0018 80BD     		pop	{r7, pc}
  52              	.L3:
  53 001a C046     		.align	2
  54              	.L2:
  55 001c 00000000 		.word	watchdogTimestamp
  56              		.cfi_endproc
  57              	.LFE35:
  58              		.size	WatchdogTimer_Isr, .-WatchdogTimer_Isr
  59              		.section	.text.WatchdogTimer_Start,"ax",%progbits
  60              		.align	2
  61              		.global	WatchdogTimer_Start
  62              		.code	16
  63              		.thumb_func
  64              		.type	WatchdogTimer_Start, %function
  65              	WatchdogTimer_Start:
  66              	.LFB36:
  98:.\WatchdogTimer.c **** 
  99:.\WatchdogTimer.c **** 
 100:.\WatchdogTimer.c **** /*****************************************************************************
 101:.\WatchdogTimer.c **** * Function Name: WatchdogTimer_Start
 102:.\WatchdogTimer.c **** ******************************************************************************
 103:.\WatchdogTimer.c **** * Summary:
 104:.\WatchdogTimer.c **** * Starts the watchdog timer WDT0 to be used as the system timer. Define a 
 105:.\WatchdogTimer.c **** * system timestamp variable to be updated on every watchdog interrupt.
ARM GAS  C:\Users\TANUSH~1\AppData\Local\Temp\ccvkx3yH.s 			page 4


 106:.\WatchdogTimer.c **** *
 107:.\WatchdogTimer.c **** * Parameters:
 108:.\WatchdogTimer.c **** * None
 109:.\WatchdogTimer.c **** *
 110:.\WatchdogTimer.c **** * Return:
 111:.\WatchdogTimer.c **** * None
 112:.\WatchdogTimer.c **** *
 113:.\WatchdogTimer.c **** * Theory:
 114:.\WatchdogTimer.c **** * The function uses the watchdog timer WDT0 of the chip. It configures the 
 115:.\WatchdogTimer.c **** * timer to fire an interrupt upon match. The periodic interrupt updates the 
 116:.\WatchdogTimer.c **** * system timestamp variable which is used to keep track of the system activity.
 117:.\WatchdogTimer.c **** * The timer is configured for clear on match i.e. the WDT counter is reset to
 118:.\WatchdogTimer.c **** * zero upon a match event. The timer is continuously run.
 119:.\WatchdogTimer.c **** *
 120:.\WatchdogTimer.c **** * To change the watchdog timer settings, the function needs to unlock the 
 121:.\WatchdogTimer.c **** * WDT first, and then lock it after the modification is complete.
 122:.\WatchdogTimer.c **** *
 123:.\WatchdogTimer.c **** * Side Effects:
 124:.\WatchdogTimer.c **** * None
 125:.\WatchdogTimer.c **** *
 126:.\WatchdogTimer.c **** *****************************************************************************/
 127:.\WatchdogTimer.c **** void WatchdogTimer_Start(void)
 128:.\WatchdogTimer.c **** {
  67              		.loc 1 128 0
  68              		.cfi_startproc
  69 0000 80B5     		push	{r7, lr}
  70              		.cfi_def_cfa_offset 8
  71              		.cfi_offset 7, -8
  72              		.cfi_offset 14, -4
  73 0002 00AF     		add	r7, sp, #0
  74              		.cfi_def_cfa_register 7
 129:.\WatchdogTimer.c ****     /* Set the WDT ISR */
 130:.\WatchdogTimer.c ****     CyIntSetVector(WDT_INTERRUPT_NUM, &WatchdogTimer_Isr);
  75              		.loc 1 130 0
  76 0004 0F4B     		ldr	r3, .L5
  77 0006 0820     		mov	r0, #8
  78 0008 191C     		mov	r1, r3
  79 000a FFF7FEFF 		bl	CyIntSetVector
 131:.\WatchdogTimer.c ****     
 132:.\WatchdogTimer.c ****     /* Unlock the sytem watchdog timer to be able to change settings */
 133:.\WatchdogTimer.c **** 	CySysWdtUnlock();
  80              		.loc 1 133 0
  81 000e FFF7FEFF 		bl	CySysWdtUnlock
 134:.\WatchdogTimer.c ****     
 135:.\WatchdogTimer.c ****     /* Configure the watchdog timer 0 (WDT0) to fire an interrupt upon match 
 136:.\WatchdogTimer.c ****      * i.e. when the count register value equals the match register value.
 137:.\WatchdogTimer.c ****      */
 138:.\WatchdogTimer.c ****     CySysWdtWriteMode(0, CY_SYS_WDT_MODE_INT);
  82              		.loc 1 138 0
  83 0012 0020     		mov	r0, #0
  84 0014 0121     		mov	r1, #1
  85 0016 FFF7FEFF 		bl	CySysWdtWriteMode
 139:.\WatchdogTimer.c ****     
 140:.\WatchdogTimer.c ****     /* WDT0 counter to be cleared upon a match event and then begin again.
 141:.\WatchdogTimer.c ****      * The timer is to be run continuously.
 142:.\WatchdogTimer.c ****      */
 143:.\WatchdogTimer.c **** 	CySysWdtWriteClearOnMatch(0, 1);
ARM GAS  C:\Users\TANUSH~1\AppData\Local\Temp\ccvkx3yH.s 			page 5


  86              		.loc 1 143 0
  87 001a 0020     		mov	r0, #0
  88 001c 0121     		mov	r1, #1
  89 001e FFF7FEFF 		bl	CySysWdtWriteClearOnMatch
 144:.\WatchdogTimer.c ****     
 145:.\WatchdogTimer.c ****     /* Set the value of the match register. Since the count starts from zero, 
 146:.\WatchdogTimer.c ****      * the actual value is the (intended - 1). 
 147:.\WatchdogTimer.c ****      * The match register value set here is for 10 ms interval. This is 
 148:.\WatchdogTimer.c ****      * because we want to run a main loop of 10 ms with a scan happening at 
 149:.\WatchdogTimer.c ****      * the beginning of the loop and stay in deep sleep for the rest of the
 150:.\WatchdogTimer.c ****      * time. With a scan happening every 10 ms, we can properly detect a 
 151:.\WatchdogTimer.c ****      * heart rate without missing a beat.
 152:.\WatchdogTimer.c ****      */
 153:.\WatchdogTimer.c ****     CySysWdtWriteMatch(0, WDT_TICKS - 1);
  90              		.loc 1 153 0
  91 0022 4023     		mov	r3, #64
  92 0024 FF33     		add	r3, r3, #255
  93 0026 0020     		mov	r0, #0
  94 0028 191C     		mov	r1, r3
  95 002a FFF7FEFF 		bl	CySysWdtWriteMatch
 154:.\WatchdogTimer.c ****     
 155:.\WatchdogTimer.c ****     /* Enable the WDT0 */
 156:.\WatchdogTimer.c ****     CySysWdtEnable(CY_SYS_WDT_COUNTER0_MASK);
  96              		.loc 1 156 0
  97 002e 0120     		mov	r0, #1
  98 0030 FFF7FEFF 		bl	CySysWdtEnable
 157:.\WatchdogTimer.c ****     
 158:.\WatchdogTimer.c ****     /* Enable interrupt */
 159:.\WatchdogTimer.c ****     CyIntEnable(WDT_INTERRUPT_NUM);
  99              		.loc 1 159 0
 100 0034 0820     		mov	r0, #8
 101 0036 FFF7FEFF 		bl	CyIntEnable
 160:.\WatchdogTimer.c ****     
 161:.\WatchdogTimer.c ****     /* Lock the watchdog timer to prevent future modification */
 162:.\WatchdogTimer.c **** 	CySysWdtLock();
 102              		.loc 1 162 0
 103 003a FFF7FEFF 		bl	CySysWdtLock
 163:.\WatchdogTimer.c **** }
 104              		.loc 1 163 0
 105 003e BD46     		mov	sp, r7
 106              		@ sp needed
 107 0040 80BD     		pop	{r7, pc}
 108              	.L6:
 109 0042 C046     		.align	2
 110              	.L5:
 111 0044 00000000 		.word	WatchdogTimer_Isr
 112              		.cfi_endproc
 113              	.LFE36:
 114              		.size	WatchdogTimer_Start, .-WatchdogTimer_Start
 115              		.section	.text.WatchdogTimer_GetTimestamp,"ax",%progbits
 116              		.align	2
 117              		.global	WatchdogTimer_GetTimestamp
 118              		.code	16
 119              		.thumb_func
 120              		.type	WatchdogTimer_GetTimestamp, %function
 121              	WatchdogTimer_GetTimestamp:
 122              	.LFB37:
ARM GAS  C:\Users\TANUSH~1\AppData\Local\Temp\ccvkx3yH.s 			page 6


 164:.\WatchdogTimer.c **** 
 165:.\WatchdogTimer.c **** 
 166:.\WatchdogTimer.c **** /*****************************************************************************
 167:.\WatchdogTimer.c **** * Function Name: WatchdogTimer_GetTimestamp
 168:.\WatchdogTimer.c **** ******************************************************************************
 169:.\WatchdogTimer.c **** * Summary:
 170:.\WatchdogTimer.c **** * Returns the system timestamp value.
 171:.\WatchdogTimer.c **** *
 172:.\WatchdogTimer.c **** * Parameters:
 173:.\WatchdogTimer.c **** * None
 174:.\WatchdogTimer.c **** *
 175:.\WatchdogTimer.c **** * Return:
 176:.\WatchdogTimer.c **** * uint32: Current system timestamp 
 177:.\WatchdogTimer.c **** *
 178:.\WatchdogTimer.c **** * Theory:
 179:.\WatchdogTimer.c **** * The function returns the watchdog timestamp.
 180:.\WatchdogTimer.c **** *
 181:.\WatchdogTimer.c **** * Side Effects:
 182:.\WatchdogTimer.c **** * None
 183:.\WatchdogTimer.c **** *
 184:.\WatchdogTimer.c **** *****************************************************************************/
 185:.\WatchdogTimer.c **** uint32 WatchdogTimer_GetTimestamp(void)
 186:.\WatchdogTimer.c **** {
 123              		.loc 1 186 0
 124              		.cfi_startproc
 125 0000 80B5     		push	{r7, lr}
 126              		.cfi_def_cfa_offset 8
 127              		.cfi_offset 7, -8
 128              		.cfi_offset 14, -4
 129 0002 00AF     		add	r7, sp, #0
 130              		.cfi_def_cfa_register 7
 187:.\WatchdogTimer.c ****     return watchdogTimestamp;
 131              		.loc 1 187 0
 132 0004 024B     		ldr	r3, .L9
 133 0006 1B68     		ldr	r3, [r3]
 188:.\WatchdogTimer.c **** }
 134              		.loc 1 188 0
 135 0008 181C     		mov	r0, r3
 136 000a BD46     		mov	sp, r7
 137              		@ sp needed
 138 000c 80BD     		pop	{r7, pc}
 139              	.L10:
 140 000e C046     		.align	2
 141              	.L9:
 142 0010 00000000 		.word	watchdogTimestamp
 143              		.cfi_endproc
 144              	.LFE37:
 145              		.size	WatchdogTimer_GetTimestamp, .-WatchdogTimer_GetTimestamp
 146              		.text
 147              	.Letext0:
 148              		.file 2 "Generated_Source\\PSoC4/cytypes.h"
 149              		.file 3 "Generated_Source\\PSoC4/BLE_Stack.h"
 150              		.section	.debug_info,"",%progbits
 151              	.Ldebug_info0:
 152 0000 47020000 		.4byte	0x247
 153 0004 0400     		.2byte	0x4
 154 0006 00000000 		.4byte	.Ldebug_abbrev0
ARM GAS  C:\Users\TANUSH~1\AppData\Local\Temp\ccvkx3yH.s 			page 7


 155 000a 04       		.byte	0x4
 156 000b 01       		.uleb128 0x1
 157 000c 18080000 		.4byte	.LASF69
 158 0010 01       		.byte	0x1
 159 0011 36000000 		.4byte	.LASF70
 160 0015 2C020000 		.4byte	.LASF71
 161 0019 00000000 		.4byte	.Ldebug_ranges0+0
 162 001d 00000000 		.4byte	0
 163 0021 00000000 		.4byte	.Ldebug_line0
 164 0025 02       		.uleb128 0x2
 165 0026 01       		.byte	0x1
 166 0027 06       		.byte	0x6
 167 0028 4F040000 		.4byte	.LASF0
 168 002c 02       		.uleb128 0x2
 169 002d 01       		.byte	0x1
 170 002e 08       		.byte	0x8
 171 002f 04040000 		.4byte	.LASF1
 172 0033 02       		.uleb128 0x2
 173 0034 02       		.byte	0x2
 174 0035 05       		.byte	0x5
 175 0036 48000000 		.4byte	.LASF2
 176 003a 02       		.uleb128 0x2
 177 003b 02       		.byte	0x2
 178 003c 07       		.byte	0x7
 179 003d 47050000 		.4byte	.LASF3
 180 0041 02       		.uleb128 0x2
 181 0042 04       		.byte	0x4
 182 0043 05       		.byte	0x5
 183 0044 C3020000 		.4byte	.LASF4
 184 0048 02       		.uleb128 0x2
 185 0049 04       		.byte	0x4
 186 004a 07       		.byte	0x7
 187 004b E0040000 		.4byte	.LASF5
 188 004f 02       		.uleb128 0x2
 189 0050 08       		.byte	0x8
 190 0051 05       		.byte	0x5
 191 0052 07020000 		.4byte	.LASF6
 192 0056 02       		.uleb128 0x2
 193 0057 08       		.byte	0x8
 194 0058 07       		.byte	0x7
 195 0059 15020000 		.4byte	.LASF7
 196 005d 03       		.uleb128 0x3
 197 005e 04       		.byte	0x4
 198 005f 05       		.byte	0x5
 199 0060 696E7400 		.ascii	"int\000"
 200 0064 02       		.uleb128 0x2
 201 0065 04       		.byte	0x4
 202 0066 07       		.byte	0x7
 203 0067 B8040000 		.4byte	.LASF8
 204 006b 04       		.uleb128 0x4
 205 006c E1050000 		.4byte	.LASF72
 206 0070 02       		.byte	0x2
 207 0071 A3       		.byte	0xa3
 208 0072 48000000 		.4byte	0x48
 209 0076 02       		.uleb128 0x2
 210 0077 04       		.byte	0x4
 211 0078 04       		.byte	0x4
ARM GAS  C:\Users\TANUSH~1\AppData\Local\Temp\ccvkx3yH.s 			page 8


 212 0079 CE010000 		.4byte	.LASF9
 213 007d 02       		.uleb128 0x2
 214 007e 08       		.byte	0x8
 215 007f 04       		.byte	0x4
 216 0080 29060000 		.4byte	.LASF10
 217 0084 02       		.uleb128 0x2
 218 0085 01       		.byte	0x1
 219 0086 08       		.byte	0x8
 220 0087 83050000 		.4byte	.LASF11
 221 008b 02       		.uleb128 0x2
 222 008c 04       		.byte	0x4
 223 008d 07       		.byte	0x7
 224 008e 8A000000 		.4byte	.LASF12
 225 0092 05       		.uleb128 0x5
 226 0093 01       		.byte	0x1
 227 0094 03       		.byte	0x3
 228 0095 52       		.byte	0x52
 229 0096 02020000 		.4byte	0x202
 230 009a 06       		.uleb128 0x6
 231 009b 78010000 		.4byte	.LASF13
 232 009f 00       		.sleb128 0
 233 00a0 06       		.uleb128 0x6
 234 00a1 E3000000 		.4byte	.LASF14
 235 00a5 01       		.sleb128 1
 236 00a6 06       		.uleb128 0x6
 237 00a7 5E070000 		.4byte	.LASF15
 238 00ab 02       		.sleb128 2
 239 00ac 06       		.uleb128 0x6
 240 00ad 53060000 		.4byte	.LASF16
 241 00b1 03       		.sleb128 3
 242 00b2 06       		.uleb128 0x6
 243 00b3 AD000000 		.4byte	.LASF17
 244 00b7 04       		.sleb128 4
 245 00b8 06       		.uleb128 0x6
 246 00b9 55030000 		.4byte	.LASF18
 247 00bd 05       		.sleb128 5
 248 00be 06       		.uleb128 0x6
 249 00bf C3060000 		.4byte	.LASF19
 250 00c3 20       		.sleb128 32
 251 00c4 06       		.uleb128 0x6
 252 00c5 F2040000 		.4byte	.LASF20
 253 00c9 21       		.sleb128 33
 254 00ca 06       		.uleb128 0x6
 255 00cb 00000000 		.4byte	.LASF21
 256 00cf 22       		.sleb128 34
 257 00d0 06       		.uleb128 0x6
 258 00d1 71030000 		.4byte	.LASF22
 259 00d5 23       		.sleb128 35
 260 00d6 06       		.uleb128 0x6
 261 00d7 9C040000 		.4byte	.LASF23
 262 00db 24       		.sleb128 36
 263 00dc 06       		.uleb128 0x6
 264 00dd 52000000 		.4byte	.LASF24
 265 00e1 25       		.sleb128 37
 266 00e2 06       		.uleb128 0x6
 267 00e3 0C030000 		.4byte	.LASF25
 268 00e7 26       		.sleb128 38
ARM GAS  C:\Users\TANUSH~1\AppData\Local\Temp\ccvkx3yH.s 			page 9


 269 00e8 06       		.uleb128 0x6
 270 00e9 ED020000 		.4byte	.LASF26
 271 00ed 27       		.sleb128 39
 272 00ee 06       		.uleb128 0x6
 273 00ef D2070000 		.4byte	.LASF27
 274 00f3 28       		.sleb128 40
 275 00f4 06       		.uleb128 0x6
 276 00f5 2A050000 		.4byte	.LASF28
 277 00f9 29       		.sleb128 41
 278 00fa 06       		.uleb128 0x6
 279 00fb 5A050000 		.4byte	.LASF29
 280 00ff 2A       		.sleb128 42
 281 0100 06       		.uleb128 0x6
 282 0101 94070000 		.4byte	.LASF30
 283 0105 2B       		.sleb128 43
 284 0106 06       		.uleb128 0x6
 285 0107 14010000 		.4byte	.LASF31
 286 010b 2C       		.sleb128 44
 287 010c 06       		.uleb128 0x6
 288 010d 93000000 		.4byte	.LASF32
 289 0111 C000     		.sleb128 64
 290 0113 06       		.uleb128 0x6
 291 0114 C5040000 		.4byte	.LASF33
 292 0118 C100     		.sleb128 65
 293 011a 06       		.uleb128 0x6
 294 011b 6C000000 		.4byte	.LASF34
 295 011f C200     		.sleb128 66
 296 0121 06       		.uleb128 0x6
 297 0122 F6000000 		.4byte	.LASF35
 298 0126 C300     		.sleb128 67
 299 0128 06       		.uleb128 0x6
 300 0129 2C070000 		.4byte	.LASF36
 301 012d C400     		.sleb128 68
 302 012f 06       		.uleb128 0x6
 303 0130 E7060000 		.4byte	.LASF37
 304 0134 C500     		.sleb128 69
 305 0136 06       		.uleb128 0x6
 306 0137 C2000000 		.4byte	.LASF38
 307 013b C600     		.sleb128 70
 308 013d 06       		.uleb128 0x6
 309 013e 31040000 		.4byte	.LASF39
 310 0142 C700     		.sleb128 71
 311 0144 06       		.uleb128 0x6
 312 0145 75040000 		.4byte	.LASF40
 313 0149 C800     		.sleb128 72
 314 014b 06       		.uleb128 0x6
 315 014c D4010000 		.4byte	.LASF41
 316 0150 C900     		.sleb128 73
 317 0152 06       		.uleb128 0x6
 318 0153 A4050000 		.4byte	.LASF42
 319 0157 CA00     		.sleb128 74
 320 0159 06       		.uleb128 0x6
 321 015a 38010000 		.4byte	.LASF43
 322 015e CB00     		.sleb128 75
 323 0160 06       		.uleb128 0x6
 324 0161 5B040000 		.4byte	.LASF44
 325 0165 CC00     		.sleb128 76
ARM GAS  C:\Users\TANUSH~1\AppData\Local\Temp\ccvkx3yH.s 			page 10


 326 0167 06       		.uleb128 0x6
 327 0168 ED010000 		.4byte	.LASF45
 328 016c CD00     		.sleb128 77
 329 016e 06       		.uleb128 0x6
 330 016f 0E070000 		.4byte	.LASF46
 331 0173 CE00     		.sleb128 78
 332 0175 06       		.uleb128 0x6
 333 0176 12040000 		.4byte	.LASF47
 334 017a CF00     		.sleb128 79
 335 017c 06       		.uleb128 0x6
 336 017d B3070000 		.4byte	.LASF48
 337 0181 D000     		.sleb128 80
 338 0183 06       		.uleb128 0x6
 339 0184 C2050000 		.4byte	.LASF49
 340 0188 D100     		.sleb128 81
 341 018a 06       		.uleb128 0x6
 342 018b 34030000 		.4byte	.LASF50
 343 018f D200     		.sleb128 82
 344 0191 06       		.uleb128 0x6
 345 0192 CC020000 		.4byte	.LASF51
 346 0196 D300     		.sleb128 83
 347 0198 06       		.uleb128 0x6
 348 0199 57010000 		.4byte	.LASF52
 349 019d D400     		.sleb128 84
 350 019f 06       		.uleb128 0x6
 351 01a0 F4070000 		.4byte	.LASF53
 352 01a4 D500     		.sleb128 85
 353 01a6 06       		.uleb128 0x6
 354 01a7 DE030000 		.4byte	.LASF54
 355 01ab F000     		.sleb128 112
 356 01ad 06       		.uleb128 0x6
 357 01ae 8B060000 		.4byte	.LASF55
 358 01b2 F100     		.sleb128 113
 359 01b4 06       		.uleb128 0x6
 360 01b5 88050000 		.4byte	.LASF56
 361 01b9 F200     		.sleb128 114
 362 01bb 06       		.uleb128 0x6
 363 01bc 8F010000 		.4byte	.LASF57
 364 01c0 F300     		.sleb128 115
 365 01c2 06       		.uleb128 0x6
 366 01c3 97030000 		.4byte	.LASF58
 367 01c7 F400     		.sleb128 116
 368 01c9 06       		.uleb128 0x6
 369 01ca 09050000 		.4byte	.LASF59
 370 01ce F500     		.sleb128 117
 371 01d0 06       		.uleb128 0x6
 372 01d1 AD010000 		.4byte	.LASF60
 373 01d5 F600     		.sleb128 118
 374 01d7 06       		.uleb128 0x6
 375 01d8 6C060000 		.4byte	.LASF61
 376 01dc F700     		.sleb128 119
 377 01de 06       		.uleb128 0x6
 378 01df 06060000 		.4byte	.LASF62
 379 01e3 F800     		.sleb128 120
 380 01e5 06       		.uleb128 0x6
 381 01e6 30060000 		.4byte	.LASF63
 382 01ea F900     		.sleb128 121
ARM GAS  C:\Users\TANUSH~1\AppData\Local\Temp\ccvkx3yH.s 			page 11


 383 01ec 06       		.uleb128 0x6
 384 01ed 70070000 		.4byte	.LASF64
 385 01f1 FA00     		.sleb128 122
 386 01f3 06       		.uleb128 0x6
 387 01f4 E8050000 		.4byte	.LASF65
 388 01f8 FA01     		.sleb128 250
 389 01fa 06       		.uleb128 0x6
 390 01fb D0030000 		.4byte	.LASF66
 391 01ff FF01     		.sleb128 255
 392 0201 00       		.byte	0
 393 0202 07       		.uleb128 0x7
 394 0203 24000000 		.4byte	.LASF67
 395 0207 01       		.byte	0x1
 396 0208 58       		.byte	0x58
 397 0209 00000000 		.4byte	.LFB35
 398 020d 20000000 		.4byte	.LFE35-.LFB35
 399 0211 01       		.uleb128 0x1
 400 0212 9C       		.byte	0x9c
 401 0213 07       		.uleb128 0x7
 402 0214 4A070000 		.4byte	.LASF68
 403 0218 01       		.byte	0x1
 404 0219 7F       		.byte	0x7f
 405 021a 00000000 		.4byte	.LFB36
 406 021e 48000000 		.4byte	.LFE36-.LFB36
 407 0222 01       		.uleb128 0x1
 408 0223 9C       		.byte	0x9c
 409 0224 08       		.uleb128 0x8
 410 0225 B5030000 		.4byte	.LASF73
 411 0229 01       		.byte	0x1
 412 022a B9       		.byte	0xb9
 413 022b 6B000000 		.4byte	0x6b
 414 022f 00000000 		.4byte	.LFB37
 415 0233 14000000 		.4byte	.LFE37-.LFB37
 416 0237 01       		.uleb128 0x1
 417 0238 9C       		.byte	0x9c
 418 0239 09       		.uleb128 0x9
 419 023a B1060000 		.4byte	.LASF74
 420 023e 01       		.byte	0x1
 421 023f 3D       		.byte	0x3d
 422 0240 6B000000 		.4byte	0x6b
 423 0244 05       		.uleb128 0x5
 424 0245 03       		.byte	0x3
 425 0246 00000000 		.4byte	watchdogTimestamp
 426 024a 00       		.byte	0
 427              		.section	.debug_abbrev,"",%progbits
 428              	.Ldebug_abbrev0:
 429 0000 01       		.uleb128 0x1
 430 0001 11       		.uleb128 0x11
 431 0002 01       		.byte	0x1
 432 0003 25       		.uleb128 0x25
 433 0004 0E       		.uleb128 0xe
 434 0005 13       		.uleb128 0x13
 435 0006 0B       		.uleb128 0xb
 436 0007 03       		.uleb128 0x3
 437 0008 0E       		.uleb128 0xe
 438 0009 1B       		.uleb128 0x1b
 439 000a 0E       		.uleb128 0xe
ARM GAS  C:\Users\TANUSH~1\AppData\Local\Temp\ccvkx3yH.s 			page 12


 440 000b 55       		.uleb128 0x55
 441 000c 17       		.uleb128 0x17
 442 000d 11       		.uleb128 0x11
 443 000e 01       		.uleb128 0x1
 444 000f 10       		.uleb128 0x10
 445 0010 17       		.uleb128 0x17
 446 0011 00       		.byte	0
 447 0012 00       		.byte	0
 448 0013 02       		.uleb128 0x2
 449 0014 24       		.uleb128 0x24
 450 0015 00       		.byte	0
 451 0016 0B       		.uleb128 0xb
 452 0017 0B       		.uleb128 0xb
 453 0018 3E       		.uleb128 0x3e
 454 0019 0B       		.uleb128 0xb
 455 001a 03       		.uleb128 0x3
 456 001b 0E       		.uleb128 0xe
 457 001c 00       		.byte	0
 458 001d 00       		.byte	0
 459 001e 03       		.uleb128 0x3
 460 001f 24       		.uleb128 0x24
 461 0020 00       		.byte	0
 462 0021 0B       		.uleb128 0xb
 463 0022 0B       		.uleb128 0xb
 464 0023 3E       		.uleb128 0x3e
 465 0024 0B       		.uleb128 0xb
 466 0025 03       		.uleb128 0x3
 467 0026 08       		.uleb128 0x8
 468 0027 00       		.byte	0
 469 0028 00       		.byte	0
 470 0029 04       		.uleb128 0x4
 471 002a 16       		.uleb128 0x16
 472 002b 00       		.byte	0
 473 002c 03       		.uleb128 0x3
 474 002d 0E       		.uleb128 0xe
 475 002e 3A       		.uleb128 0x3a
 476 002f 0B       		.uleb128 0xb
 477 0030 3B       		.uleb128 0x3b
 478 0031 0B       		.uleb128 0xb
 479 0032 49       		.uleb128 0x49
 480 0033 13       		.uleb128 0x13
 481 0034 00       		.byte	0
 482 0035 00       		.byte	0
 483 0036 05       		.uleb128 0x5
 484 0037 04       		.uleb128 0x4
 485 0038 01       		.byte	0x1
 486 0039 0B       		.uleb128 0xb
 487 003a 0B       		.uleb128 0xb
 488 003b 3A       		.uleb128 0x3a
 489 003c 0B       		.uleb128 0xb
 490 003d 3B       		.uleb128 0x3b
 491 003e 0B       		.uleb128 0xb
 492 003f 01       		.uleb128 0x1
 493 0040 13       		.uleb128 0x13
 494 0041 00       		.byte	0
 495 0042 00       		.byte	0
 496 0043 06       		.uleb128 0x6
ARM GAS  C:\Users\TANUSH~1\AppData\Local\Temp\ccvkx3yH.s 			page 13


 497 0044 28       		.uleb128 0x28
 498 0045 00       		.byte	0
 499 0046 03       		.uleb128 0x3
 500 0047 0E       		.uleb128 0xe
 501 0048 1C       		.uleb128 0x1c
 502 0049 0D       		.uleb128 0xd
 503 004a 00       		.byte	0
 504 004b 00       		.byte	0
 505 004c 07       		.uleb128 0x7
 506 004d 2E       		.uleb128 0x2e
 507 004e 00       		.byte	0
 508 004f 3F       		.uleb128 0x3f
 509 0050 19       		.uleb128 0x19
 510 0051 03       		.uleb128 0x3
 511 0052 0E       		.uleb128 0xe
 512 0053 3A       		.uleb128 0x3a
 513 0054 0B       		.uleb128 0xb
 514 0055 3B       		.uleb128 0x3b
 515 0056 0B       		.uleb128 0xb
 516 0057 27       		.uleb128 0x27
 517 0058 19       		.uleb128 0x19
 518 0059 11       		.uleb128 0x11
 519 005a 01       		.uleb128 0x1
 520 005b 12       		.uleb128 0x12
 521 005c 06       		.uleb128 0x6
 522 005d 40       		.uleb128 0x40
 523 005e 18       		.uleb128 0x18
 524 005f 9642     		.uleb128 0x2116
 525 0061 19       		.uleb128 0x19
 526 0062 00       		.byte	0
 527 0063 00       		.byte	0
 528 0064 08       		.uleb128 0x8
 529 0065 2E       		.uleb128 0x2e
 530 0066 00       		.byte	0
 531 0067 3F       		.uleb128 0x3f
 532 0068 19       		.uleb128 0x19
 533 0069 03       		.uleb128 0x3
 534 006a 0E       		.uleb128 0xe
 535 006b 3A       		.uleb128 0x3a
 536 006c 0B       		.uleb128 0xb
 537 006d 3B       		.uleb128 0x3b
 538 006e 0B       		.uleb128 0xb
 539 006f 27       		.uleb128 0x27
 540 0070 19       		.uleb128 0x19
 541 0071 49       		.uleb128 0x49
 542 0072 13       		.uleb128 0x13
 543 0073 11       		.uleb128 0x11
 544 0074 01       		.uleb128 0x1
 545 0075 12       		.uleb128 0x12
 546 0076 06       		.uleb128 0x6
 547 0077 40       		.uleb128 0x40
 548 0078 18       		.uleb128 0x18
 549 0079 9742     		.uleb128 0x2117
 550 007b 19       		.uleb128 0x19
 551 007c 00       		.byte	0
 552 007d 00       		.byte	0
 553 007e 09       		.uleb128 0x9
ARM GAS  C:\Users\TANUSH~1\AppData\Local\Temp\ccvkx3yH.s 			page 14


 554 007f 34       		.uleb128 0x34
 555 0080 00       		.byte	0
 556 0081 03       		.uleb128 0x3
 557 0082 0E       		.uleb128 0xe
 558 0083 3A       		.uleb128 0x3a
 559 0084 0B       		.uleb128 0xb
 560 0085 3B       		.uleb128 0x3b
 561 0086 0B       		.uleb128 0xb
 562 0087 49       		.uleb128 0x49
 563 0088 13       		.uleb128 0x13
 564 0089 02       		.uleb128 0x2
 565 008a 18       		.uleb128 0x18
 566 008b 00       		.byte	0
 567 008c 00       		.byte	0
 568 008d 00       		.byte	0
 569              		.section	.debug_aranges,"",%progbits
 570 0000 2C000000 		.4byte	0x2c
 571 0004 0200     		.2byte	0x2
 572 0006 00000000 		.4byte	.Ldebug_info0
 573 000a 04       		.byte	0x4
 574 000b 00       		.byte	0
 575 000c 0000     		.2byte	0
 576 000e 0000     		.2byte	0
 577 0010 00000000 		.4byte	.LFB35
 578 0014 20000000 		.4byte	.LFE35-.LFB35
 579 0018 00000000 		.4byte	.LFB36
 580 001c 48000000 		.4byte	.LFE36-.LFB36
 581 0020 00000000 		.4byte	.LFB37
 582 0024 14000000 		.4byte	.LFE37-.LFB37
 583 0028 00000000 		.4byte	0
 584 002c 00000000 		.4byte	0
 585              		.section	.debug_ranges,"",%progbits
 586              	.Ldebug_ranges0:
 587 0000 00000000 		.4byte	.LFB35
 588 0004 20000000 		.4byte	.LFE35
 589 0008 00000000 		.4byte	.LFB36
 590 000c 48000000 		.4byte	.LFE36
 591 0010 00000000 		.4byte	.LFB37
 592 0014 14000000 		.4byte	.LFE37
 593 0018 00000000 		.4byte	0
 594 001c 00000000 		.4byte	0
 595              		.section	.debug_line,"",%progbits
 596              	.Ldebug_line0:
 597 0000 A1000000 		.section	.debug_str,"MS",%progbits,1
 597      02005B00 
 597      00000201 
 597      FB0E0D00 
 597      01010101 
 598              	.LASF21:
 599 0000 4359424C 		.ascii	"CYBLE_EVT_GAP_PASSKEY_ENTRY_REQUEST\000"
 599      455F4556 
 599      545F4741 
 599      505F5041 
 599      53534B45 
 600              	.LASF67:
 601 0024 57617463 		.ascii	"WatchdogTimer_Isr\000"
 601      68646F67 
ARM GAS  C:\Users\TANUSH~1\AppData\Local\Temp\ccvkx3yH.s 			page 15


 601      54696D65 
 601      725F4973 
 601      7200
 602              	.LASF70:
 603 0036 2E5C5761 		.ascii	".\\WatchdogTimer.c\000"
 603      74636864 
 603      6F675469 
 603      6D65722E 
 603      6300
 604              	.LASF2:
 605 0048 73686F72 		.ascii	"short int\000"
 605      7420696E 
 605      7400
 606              	.LASF24:
 607 0052 4359424C 		.ascii	"CYBLE_EVT_GAP_AUTH_FAILED\000"
 607      455F4556 
 607      545F4741 
 607      505F4155 
 607      54485F46 
 608              	.LASF34:
 609 006c 4359424C 		.ascii	"CYBLE_EVT_GATT_DISCONNECT_IND\000"
 609      455F4556 
 609      545F4741 
 609      54545F44 
 609      4953434F 
 610              	.LASF12:
 611 008a 73697A65 		.ascii	"sizetype\000"
 611      74797065 
 611      00
 612              	.LASF32:
 613 0093 4359424C 		.ascii	"CYBLE_EVT_GATTC_ERROR_RSP\000"
 613      455F4556 
 613      545F4741 
 613      5454435F 
 613      4552524F 
 614              	.LASF17:
 615 00ad 4359424C 		.ascii	"CYBLE_EVT_HCI_STATUS\000"
 615      455F4556 
 615      545F4843 
 615      495F5354 
 615      41545553 
 616              	.LASF38:
 617 00c2 4359424C 		.ascii	"CYBLE_EVT_GATTC_READ_BY_TYPE_RSP\000"
 617      455F4556 
 617      545F4741 
 617      5454435F 
 617      52454144 
 618              	.LASF14:
 619 00e3 4359424C 		.ascii	"CYBLE_EVT_STACK_ON\000"
 619      455F4556 
 619      545F5354 
 619      41434B5F 
 619      4F4E00
 620              	.LASF35:
 621 00f6 4359424C 		.ascii	"CYBLE_EVT_GATTS_XCNHG_MTU_REQ\000"
 621      455F4556 
 621      545F4741 
ARM GAS  C:\Users\TANUSH~1\AppData\Local\Temp\ccvkx3yH.s 			page 16


 621      5454535F 
 621      58434E48 
 622              	.LASF31:
 623 0114 4359424C 		.ascii	"CYBLE_EVT_GAP_KEYINFO_EXCHNGE_CMPLT\000"
 623      455F4556 
 623      545F4741 
 623      505F4B45 
 623      59494E46 
 624              	.LASF43:
 625 0138 4359424C 		.ascii	"CYBLE_EVT_GATTC_READ_MULTI_RSP\000"
 625      455F4556 
 625      545F4741 
 625      5454435F 
 625      52454144 
 626              	.LASF52:
 627 0157 4359424C 		.ascii	"CYBLE_EVT_GATTS_HANDLE_VALUE_CNF\000"
 627      455F4556 
 627      545F4741 
 627      5454535F 
 627      48414E44 
 628              	.LASF13:
 629 0178 4359424C 		.ascii	"CYBLE_EVT_HOST_INVALID\000"
 629      455F4556 
 629      545F484F 
 629      53545F49 
 629      4E56414C 
 630              	.LASF57:
 631 018f 4359424C 		.ascii	"CYBLE_EVT_L2CAP_CBFC_CONN_IND\000"
 631      455F4556 
 631      545F4C32 
 631      4341505F 
 631      43424643 
 632              	.LASF60:
 633 01ad 4359424C 		.ascii	"CYBLE_EVT_L2CAP_CBFC_DISCONN_CNF\000"
 633      455F4556 
 633      545F4C32 
 633      4341505F 
 633      43424643 
 634              	.LASF9:
 635 01ce 666C6F61 		.ascii	"float\000"
 635      7400
 636              	.LASF41:
 637 01d4 4359424C 		.ascii	"CYBLE_EVT_GATTC_READ_RSP\000"
 637      455F4556 
 637      545F4741 
 637      5454435F 
 637      52454144 
 638              	.LASF45:
 639 01ed 4359424C 		.ascii	"CYBLE_EVT_GATTC_WRITE_RSP\000"
 639      455F4556 
 639      545F4741 
 639      5454435F 
 639      57524954 
 640              	.LASF6:
 641 0207 6C6F6E67 		.ascii	"long long int\000"
 641      206C6F6E 
 641      6720696E 
ARM GAS  C:\Users\TANUSH~1\AppData\Local\Temp\ccvkx3yH.s 			page 17


 641      7400
 642              	.LASF7:
 643 0215 6C6F6E67 		.ascii	"long long unsigned int\000"
 643      206C6F6E 
 643      6720756E 
 643      7369676E 
 643      65642069 
 644              	.LASF71:
 645 022c 433A5C55 		.ascii	"C:\\Users\\tanushree\\Desktop\\SES\\Project\\PSoC_4"
 645      73657273 
 645      5C74616E 
 645      75736872 
 645      65655C44 
 646 0259 5F424C45 		.ascii	"_BLE_CapSense_Proximity.cywrk.Archive01\\PSoC_4_BLE"
 646      5F436170 
 646      53656E73 
 646      655F5072 
 646      6F78696D 
 647 028b 5F436170 		.ascii	"_CapSense_Proximity\\PSoC_4_BLE_CapSense_Proximity."
 647      53656E73 
 647      655F5072 
 647      6F78696D 
 647      6974795C 
 648 02bd 63796473 		.ascii	"cydsn\000"
 648      6E00
 649              	.LASF4:
 650 02c3 6C6F6E67 		.ascii	"long int\000"
 650      20696E74 
 650      00
 651              	.LASF51:
 652 02cc 4359424C 		.ascii	"CYBLE_EVT_GATTC_HANDLE_VALUE_IND\000"
 652      455F4556 
 652      545F4741 
 652      5454435F 
 652      48414E44 
 653              	.LASF26:
 654 02ed 4359424C 		.ascii	"CYBLE_EVT_GAP_DEVICE_CONNECTED\000"
 654      455F4556 
 654      545F4741 
 654      505F4445 
 654      56494345 
 655              	.LASF25:
 656 030c 4359424C 		.ascii	"CYBLE_EVT_GAPP_ADVERTISEMENT_START_STOP\000"
 656      455F4556 
 656      545F4741 
 656      50505F41 
 656      44564552 
 657              	.LASF50:
 658 0334 4359424C 		.ascii	"CYBLE_EVT_GATTC_HANDLE_VALUE_NTF\000"
 658      455F4556 
 658      545F4741 
 658      5454435F 
 658      48414E44 
 659              	.LASF18:
 660 0355 4359424C 		.ascii	"CYBLE_EVT_STACK_BUSY_STATUS\000"
 660      455F4556 
 660      545F5354 
ARM GAS  C:\Users\TANUSH~1\AppData\Local\Temp\ccvkx3yH.s 			page 18


 660      41434B5F 
 660      42555359 
 661              	.LASF22:
 662 0371 4359424C 		.ascii	"CYBLE_EVT_GAP_PASSKEY_DISPLAY_REQUEST\000"
 662      455F4556 
 662      545F4741 
 662      505F5041 
 662      53534B45 
 663              	.LASF58:
 664 0397 4359424C 		.ascii	"CYBLE_EVT_L2CAP_CBFC_CONN_CNF\000"
 664      455F4556 
 664      545F4C32 
 664      4341505F 
 664      43424643 
 665              	.LASF73:
 666 03b5 57617463 		.ascii	"WatchdogTimer_GetTimestamp\000"
 666      68646F67 
 666      54696D65 
 666      725F4765 
 666      7454696D 
 667              	.LASF66:
 668 03d0 4359424C 		.ascii	"CYBLE_EVT_MAX\000"
 668      455F4556 
 668      545F4D41 
 668      5800
 669              	.LASF54:
 670 03de 4359424C 		.ascii	"CYBLE_EVT_L2CAP_CONN_PARAM_UPDATE_REQ\000"
 670      455F4556 
 670      545F4C32 
 670      4341505F 
 670      434F4E4E 
 671              	.LASF1:
 672 0404 756E7369 		.ascii	"unsigned char\000"
 672      676E6564 
 672      20636861 
 672      7200
 673              	.LASF47:
 674 0412 4359424C 		.ascii	"CYBLE_EVT_GATTS_PREP_WRITE_REQ\000"
 674      455F4556 
 674      545F4741 
 674      5454535F 
 674      50524550 
 675              	.LASF39:
 676 0431 4359424C 		.ascii	"CYBLE_EVT_GATTC_FIND_INFO_RSP\000"
 676      455F4556 
 676      545F4741 
 676      5454435F 
 676      46494E44 
 677              	.LASF0:
 678 044f 7369676E 		.ascii	"signed char\000"
 678      65642063 
 678      68617200 
 679              	.LASF44:
 680 045b 4359424C 		.ascii	"CYBLE_EVT_GATTS_WRITE_REQ\000"
 680      455F4556 
 680      545F4741 
 680      5454535F 
ARM GAS  C:\Users\TANUSH~1\AppData\Local\Temp\ccvkx3yH.s 			page 19


 680      57524954 
 681              	.LASF40:
 682 0475 4359424C 		.ascii	"CYBLE_EVT_GATTC_FIND_BY_TYPE_VALUE_RSP\000"
 682      455F4556 
 682      545F4741 
 682      5454435F 
 682      46494E44 
 683              	.LASF23:
 684 049c 4359424C 		.ascii	"CYBLE_EVT_GAP_AUTH_COMPLETE\000"
 684      455F4556 
 684      545F4741 
 684      505F4155 
 684      54485F43 
 685              	.LASF8:
 686 04b8 756E7369 		.ascii	"unsigned int\000"
 686      676E6564 
 686      20696E74 
 686      00
 687              	.LASF33:
 688 04c5 4359424C 		.ascii	"CYBLE_EVT_GATT_CONNECT_IND\000"
 688      455F4556 
 688      545F4741 
 688      54545F43 
 688      4F4E4E45 
 689              	.LASF5:
 690 04e0 6C6F6E67 		.ascii	"long unsigned int\000"
 690      20756E73 
 690      69676E65 
 690      6420696E 
 690      7400
 691              	.LASF20:
 692 04f2 4359424C 		.ascii	"CYBLE_EVT_GAP_AUTH_REQ\000"
 692      455F4556 
 692      545F4741 
 692      505F4155 
 692      54485F52 
 693              	.LASF59:
 694 0509 4359424C 		.ascii	"CYBLE_EVT_L2CAP_CBFC_DISCONN_IND\000"
 694      455F4556 
 694      545F4C32 
 694      4341505F 
 694      43424643 
 695              	.LASF28:
 696 052a 4359424C 		.ascii	"CYBLE_EVT_GAP_ENCRYPT_CHANGE\000"
 696      455F4556 
 696      545F4741 
 696      505F454E 
 696      43525950 
 697              	.LASF3:
 698 0547 73686F72 		.ascii	"short unsigned int\000"
 698      7420756E 
 698      7369676E 
 698      65642069 
 698      6E7400
 699              	.LASF29:
 700 055a 4359424C 		.ascii	"CYBLE_EVT_GAP_CONNECTION_UPDATE_COMPLETE\000"
 700      455F4556 
ARM GAS  C:\Users\TANUSH~1\AppData\Local\Temp\ccvkx3yH.s 			page 20


 700      545F4741 
 700      505F434F 
 700      4E4E4543 
 701              	.LASF11:
 702 0583 63686172 		.ascii	"char\000"
 702      00
 703              	.LASF56:
 704 0588 4359424C 		.ascii	"CYBLE_EVT_L2CAP_COMMAND_REJ\000"
 704      455F4556 
 704      545F4C32 
 704      4341505F 
 704      434F4D4D 
 705              	.LASF42:
 706 05a4 4359424C 		.ascii	"CYBLE_EVT_GATTC_READ_BLOB_RSP\000"
 706      455F4556 
 706      545F4741 
 706      5454435F 
 706      52454144 
 707              	.LASF49:
 708 05c2 4359424C 		.ascii	"CYBLE_EVT_GATTC_EXEC_WRITE_RSP\000"
 708      455F4556 
 708      545F4741 
 708      5454435F 
 708      45584543 
 709              	.LASF72:
 710 05e1 75696E74 		.ascii	"uint32\000"
 710      333200
 711              	.LASF65:
 712 05e8 4359424C 		.ascii	"CYBLE_EVT_PENDING_FLASH_WRITE\000"
 712      455F4556 
 712      545F5045 
 712      4E44494E 
 712      475F464C 
 713              	.LASF62:
 714 0606 4359424C 		.ascii	"CYBLE_EVT_L2CAP_CBFC_RX_CREDIT_IND\000"
 714      455F4556 
 714      545F4C32 
 714      4341505F 
 714      43424643 
 715              	.LASF10:
 716 0629 646F7562 		.ascii	"double\000"
 716      6C6500
 717              	.LASF63:
 718 0630 4359424C 		.ascii	"CYBLE_EVT_L2CAP_CBFC_TX_CREDIT_IND\000"
 718      455F4556 
 718      545F4C32 
 718      4341505F 
 718      43424643 
 719              	.LASF16:
 720 0653 4359424C 		.ascii	"CYBLE_EVT_HARDWARE_ERROR\000"
 720      455F4556 
 720      545F4841 
 720      52445741 
 720      52455F45 
 721              	.LASF61:
 722 066c 4359424C 		.ascii	"CYBLE_EVT_L2CAP_CBFC_DATA_READ\000"
 722      455F4556 
ARM GAS  C:\Users\TANUSH~1\AppData\Local\Temp\ccvkx3yH.s 			page 21


 722      545F4C32 
 722      4341505F 
 722      43424643 
 723              	.LASF55:
 724 068b 4359424C 		.ascii	"CYBLE_EVT_L2CAP_CONN_PARAM_UPDATE_RSP\000"
 724      455F4556 
 724      545F4C32 
 724      4341505F 
 724      434F4E4E 
 725              	.LASF74:
 726 06b1 77617463 		.ascii	"watchdogTimestamp\000"
 726      68646F67 
 726      54696D65 
 726      7374616D 
 726      7000
 727              	.LASF19:
 728 06c3 4359424C 		.ascii	"CYBLE_EVT_GAPC_SCAN_PROGRESS_RESULT\000"
 728      455F4556 
 728      545F4741 
 728      50435F53 
 728      43414E5F 
 729              	.LASF37:
 730 06e7 4359424C 		.ascii	"CYBLE_EVT_GATTC_READ_BY_GROUP_TYPE_RSP\000"
 730      455F4556 
 730      545F4741 
 730      5454435F 
 730      52454144 
 731              	.LASF46:
 732 070e 4359424C 		.ascii	"CYBLE_EVT_GATTS_WRITE_CMD_REQ\000"
 732      455F4556 
 732      545F4741 
 732      5454535F 
 732      57524954 
 733              	.LASF36:
 734 072c 4359424C 		.ascii	"CYBLE_EVT_GATTC_XCHNG_MTU_RSP\000"
 734      455F4556 
 734      545F4741 
 734      5454435F 
 734      5843484E 
 735              	.LASF68:
 736 074a 57617463 		.ascii	"WatchdogTimer_Start\000"
 736      68646F67 
 736      54696D65 
 736      725F5374 
 736      61727400 
 737              	.LASF15:
 738 075e 4359424C 		.ascii	"CYBLE_EVT_TIMEOUT\000"
 738      455F4556 
 738      545F5449 
 738      4D454F55 
 738      5400
 739              	.LASF64:
 740 0770 4359424C 		.ascii	"CYBLE_EVT_L2CAP_CBFC_DATA_WRITE_IND\000"
 740      455F4556 
 740      545F4C32 
 740      4341505F 
 740      43424643 
ARM GAS  C:\Users\TANUSH~1\AppData\Local\Temp\ccvkx3yH.s 			page 22


 741              	.LASF30:
 742 0794 4359424C 		.ascii	"CYBLE_EVT_GAPC_SCAN_START_STOP\000"
 742      455F4556 
 742      545F4741 
 742      50435F53 
 742      43414E5F 
 743              	.LASF48:
 744 07b3 4359424C 		.ascii	"CYBLE_EVT_GATTS_EXEC_WRITE_REQ\000"
 744      455F4556 
 744      545F4741 
 744      5454535F 
 744      45584543 
 745              	.LASF27:
 746 07d2 4359424C 		.ascii	"CYBLE_EVT_GAP_DEVICE_DISCONNECTED\000"
 746      455F4556 
 746      545F4741 
 746      505F4445 
 746      56494345 
 747              	.LASF53:
 748 07f4 4359424C 		.ascii	"CYBLE_EVT_GATTS_DATA_SIGNED_CMD_REQ\000"
 748      455F4556 
 748      545F4741 
 748      5454535F 
 748      44415441 
 749              	.LASF69:
 750 0818 474E5520 		.ascii	"GNU C 4.8.4 20140526 (release) [ARM/embedded-4_8-br"
 750      4320342E 
 750      382E3420 
 750      32303134 
 750      30353236 
 751 084b 616E6368 		.ascii	"anch revision 211358] -mcpu=cortex-m0 -mthumb -g -O"
 751      20726576 
 751      6973696F 
 751      6E203231 
 751      31333538 
 752 087e 30202D66 		.ascii	"0 -ffunction-sections\000"
 752      66756E63 
 752      74696F6E 
 752      2D736563 
 752      74696F6E 
 753              		.ident	"GCC: (GNU Tools for ARM Embedded Processors) 4.8.4 20140526 (release) [ARM/embedded-4_8-br
