ARM GAS  C:\Users\KEVINH~1\AppData\Local\Temp\ccQYqYSv.s 			page 1


   1              		.cpu cortex-m0
   2              		.fpu softvfp
   3              		.eabi_attribute 20, 1
   4              		.eabi_attribute 21, 1
   5              		.eabi_attribute 23, 3
   6              		.eabi_attribute 24, 1
   7              		.eabi_attribute 25, 1
   8              		.eabi_attribute 26, 1
   9              		.eabi_attribute 30, 6
  10              		.eabi_attribute 34, 0
  11              		.eabi_attribute 18, 4
  12              		.code	16
  13              		.file	"BLEApplications.c"
  14              		.text
  15              	.Ltext0:
  16              		.cfi_sections	.debug_frame
  17              		.comm	rgbHandle,12,4
  18              		.global	sendCapSenseSliderNotifications
  19              		.bss
  20              		.type	sendCapSenseSliderNotifications, %object
  21              		.size	sendCapSenseSliderNotifications, 1
  22              	sendCapSenseSliderNotifications:
  23 0000 00       		.space	1
  24              		.comm	RGBledData,4,4
  25              		.global	deviceConnected
  26              		.type	deviceConnected, %object
  27              		.size	deviceConnected, 1
  28              	deviceConnected:
  29 0001 00       		.space	1
  30              		.section	.text.CustomEventHandler,"ax",%progbits
  31              		.align	2
  32              		.global	CustomEventHandler
  33              		.code	16
  34              		.thumb_func
  35              		.type	CustomEventHandler, %function
  36              	CustomEventHandler:
  37              	.LFB35:
  38              		.file 1 ".\\BLEApplications.c"
   1:.\BLEApplications.c **** /*****************************************************************************
   2:.\BLEApplications.c **** * File Name: BleApplications.c
   3:.\BLEApplications.c **** *
   4:.\BLEApplications.c **** * Version: 1.0
   5:.\BLEApplications.c **** *
   6:.\BLEApplications.c **** * Description:
   7:.\BLEApplications.c **** * This file implements the BLE capability in the PSoC 4 BLE Lab 4.
   8:.\BLEApplications.c **** *
   9:.\BLEApplications.c **** * Hardware Dependency:
  10:.\BLEApplications.c **** * CY8CKIT-042 BLE Pioneer Kit
  11:.\BLEApplications.c **** *
  12:.\BLEApplications.c **** ******************************************************************************
  13:.\BLEApplications.c **** * Copyright (2014), Cypress Semiconductor Corporation.
  14:.\BLEApplications.c **** ******************************************************************************
  15:.\BLEApplications.c **** * This software is owned by Cypress Semiconductor Corporation (Cypress) and is
  16:.\BLEApplications.c **** * protected by and subject to worldwide patent protection (United States and
  17:.\BLEApplications.c **** * foreign), United States copyright laws and international treaty provisions.
  18:.\BLEApplications.c **** * Cypress hereby grants to licensee a personal, non-exclusive, non-transferable
  19:.\BLEApplications.c **** * license to copy, use, modify, create derivative works of, and compile the
ARM GAS  C:\Users\KEVINH~1\AppData\Local\Temp\ccQYqYSv.s 			page 2


  20:.\BLEApplications.c **** * Cypress Source Code and derivative works for the sole purpose of creating
  21:.\BLEApplications.c **** * custom software in support of licensee product to be used only in conjunction
  22:.\BLEApplications.c **** * with a Cypress integrated circuit as specified in the applicable agreement.
  23:.\BLEApplications.c **** * Any reproduction, modification, translation, compilation, or representation of
  24:.\BLEApplications.c **** * this software except as specified above is prohibited without the express
  25:.\BLEApplications.c **** * written permission of Cypress.
  26:.\BLEApplications.c **** *
  27:.\BLEApplications.c **** * Disclaimer: CYPRESS MAKES NO WARRANTY OF ANY KIND, EXPRESS OR IMPLIED, WITH
  28:.\BLEApplications.c **** * REGARD TO THIS MATERIAL, INCLUDING, BUT NOT LIMITED TO, THE IMPLIED
  29:.\BLEApplications.c **** * WARRANTIES OF MERCHANTABILITY AND FITNESS FOR A PARTICULAR PURPOSE.
  30:.\BLEApplications.c **** * Cypress reserves the right to make changes without further notice to the
  31:.\BLEApplications.c **** * materials described herein. Cypress does not assume any liability arising out
  32:.\BLEApplications.c **** * of the application or use of any product or circuit described herein. Cypress
  33:.\BLEApplications.c **** * does not authorize its products for use as critical components in life-support
  34:.\BLEApplications.c **** * systems where a malfunction or failure may reasonably be expected to result in
  35:.\BLEApplications.c **** * significant injury to the user. The inclusion of Cypress' product in a life-
  36:.\BLEApplications.c **** * support systems application implies that the manufacturer assumes all risk of
  37:.\BLEApplications.c **** * such use and in doing so indemnifies Cypress against all charges. Use may be
  38:.\BLEApplications.c **** * limited by and subject to the applicable Cypress software license agreement.
  39:.\BLEApplications.c **** *****************************************************************************/
  40:.\BLEApplications.c **** 
  41:.\BLEApplications.c **** /*****************************************************************************
  42:.\BLEApplications.c **** * Included headers
  43:.\BLEApplications.c **** *****************************************************************************/
  44:.\BLEApplications.c **** #include <main.h>
  45:.\BLEApplications.c **** #include <BLEApplications.h>
  46:.\BLEApplications.c **** 
  47:.\BLEApplications.c **** 
  48:.\BLEApplications.c **** /*****************************************************************************
  49:.\BLEApplications.c **** * Static variables 
  50:.\BLEApplications.c **** *****************************************************************************/
  51:.\BLEApplications.c **** 
  52:.\BLEApplications.c **** /* 'rgbHandle' stores RGB control data parameters */
  53:.\BLEApplications.c **** CYBLE_GATT_HANDLE_VALUE_PAIR_T		rgbHandle;	
  54:.\BLEApplications.c **** 
  55:.\BLEApplications.c **** /*This flag is set when the Central device writes to CCC (Client Characteristic 
  56:.\BLEApplications.c **** * Configuration) of the CapSense slider Characteristic to enable notifications */
  57:.\BLEApplications.c **** uint8 sendCapSenseSliderNotifications = FALSE;	
  58:.\BLEApplications.c **** 
  59:.\BLEApplications.c **** /* Array to store the present RGB LED control data. The 4 bytes 
  60:.\BLEApplications.c **** * of the array represents {R, G, B, Intensity} */
  61:.\BLEApplications.c **** uint8 RGBledData[4];
  62:.\BLEApplications.c **** 
  63:.\BLEApplications.c **** /* This flag is used by application to know whether a Central 
  64:.\BLEApplications.c **** * device has been connected. This is updated in BLE event callback 
  65:.\BLEApplications.c **** * function*/
  66:.\BLEApplications.c **** uint8 deviceConnected = FALSE;
  67:.\BLEApplications.c **** 
  68:.\BLEApplications.c **** 
  69:.\BLEApplications.c **** /*******************************************************************************
  70:.\BLEApplications.c **** * Function Name: CustomEventHandler
  71:.\BLEApplications.c **** ********************************************************************************
  72:.\BLEApplications.c **** * Summary:
  73:.\BLEApplications.c **** * Call back event function to handle various events from BLE stack
  74:.\BLEApplications.c **** *
  75:.\BLEApplications.c **** * Parameters:
  76:.\BLEApplications.c **** *  event:		event returned
ARM GAS  C:\Users\KEVINH~1\AppData\Local\Temp\ccQYqYSv.s 			page 3


  77:.\BLEApplications.c **** *  eventParam:	link to value of the events returned
  78:.\BLEApplications.c **** *
  79:.\BLEApplications.c **** * Return:
  80:.\BLEApplications.c **** *  void
  81:.\BLEApplications.c **** *
  82:.\BLEApplications.c **** *******************************************************************************/
  83:.\BLEApplications.c **** void CustomEventHandler(uint32 event, void * eventParam)
  84:.\BLEApplications.c **** {
  39              		.loc 1 84 0
  40              		.cfi_startproc
  41 0000 80B5     		push	{r7, lr}
  42              		.cfi_def_cfa_offset 8
  43              		.cfi_offset 7, -8
  44              		.cfi_offset 14, -4
  45 0002 88B0     		sub	sp, sp, #32
  46              		.cfi_def_cfa_offset 40
  47 0004 00AF     		add	r7, sp, #0
  48              		.cfi_def_cfa_register 7
  49 0006 7860     		str	r0, [r7, #4]
  50 0008 3960     		str	r1, [r7]
  85:.\BLEApplications.c ****     /* Local variable to strore the write request parameters */
  86:.\BLEApplications.c **** 	CYBLE_GATTS_WRITE_REQ_PARAM_T *wrReqParam;
  87:.\BLEApplications.c ****     
  88:.\BLEApplications.c ****     /* Local variable to store the current CCCD value */
  89:.\BLEApplications.c **** 	uint8 CapSenseCCCDvalue[2];
  90:.\BLEApplications.c **** 	
  91:.\BLEApplications.c **** 	/* Handle value to update the CCCD */
  92:.\BLEApplications.c **** 	CYBLE_GATT_HANDLE_VALUE_PAIR_T CapSenseNotificationCCCDhandle;
  93:.\BLEApplications.c ****    
  94:.\BLEApplications.c ****     switch(event)
  51              		.loc 1 94 0
  52 000a 7B68     		ldr	r3, [r7, #4]
  53 000c 282B     		cmp	r3, #40
  54 000e 0CD0     		beq	.L3
  55 0010 04D8     		bhi	.L4
  56 0012 012B     		cmp	r3, #1
  57 0014 09D0     		beq	.L3
  58 0016 262B     		cmp	r3, #38
  59 0018 0BD0     		beq	.L5
  95:.\BLEApplications.c ****     {
  96:.\BLEApplications.c ****         case CYBLE_EVT_STACK_ON:
  97:.\BLEApplications.c ****         case CYBLE_EVT_GAP_DEVICE_DISCONNECTED:
  98:.\BLEApplications.c **** 			/* Start Advertisement and enter Discoverable mode*/
  99:.\BLEApplications.c **** 			CyBle_GappStartAdvertisement(CYBLE_ADVERTISING_FAST);
 100:.\BLEApplications.c **** 			break;
 101:.\BLEApplications.c **** 			
 102:.\BLEApplications.c **** 		case CYBLE_EVT_GAPP_ADVERTISEMENT_START_STOP:
 103:.\BLEApplications.c **** 			/* Set the BLE state variable to control LED status */
 104:.\BLEApplications.c ****             if(CYBLE_STATE_DISCONNECTED == CyBle_GetState())
 105:.\BLEApplications.c ****             {
 106:.\BLEApplications.c ****                 /* Start Advertisement and enter Discoverable mode*/
 107:.\BLEApplications.c ****                 CyBle_GappStartAdvertisement(CYBLE_ADVERTISING_FAST);
 108:.\BLEApplications.c ****             }
 109:.\BLEApplications.c **** 			break;
 110:.\BLEApplications.c **** 			
 111:.\BLEApplications.c ****         case CYBLE_EVT_GATT_CONNECT_IND:
 112:.\BLEApplications.c **** 			/* This flag is used in application to check connection status */
ARM GAS  C:\Users\KEVINH~1\AppData\Local\Temp\ccQYqYSv.s 			page 4


 113:.\BLEApplications.c **** 			deviceConnected = TRUE;
 114:.\BLEApplications.c **** 			break;
 115:.\BLEApplications.c ****         
 116:.\BLEApplications.c ****         case CYBLE_EVT_GATT_DISCONNECT_IND:
 117:.\BLEApplications.c **** 			/* Update deviceConnected flag*/
 118:.\BLEApplications.c **** 			deviceConnected = FALSE;
 119:.\BLEApplications.c **** 			
 120:.\BLEApplications.c **** 			/* Reset CapSense notification flag to prevent further notifications
 121:.\BLEApplications.c **** 			 * being sent to Central device after next connection. */
 122:.\BLEApplications.c **** 			sendCapSenseSliderNotifications = FALSE;
 123:.\BLEApplications.c **** 			
 124:.\BLEApplications.c **** 			/* Reset the color coordinates */
 125:.\BLEApplications.c **** 			RGBledData[RED_INDEX] = ZERO;
 126:.\BLEApplications.c ****             RGBledData[GREEN_INDEX] = ZERO;
 127:.\BLEApplications.c ****             RGBledData[BLUE_INDEX] = ZERO;
 128:.\BLEApplications.c ****             RGBledData[INTENSITY_INDEX] = ZERO;
 129:.\BLEApplications.c **** 			UpdateRGBled();
 130:.\BLEApplications.c **** 
 131:.\BLEApplications.c **** 			break;
 132:.\BLEApplications.c ****         
 133:.\BLEApplications.c ****             
 134:.\BLEApplications.c ****         case CYBLE_EVT_GATTS_WRITE_REQ: 							
 135:.\BLEApplications.c ****             /* This event is received when Central device sends a Write command 
 136:.\BLEApplications.c ****              * on an Attribute. 
 137:.\BLEApplications.c ****              * We first get the attribute handle from the event parameter and 
 138:.\BLEApplications.c ****              * then try to match that handle with an attribute in the database.
 139:.\BLEApplications.c ****              */
 140:.\BLEApplications.c ****             wrReqParam = (CYBLE_GATTS_WRITE_REQ_PARAM_T *) eventParam;
 141:.\BLEApplications.c ****             
 142:.\BLEApplications.c **** 
 143:.\BLEApplications.c ****             /* This condition checks whether the RGB LED characteristic was
 144:.\BLEApplications.c ****              * written to by matching the attribute handle.
 145:.\BLEApplications.c ****              * If the attribute handle matches, then the value written to the 
 146:.\BLEApplications.c ****              * attribute is extracted and used to drive RGB LED.
 147:.\BLEApplications.c ****              */
 148:.\BLEApplications.c ****             
 149:.\BLEApplications.c ****             /* Extract the attribute handle for the RGB LED characteristic 
 150:.\BLEApplications.c ****              * from the custom service data structure.
 151:.\BLEApplications.c ****              */
 152:.\BLEApplications.c ****              
 153:.\BLEApplications.c ****             /* if (attributeHandle == RGB LED Characteristic Handle) */
 154:.\BLEApplications.c ****             if(wrReqParam->handleValPair.attrHandle == cyBle_customs[RGB_LED_SERVICE_INDEX].\
 155:.\BLEApplications.c **** 								                        customServiceInfo[RGB_LED_CHAR_INDEX].\
 156:.\BLEApplications.c ****                                                         customServiceCharHandle)
 157:.\BLEApplications.c ****             {
 158:.\BLEApplications.c ****                 /* Extract the value of the attribute from the handle-value 
 159:.\BLEApplications.c ****                  * pair database. */
 160:.\BLEApplications.c ****                 RGBledData[RED_INDEX] = wrReqParam->handleValPair.value.val[RED_INDEX];
 161:.\BLEApplications.c ****                 RGBledData[GREEN_INDEX] = wrReqParam->handleValPair.value.val[GREEN_INDEX];
 162:.\BLEApplications.c ****                 RGBledData[BLUE_INDEX] = wrReqParam->handleValPair.value.val[BLUE_INDEX];
 163:.\BLEApplications.c ****                 RGBledData[INTENSITY_INDEX] = wrReqParam->handleValPair.value.val[INTENSITY_INDEX];
 164:.\BLEApplications.c ****                 
 165:.\BLEApplications.c ****                 /* Update the PrISM components and the attribute for RGB LED read 
 166:.\BLEApplications.c ****                  * characteristics */
 167:.\BLEApplications.c ****                 UpdateRGBled();
 168:.\BLEApplications.c ****             }
 169:.\BLEApplications.c **** 
ARM GAS  C:\Users\KEVINH~1\AppData\Local\Temp\ccQYqYSv.s 			page 5


 170:.\BLEApplications.c ****             
 171:.\BLEApplications.c ****             /* This condition checks whether the CCCD descriptor for CapSense
 172:.\BLEApplications.c ****              * slider characteristic has been written to. This tells us whether
 173:.\BLEApplications.c ****              * the notification for CapSense slider has been enabled/disabled.
 174:.\BLEApplications.c ****              */
 175:.\BLEApplications.c ****             
 176:.\BLEApplications.c ****             /* if (attributeHandle == CapSense Slider Characteristics Handle) */
 177:.\BLEApplications.c ****             if(wrReqParam->handleValPair.attrHandle == cyBle_customs[CAPSENSE_SERVICE_INDEX].
 178:.\BLEApplications.c **** 			            customServiceInfo[CAPSENSE_SLIDER_CHAR_INDEX].
 179:.\BLEApplications.c ****                         customServiceCharDescriptors[CAPSENSE_SLIDER_CCC_INDEX])
 180:.\BLEApplications.c ****             {
 181:.\BLEApplications.c ****                 sendCapSenseSliderNotifications = wrReqParam->handleValPair.value.val[CCC_DATA_INDE
 182:.\BLEApplications.c **** 				
 183:.\BLEApplications.c ****                 /* When the Client Characteristic Configuration descriptor (CCCD) is
 184:.\BLEApplications.c ****                 * written by the Central device for enabling/disabling notifications, 
 185:.\BLEApplications.c ****                 * then the same descriptor value has to be explicitly updated in 
 186:.\BLEApplications.c ****                 * application so that it reflects the correct value when the 
 187:.\BLEApplications.c ****                 * descriptor is read. 
 188:.\BLEApplications.c ****                 */
 189:.\BLEApplications.c ****                 {
 190:.\BLEApplications.c ****                     /* Write the present CapSense notification status to the local variable */
 191:.\BLEApplications.c ****             		CapSenseCCCDvalue[0] = sendCapSenseSliderNotifications;
 192:.\BLEApplications.c ****             		CapSenseCCCDvalue[1] = 0x00;
 193:.\BLEApplications.c ****             		
 194:.\BLEApplications.c ****             		/* Update CCCD handle with notification status data*/
 195:.\BLEApplications.c ****             		CapSenseNotificationCCCDhandle.attrHandle = CAPSENSE_CCC_HANDLE;
 196:.\BLEApplications.c ****             		CapSenseNotificationCCCDhandle.value.val = CapSenseCCCDvalue;
 197:.\BLEApplications.c ****             		CapSenseNotificationCCCDhandle.value.len = sizeof(CapSenseCCCDvalue);
 198:.\BLEApplications.c ****             		
 199:.\BLEApplications.c ****             		/* Report data to BLE component for sending data when read by Central device */
 200:.\BLEApplications.c ****             		CyBle_GattsWriteAttributeValue(&CapSenseNotificationCCCDhandle, ZERO, &cyBle_connHand
 201:.\BLEApplications.c ****                                                                                 CYBLE_GATT_DB_LOCAL
 202:.\BLEApplications.c ****                 }
 203:.\BLEApplications.c ****            }
 204:.\BLEApplications.c **** 
 205:.\BLEApplications.c **** 			
 206:.\BLEApplications.c **** 			/* Send the response to the write request received. */
 207:.\BLEApplications.c **** 			CyBle_GattsWriteRsp(cyBle_connHandle);
 208:.\BLEApplications.c **** 			
 209:.\BLEApplications.c **** 			break;
 210:.\BLEApplications.c **** 
 211:.\BLEApplications.c ****         default:
 212:.\BLEApplications.c **** 
 213:.\BLEApplications.c ****        	 	break;
  60              		.loc 1 213 0
  61 001a 83E0     		b	.L1
  62              	.L4:
  94:.\BLEApplications.c ****     switch(event)
  63              		.loc 1 94 0
  64 001c 422B     		cmp	r3, #66
  65 001e 15D0     		beq	.L6
  66 0020 4C2B     		cmp	r3, #76
  67 0022 28D0     		beq	.L7
  68 0024 412B     		cmp	r3, #65
  69 0026 0DD0     		beq	.L8
  70              		.loc 1 213 0
  71 0028 7CE0     		b	.L1
ARM GAS  C:\Users\KEVINH~1\AppData\Local\Temp\ccQYqYSv.s 			page 6


  72              	.L3:
  99:.\BLEApplications.c **** 			CyBle_GappStartAdvertisement(CYBLE_ADVERTISING_FAST);
  73              		.loc 1 99 0
  74 002a 0020     		mov	r0, #0
  75 002c FFF7FEFF 		bl	CyBle_GappStartAdvertisement
 100:.\BLEApplications.c **** 			break;
  76              		.loc 1 100 0
  77 0030 78E0     		b	.L1
  78              	.L5:
 104:.\BLEApplications.c ****             if(CYBLE_STATE_DISCONNECTED == CyBle_GetState())
  79              		.loc 1 104 0
  80 0032 3E4B     		ldr	r3, .L13
  81 0034 1B78     		ldrb	r3, [r3]
  82 0036 042B     		cmp	r3, #4
  83 0038 03D1     		bne	.L10
 107:.\BLEApplications.c ****                 CyBle_GappStartAdvertisement(CYBLE_ADVERTISING_FAST);
  84              		.loc 1 107 0
  85 003a 0020     		mov	r0, #0
  86 003c FFF7FEFF 		bl	CyBle_GappStartAdvertisement
 109:.\BLEApplications.c **** 			break;
  87              		.loc 1 109 0
  88 0040 70E0     		b	.L1
  89              	.L10:
  90 0042 6FE0     		b	.L1
  91              	.L8:
 113:.\BLEApplications.c **** 			deviceConnected = TRUE;
  92              		.loc 1 113 0
  93 0044 3A4B     		ldr	r3, .L13+4
  94 0046 0122     		mov	r2, #1
  95 0048 1A70     		strb	r2, [r3]
 114:.\BLEApplications.c **** 			break;
  96              		.loc 1 114 0
  97 004a 6BE0     		b	.L1
  98              	.L6:
 118:.\BLEApplications.c **** 			deviceConnected = FALSE;
  99              		.loc 1 118 0
 100 004c 384B     		ldr	r3, .L13+4
 101 004e 0022     		mov	r2, #0
 102 0050 1A70     		strb	r2, [r3]
 122:.\BLEApplications.c **** 			sendCapSenseSliderNotifications = FALSE;
 103              		.loc 1 122 0
 104 0052 384B     		ldr	r3, .L13+8
 105 0054 0022     		mov	r2, #0
 106 0056 1A70     		strb	r2, [r3]
 125:.\BLEApplications.c **** 			RGBledData[RED_INDEX] = ZERO;
 107              		.loc 1 125 0
 108 0058 374B     		ldr	r3, .L13+12
 109 005a 0022     		mov	r2, #0
 110 005c 1A70     		strb	r2, [r3]
 126:.\BLEApplications.c ****             RGBledData[GREEN_INDEX] = ZERO;
 111              		.loc 1 126 0
 112 005e 364B     		ldr	r3, .L13+12
 113 0060 0022     		mov	r2, #0
 114 0062 5A70     		strb	r2, [r3, #1]
 127:.\BLEApplications.c ****             RGBledData[BLUE_INDEX] = ZERO;
 115              		.loc 1 127 0
 116 0064 344B     		ldr	r3, .L13+12
ARM GAS  C:\Users\KEVINH~1\AppData\Local\Temp\ccQYqYSv.s 			page 7


 117 0066 0022     		mov	r2, #0
 118 0068 9A70     		strb	r2, [r3, #2]
 128:.\BLEApplications.c ****             RGBledData[INTENSITY_INDEX] = ZERO;
 119              		.loc 1 128 0
 120 006a 334B     		ldr	r3, .L13+12
 121 006c 0022     		mov	r2, #0
 122 006e DA70     		strb	r2, [r3, #3]
 129:.\BLEApplications.c **** 			UpdateRGBled();
 123              		.loc 1 129 0
 124 0070 FFF7FEFF 		bl	UpdateRGBled
 131:.\BLEApplications.c **** 			break;
 125              		.loc 1 131 0
 126 0074 56E0     		b	.L1
 127              	.L7:
 140:.\BLEApplications.c ****             wrReqParam = (CYBLE_GATTS_WRITE_REQ_PARAM_T *) eventParam;
 128              		.loc 1 140 0
 129 0076 3B68     		ldr	r3, [r7]
 130 0078 FB61     		str	r3, [r7, #28]
 154:.\BLEApplications.c ****             if(wrReqParam->handleValPair.attrHandle == cyBle_customs[RGB_LED_SERVICE_INDEX].\
 131              		.loc 1 154 0
 132 007a FB69     		ldr	r3, [r7, #28]
 133 007c 9A89     		ldrh	r2, [r3, #12]
 155:.\BLEApplications.c **** 								                        customServiceInfo[RGB_LED_CHAR_INDEX].\
 134              		.loc 1 155 0
 135 007e 2F4B     		ldr	r3, .L13+16
 136 0080 5B89     		ldrh	r3, [r3, #10]
 154:.\BLEApplications.c ****             if(wrReqParam->handleValPair.attrHandle == cyBle_customs[RGB_LED_SERVICE_INDEX].\
 137              		.loc 1 154 0
 138 0082 9A42     		cmp	r2, r3
 139 0084 15D1     		bne	.L11
 160:.\BLEApplications.c ****                 RGBledData[RED_INDEX] = wrReqParam->handleValPair.value.val[RED_INDEX];
 140              		.loc 1 160 0
 141 0086 FB69     		ldr	r3, [r7, #28]
 142 0088 5B68     		ldr	r3, [r3, #4]
 143 008a 1A78     		ldrb	r2, [r3]
 144 008c 2A4B     		ldr	r3, .L13+12
 145 008e 1A70     		strb	r2, [r3]
 161:.\BLEApplications.c ****                 RGBledData[GREEN_INDEX] = wrReqParam->handleValPair.value.val[GREEN_INDEX];
 146              		.loc 1 161 0
 147 0090 FB69     		ldr	r3, [r7, #28]
 148 0092 5B68     		ldr	r3, [r3, #4]
 149 0094 5A78     		ldrb	r2, [r3, #1]
 150 0096 284B     		ldr	r3, .L13+12
 151 0098 5A70     		strb	r2, [r3, #1]
 162:.\BLEApplications.c ****                 RGBledData[BLUE_INDEX] = wrReqParam->handleValPair.value.val[BLUE_INDEX];
 152              		.loc 1 162 0
 153 009a FB69     		ldr	r3, [r7, #28]
 154 009c 5B68     		ldr	r3, [r3, #4]
 155 009e 9A78     		ldrb	r2, [r3, #2]
 156 00a0 254B     		ldr	r3, .L13+12
 157 00a2 9A70     		strb	r2, [r3, #2]
 163:.\BLEApplications.c ****                 RGBledData[INTENSITY_INDEX] = wrReqParam->handleValPair.value.val[INTENSITY_INDEX];
 158              		.loc 1 163 0
 159 00a4 FB69     		ldr	r3, [r7, #28]
 160 00a6 5B68     		ldr	r3, [r3, #4]
 161 00a8 DA78     		ldrb	r2, [r3, #3]
 162 00aa 234B     		ldr	r3, .L13+12
ARM GAS  C:\Users\KEVINH~1\AppData\Local\Temp\ccQYqYSv.s 			page 8


 163 00ac DA70     		strb	r2, [r3, #3]
 167:.\BLEApplications.c ****                 UpdateRGBled();
 164              		.loc 1 167 0
 165 00ae FFF7FEFF 		bl	UpdateRGBled
 166              	.L11:
 177:.\BLEApplications.c ****             if(wrReqParam->handleValPair.attrHandle == cyBle_customs[CAPSENSE_SERVICE_INDEX].
 167              		.loc 1 177 0
 168 00b2 FB69     		ldr	r3, [r7, #28]
 169 00b4 9A89     		ldrh	r2, [r3, #12]
 179:.\BLEApplications.c ****                         customServiceCharDescriptors[CAPSENSE_SLIDER_CCC_INDEX])
 170              		.loc 1 179 0
 171 00b6 214B     		ldr	r3, .L13+16
 172 00b8 9B88     		ldrh	r3, [r3, #4]
 177:.\BLEApplications.c ****             if(wrReqParam->handleValPair.attrHandle == cyBle_customs[CAPSENSE_SERVICE_INDEX].
 173              		.loc 1 177 0
 174 00ba 9A42     		cmp	r2, r3
 175 00bc 23D1     		bne	.L12
 181:.\BLEApplications.c ****                 sendCapSenseSliderNotifications = wrReqParam->handleValPair.value.val[CCC_DATA_INDE
 176              		.loc 1 181 0
 177 00be FB69     		ldr	r3, [r7, #28]
 178 00c0 5B68     		ldr	r3, [r3, #4]
 179 00c2 1A78     		ldrb	r2, [r3]
 180 00c4 1B4B     		ldr	r3, .L13+8
 181 00c6 1A70     		strb	r2, [r3]
 191:.\BLEApplications.c ****             		CapSenseCCCDvalue[0] = sendCapSenseSliderNotifications;
 182              		.loc 1 191 0
 183 00c8 1A4B     		ldr	r3, .L13+8
 184 00ca 1A78     		ldrb	r2, [r3]
 185 00cc 3B1C     		mov	r3, r7
 186 00ce 1833     		add	r3, r3, #24
 187 00d0 1A70     		strb	r2, [r3]
 192:.\BLEApplications.c ****             		CapSenseCCCDvalue[1] = 0x00;
 188              		.loc 1 192 0
 189 00d2 3B1C     		mov	r3, r7
 190 00d4 1833     		add	r3, r3, #24
 191 00d6 0022     		mov	r2, #0
 192 00d8 5A70     		strb	r2, [r3, #1]
 195:.\BLEApplications.c ****             		CapSenseNotificationCCCDhandle.attrHandle = CAPSENSE_CCC_HANDLE;
 193              		.loc 1 195 0
 194 00da 3B1C     		mov	r3, r7
 195 00dc 0C33     		add	r3, r3, #12
 196 00de 0F22     		mov	r2, #15
 197 00e0 1A81     		strh	r2, [r3, #8]
 196:.\BLEApplications.c ****             		CapSenseNotificationCCCDhandle.value.val = CapSenseCCCDvalue;
 198              		.loc 1 196 0
 199 00e2 3B1C     		mov	r3, r7
 200 00e4 0C33     		add	r3, r3, #12
 201 00e6 3A1C     		mov	r2, r7
 202 00e8 1832     		add	r2, r2, #24
 203 00ea 1A60     		str	r2, [r3]
 197:.\BLEApplications.c ****             		CapSenseNotificationCCCDhandle.value.len = sizeof(CapSenseCCCDvalue);
 204              		.loc 1 197 0
 205 00ec 3B1C     		mov	r3, r7
 206 00ee 0C33     		add	r3, r3, #12
 207 00f0 0222     		mov	r2, #2
 208 00f2 9A80     		strh	r2, [r3, #4]
 200:.\BLEApplications.c ****             		CyBle_GattsWriteAttributeValue(&CapSenseNotificationCCCDhandle, ZERO, &cyBle_connHand
ARM GAS  C:\Users\KEVINH~1\AppData\Local\Temp\ccQYqYSv.s 			page 9


 209              		.loc 1 200 0
 210 00f4 3A1C     		mov	r2, r7
 211 00f6 0C32     		add	r2, r2, #12
 212 00f8 114B     		ldr	r3, .L13+20
 213 00fa 101C     		mov	r0, r2
 214 00fc 0021     		mov	r1, #0
 215 00fe 1A1C     		mov	r2, r3
 216 0100 0023     		mov	r3, #0
 217 0102 FFF7FEFF 		bl	CyBle_GattsWriteAttributeValue
 218              	.L12:
 207:.\BLEApplications.c **** 			CyBle_GattsWriteRsp(cyBle_connHandle);
 219              		.loc 1 207 0
 220 0106 0E4B     		ldr	r3, .L13+20
 221 0108 1A78     		ldrb	r2, [r3]
 222 010a 5B78     		ldrb	r3, [r3, #1]
 223 010c 1B02     		lsl	r3, r3, #8
 224 010e 1A43     		orr	r2, r3
 225 0110 0023     		mov	r3, #0
 226 0112 1204     		lsl	r2, r2, #16
 227 0114 120C     		lsr	r2, r2, #16
 228 0116 1B0C     		lsr	r3, r3, #16
 229 0118 1B04     		lsl	r3, r3, #16
 230 011a 1343     		orr	r3, r2
 231 011c 181C     		mov	r0, r3
 232 011e FFF7FEFF 		bl	CyBle_GattsWriteRsp
 209:.\BLEApplications.c **** 			break;
 233              		.loc 1 209 0
 234 0122 C046     		mov	r8, r8
 235              	.L1:
 214:.\BLEApplications.c ****     }
 215:.\BLEApplications.c **** }
 236              		.loc 1 215 0
 237 0124 BD46     		mov	sp, r7
 238 0126 08B0     		add	sp, sp, #32
 239              		@ sp needed
 240 0128 80BD     		pop	{r7, pc}
 241              	.L14:
 242 012a C046     		.align	2
 243              	.L13:
 244 012c 00000000 		.word	cyBle_state
 245 0130 00000000 		.word	deviceConnected
 246 0134 00000000 		.word	sendCapSenseSliderNotifications
 247 0138 00000000 		.word	RGBledData
 248 013c 00000000 		.word	cyBle_customs
 249 0140 00000000 		.word	cyBle_connHandle
 250              		.cfi_endproc
 251              	.LFE35:
 252              		.size	CustomEventHandler, .-CustomEventHandler
 253              		.section	.text.SendCapSenseNotification,"ax",%progbits
 254              		.align	2
 255              		.global	SendCapSenseNotification
 256              		.code	16
 257              		.thumb_func
 258              		.type	SendCapSenseNotification, %function
 259              	SendCapSenseNotification:
 260              	.LFB36:
 216:.\BLEApplications.c **** 
ARM GAS  C:\Users\KEVINH~1\AppData\Local\Temp\ccQYqYSv.s 			page 10


 217:.\BLEApplications.c **** 
 218:.\BLEApplications.c **** /*******************************************************************************
 219:.\BLEApplications.c **** * Function Name: SendCapSenseNotification
 220:.\BLEApplications.c **** ********************************************************************************
 221:.\BLEApplications.c **** * Summary:
 222:.\BLEApplications.c **** * Send CapSense Slider data as BLE Notifications. This function updates
 223:.\BLEApplications.c **** * the notification handle with data and triggers the BLE component to send 
 224:.\BLEApplications.c **** * notification
 225:.\BLEApplications.c **** *
 226:.\BLEApplications.c **** * Parameters:
 227:.\BLEApplications.c **** *  CapSenseSliderData:	CapSense slider value	
 228:.\BLEApplications.c **** *
 229:.\BLEApplications.c **** * Return:
 230:.\BLEApplications.c **** *  void
 231:.\BLEApplications.c **** *
 232:.\BLEApplications.c **** *******************************************************************************/
 233:.\BLEApplications.c **** void SendCapSenseNotification(uint8 CapSenseSliderData)
 234:.\BLEApplications.c **** {
 261              		.loc 1 234 0
 262              		.cfi_startproc
 263 0000 80B5     		push	{r7, lr}
 264              		.cfi_def_cfa_offset 8
 265              		.cfi_offset 7, -8
 266              		.cfi_offset 14, -4
 267 0002 86B0     		sub	sp, sp, #24
 268              		.cfi_def_cfa_offset 32
 269 0004 00AF     		add	r7, sp, #0
 270              		.cfi_def_cfa_register 7
 271 0006 021C     		mov	r2, r0
 272 0008 FB1D     		add	r3, r7, #7
 273 000a 1A70     		strb	r2, [r3]
 235:.\BLEApplications.c **** 	/* 'CapSensenotificationHandle' stores CapSense notification data parameters */
 236:.\BLEApplications.c **** 	CYBLE_GATTS_HANDLE_VALUE_NTF_T		CapSensenotificationHandle;	
 237:.\BLEApplications.c **** 	
 238:.\BLEApplications.c **** 	/* Update notification handle with CapSense slider data*/
 239:.\BLEApplications.c **** 	CapSensenotificationHandle.attrHandle = CYBLE_CAPSENSE_SERVICE_CAPSENSE_SLIDER_CHARACTERISTIC_CHAR
 274              		.loc 1 239 0
 275 000c 3B1C     		mov	r3, r7
 276 000e 0C33     		add	r3, r3, #12
 277 0010 0E22     		mov	r2, #14
 278 0012 1A81     		strh	r2, [r3, #8]
 240:.\BLEApplications.c **** 	CapSensenotificationHandle.value.val = &CapSenseSliderData;
 279              		.loc 1 240 0
 280 0014 3B1C     		mov	r3, r7
 281 0016 0C33     		add	r3, r3, #12
 282 0018 FA1D     		add	r2, r7, #7
 283 001a 1A60     		str	r2, [r3]
 241:.\BLEApplications.c **** 	CapSensenotificationHandle.value.len = sizeof(CapSenseSliderData);
 284              		.loc 1 241 0
 285 001c 3B1C     		mov	r3, r7
 286 001e 0C33     		add	r3, r3, #12
 287 0020 0122     		mov	r2, #1
 288 0022 9A80     		strh	r2, [r3, #4]
 242:.\BLEApplications.c **** 	
 243:.\BLEApplications.c **** 	/* Send notifications. */
 244:.\BLEApplications.c **** 	CyBle_GattsNotification(cyBle_connHandle, &CapSensenotificationHandle);
 289              		.loc 1 244 0
ARM GAS  C:\Users\KEVINH~1\AppData\Local\Temp\ccQYqYSv.s 			page 11


 290 0024 094B     		ldr	r3, .L16
 291 0026 3A1C     		mov	r2, r7
 292 0028 0C32     		add	r2, r2, #12
 293 002a 1978     		ldrb	r1, [r3]
 294 002c 5B78     		ldrb	r3, [r3, #1]
 295 002e 1B02     		lsl	r3, r3, #8
 296 0030 1943     		orr	r1, r3
 297 0032 0023     		mov	r3, #0
 298 0034 0904     		lsl	r1, r1, #16
 299 0036 090C     		lsr	r1, r1, #16
 300 0038 1B0C     		lsr	r3, r3, #16
 301 003a 1B04     		lsl	r3, r3, #16
 302 003c 0B43     		orr	r3, r1
 303 003e 181C     		mov	r0, r3
 304 0040 111C     		mov	r1, r2
 305 0042 FFF7FEFF 		bl	CyBle_GattsNotification
 245:.\BLEApplications.c **** }
 306              		.loc 1 245 0
 307 0046 BD46     		mov	sp, r7
 308 0048 06B0     		add	sp, sp, #24
 309              		@ sp needed
 310 004a 80BD     		pop	{r7, pc}
 311              	.L17:
 312              		.align	2
 313              	.L16:
 314 004c 00000000 		.word	cyBle_connHandle
 315              		.cfi_endproc
 316              	.LFE36:
 317              		.size	SendCapSenseNotification, .-SendCapSenseNotification
 318              		.global	__aeabi_idiv
 319              		.section	.text.UpdateRGBled,"ax",%progbits
 320              		.align	2
 321              		.global	UpdateRGBled
 322              		.code	16
 323              		.thumb_func
 324              		.type	UpdateRGBled, %function
 325              	UpdateRGBled:
 326              	.LFB37:
 246:.\BLEApplications.c **** 
 247:.\BLEApplications.c **** 
 248:.\BLEApplications.c **** /*******************************************************************************
 249:.\BLEApplications.c **** * Function Name: UpdateRGBled
 250:.\BLEApplications.c **** ********************************************************************************
 251:.\BLEApplications.c **** * Summary:
 252:.\BLEApplications.c **** * Receive the new RGB data and modify PrISM parameters. Also, update the
 253:.\BLEApplications.c **** * read characteristic handle so that the next read from the BLE central device
 254:.\BLEApplications.c **** * gives present RGB color and intensity data.
 255:.\BLEApplications.c **** *
 256:.\BLEApplications.c **** * Parameters:
 257:.\BLEApplications.c **** *  void
 258:.\BLEApplications.c **** *
 259:.\BLEApplications.c **** * Return:
 260:.\BLEApplications.c **** *  void
 261:.\BLEApplications.c **** *
 262:.\BLEApplications.c **** *******************************************************************************/
 263:.\BLEApplications.c **** void UpdateRGBled(void)
 264:.\BLEApplications.c **** {
ARM GAS  C:\Users\KEVINH~1\AppData\Local\Temp\ccQYqYSv.s 			page 12


 327              		.loc 1 264 0
 328              		.cfi_startproc
 329 0000 80B5     		push	{r7, lr}
 330              		.cfi_def_cfa_offset 8
 331              		.cfi_offset 7, -8
 332              		.cfi_offset 14, -4
 333 0002 82B0     		sub	sp, sp, #8
 334              		.cfi_def_cfa_offset 16
 335 0004 00AF     		add	r7, sp, #0
 336              		.cfi_def_cfa_register 7
 265:.\BLEApplications.c **** 	/* Local variables to calculate the color components from RGB received data*/
 266:.\BLEApplications.c **** 	uint8 debug_red;
 267:.\BLEApplications.c **** 	uint8 debug_green;
 268:.\BLEApplications.c **** 	uint8 debug_blue;
 269:.\BLEApplications.c **** 	uint8 intensity_divide_value = RGBledData[INTENSITY_INDEX];
 337              		.loc 1 269 0
 338 0006 FB1D     		add	r3, r7, #7
 339 0008 2A4A     		ldr	r2, .L19
 340 000a D278     		ldrb	r2, [r2, #3]
 341 000c 1A70     		strb	r2, [r3]
 270:.\BLEApplications.c **** 	
 271:.\BLEApplications.c **** 	debug_red = (uint8)(((uint16)RGBledData[RED_INDEX] * intensity_divide_value) / 255);
 342              		.loc 1 271 0
 343 000e 294B     		ldr	r3, .L19
 344 0010 1B78     		ldrb	r3, [r3]
 345 0012 FA1D     		add	r2, r7, #7
 346 0014 1278     		ldrb	r2, [r2]
 347 0016 5343     		mul	r3, r2
 348 0018 181C     		mov	r0, r3
 349 001a FF21     		mov	r1, #255
 350 001c FFF7FEFF 		bl	__aeabi_idiv
 351 0020 031C     		mov	r3, r0
 352 0022 1A1C     		mov	r2, r3
 353 0024 BB1D     		add	r3, r7, #6
 354 0026 1A70     		strb	r2, [r3]
 272:.\BLEApplications.c **** 	debug_green = (uint8)(((uint16)RGBledData[GREEN_INDEX] * intensity_divide_value) / 255);
 355              		.loc 1 272 0
 356 0028 224B     		ldr	r3, .L19
 357 002a 5B78     		ldrb	r3, [r3, #1]
 358 002c FA1D     		add	r2, r7, #7
 359 002e 1278     		ldrb	r2, [r2]
 360 0030 5343     		mul	r3, r2
 361 0032 181C     		mov	r0, r3
 362 0034 FF21     		mov	r1, #255
 363 0036 FFF7FEFF 		bl	__aeabi_idiv
 364 003a 031C     		mov	r3, r0
 365 003c 1A1C     		mov	r2, r3
 366 003e 7B1D     		add	r3, r7, #5
 367 0040 1A70     		strb	r2, [r3]
 273:.\BLEApplications.c **** 	debug_blue = (uint8)(((uint16)RGBledData[BLUE_INDEX] * intensity_divide_value) / 255);
 368              		.loc 1 273 0
 369 0042 1C4B     		ldr	r3, .L19
 370 0044 9B78     		ldrb	r3, [r3, #2]
 371 0046 FA1D     		add	r2, r7, #7
 372 0048 1278     		ldrb	r2, [r2]
 373 004a 5343     		mul	r3, r2
 374 004c 181C     		mov	r0, r3
ARM GAS  C:\Users\KEVINH~1\AppData\Local\Temp\ccQYqYSv.s 			page 13


 375 004e FF21     		mov	r1, #255
 376 0050 FFF7FEFF 		bl	__aeabi_idiv
 377 0054 031C     		mov	r3, r0
 378 0056 1A1C     		mov	r2, r3
 379 0058 3B1D     		add	r3, r7, #4
 380 005a 1A70     		strb	r2, [r3]
 274:.\BLEApplications.c **** 	
 275:.\BLEApplications.c **** 	/* Update the density value of the PrISM module for color control*/
 276:.\BLEApplications.c **** 	PRS_1_WritePulse0(RGB_LED_MAX_VAL - debug_red);
 381              		.loc 1 276 0
 382 005c BB1D     		add	r3, r7, #6
 383 005e 1B78     		ldrb	r3, [r3]
 384 0060 DB43     		mvn	r3, r3
 385 0062 DBB2     		uxtb	r3, r3
 386 0064 181C     		mov	r0, r3
 387 0066 FFF7FEFF 		bl	PRS_1_WritePulse0
 277:.\BLEApplications.c ****     PRS_1_WritePulse1(RGB_LED_MAX_VAL - debug_green);
 388              		.loc 1 277 0
 389 006a 7B1D     		add	r3, r7, #5
 390 006c 1B78     		ldrb	r3, [r3]
 391 006e DB43     		mvn	r3, r3
 392 0070 DBB2     		uxtb	r3, r3
 393 0072 181C     		mov	r0, r3
 394 0074 FFF7FEFF 		bl	PRS_1_WritePulse1
 278:.\BLEApplications.c ****     PRS_2_WritePulse0(RGB_LED_MAX_VAL - debug_blue);
 395              		.loc 1 278 0
 396 0078 3B1D     		add	r3, r7, #4
 397 007a 1B78     		ldrb	r3, [r3]
 398 007c DB43     		mvn	r3, r3
 399 007e DBB2     		uxtb	r3, r3
 400 0080 181C     		mov	r0, r3
 401 0082 FFF7FEFF 		bl	PRS_2_WritePulse0
 279:.\BLEApplications.c **** 	
 280:.\BLEApplications.c **** 	/* Update RGB control handle with new values */
 281:.\BLEApplications.c **** 	rgbHandle.attrHandle = RGB_LED_CHAR_HANDLE;
 402              		.loc 1 281 0
 403 0086 0C4B     		ldr	r3, .L19+4
 404 0088 1322     		mov	r2, #19
 405 008a 1A81     		strh	r2, [r3, #8]
 282:.\BLEApplications.c **** 	rgbHandle.value.val = RGBledData;
 406              		.loc 1 282 0
 407 008c 0A4B     		ldr	r3, .L19+4
 408 008e 094A     		ldr	r2, .L19
 409 0090 1A60     		str	r2, [r3]
 283:.\BLEApplications.c **** 	rgbHandle.value.len = sizeof(RGBledData);
 410              		.loc 1 283 0
 411 0092 094B     		ldr	r3, .L19+4
 412 0094 0422     		mov	r2, #4
 413 0096 9A80     		strh	r2, [r3, #4]
 284:.\BLEApplications.c **** 	rgbHandle.value.actualLen = sizeof(RGBledData);
 414              		.loc 1 284 0
 415 0098 074B     		ldr	r3, .L19+4
 416 009a 0422     		mov	r2, #4
 417 009c DA80     		strh	r2, [r3, #6]
 285:.\BLEApplications.c **** 	
 286:.\BLEApplications.c **** 	/* Send updated RGB control handle as attribute for read by central device */
 287:.\BLEApplications.c **** 	CyBle_GattsWriteAttributeValue(&rgbHandle, FALSE, &cyBle_connHandle, FALSE);  
ARM GAS  C:\Users\KEVINH~1\AppData\Local\Temp\ccQYqYSv.s 			page 14


 418              		.loc 1 287 0
 419 009e 064A     		ldr	r2, .L19+4
 420 00a0 064B     		ldr	r3, .L19+8
 421 00a2 101C     		mov	r0, r2
 422 00a4 0021     		mov	r1, #0
 423 00a6 1A1C     		mov	r2, r3
 424 00a8 0023     		mov	r3, #0
 425 00aa FFF7FEFF 		bl	CyBle_GattsWriteAttributeValue
 288:.\BLEApplications.c **** }
 426              		.loc 1 288 0
 427 00ae BD46     		mov	sp, r7
 428 00b0 02B0     		add	sp, sp, #8
 429              		@ sp needed
 430 00b2 80BD     		pop	{r7, pc}
 431              	.L20:
 432              		.align	2
 433              	.L19:
 434 00b4 00000000 		.word	RGBledData
 435 00b8 00000000 		.word	rgbHandle
 436 00bc 00000000 		.word	cyBle_connHandle
 437              		.cfi_endproc
 438              	.LFE37:
 439              		.size	UpdateRGBled, .-UpdateRGBled
 440              		.text
 441              	.Letext0:
 442              		.file 2 "Generated_Source\\PSoC4/cytypes.h"
 443              		.file 3 "Generated_Source\\PSoC4/BLE_StackGatt.h"
 444              		.file 4 "Generated_Source\\PSoC4/BLE_StackGattServer.h"
 445              		.file 5 "Generated_Source\\PSoC4/BLE_custom.h"
 446              		.file 6 "Generated_Source\\PSoC4/BLE_Stack.h"
 447              		.file 7 "Generated_Source\\PSoC4/BLE_eventHandler.h"
 448              		.section	.debug_info,"",%progbits
 449              	.Ldebug_info0:
 450 0000 41050000 		.4byte	0x541
 451 0004 0400     		.2byte	0x4
 452 0006 00000000 		.4byte	.Ldebug_abbrev0
 453 000a 04       		.byte	0x4
 454 000b 01       		.uleb128 0x1
 455 000c B4020000 		.4byte	.LASF119
 456 0010 01       		.byte	0x1
 457 0011 A60B0000 		.4byte	.LASF120
 458 0015 74070000 		.4byte	.LASF121
 459 0019 00000000 		.4byte	.Ldebug_ranges0+0
 460 001d 00000000 		.4byte	0
 461 0021 00000000 		.4byte	.Ldebug_line0
 462 0025 02       		.uleb128 0x2
 463 0026 01       		.byte	0x1
 464 0027 06       		.byte	0x6
 465 0028 19060000 		.4byte	.LASF0
 466 002c 02       		.uleb128 0x2
 467 002d 01       		.byte	0x1
 468 002e 08       		.byte	0x8
 469 002f 94050000 		.4byte	.LASF1
 470 0033 02       		.uleb128 0x2
 471 0034 02       		.byte	0x2
 472 0035 05       		.byte	0x5
 473 0036 D3000000 		.4byte	.LASF2
ARM GAS  C:\Users\KEVINH~1\AppData\Local\Temp\ccQYqYSv.s 			page 15


 474 003a 02       		.uleb128 0x2
 475 003b 02       		.byte	0x2
 476 003c 07       		.byte	0x7
 477 003d 1E080000 		.4byte	.LASF3
 478 0041 02       		.uleb128 0x2
 479 0042 04       		.byte	0x4
 480 0043 05       		.byte	0x5
 481 0044 FF030000 		.4byte	.LASF4
 482 0048 02       		.uleb128 0x2
 483 0049 04       		.byte	0x4
 484 004a 07       		.byte	0x7
 485 004b CB060000 		.4byte	.LASF5
 486 004f 02       		.uleb128 0x2
 487 0050 08       		.byte	0x8
 488 0051 05       		.byte	0x5
 489 0052 A6030000 		.4byte	.LASF6
 490 0056 02       		.uleb128 0x2
 491 0057 08       		.byte	0x8
 492 0058 07       		.byte	0x7
 493 0059 B4030000 		.4byte	.LASF7
 494 005d 03       		.uleb128 0x3
 495 005e 04       		.byte	0x4
 496 005f 05       		.byte	0x5
 497 0060 696E7400 		.ascii	"int\000"
 498 0064 02       		.uleb128 0x2
 499 0065 04       		.byte	0x4
 500 0066 07       		.byte	0x7
 501 0067 82060000 		.4byte	.LASF8
 502 006b 04       		.uleb128 0x4
 503 006c 68050000 		.4byte	.LASF9
 504 0070 02       		.byte	0x2
 505 0071 A1       		.byte	0xa1
 506 0072 2C000000 		.4byte	0x2c
 507 0076 04       		.uleb128 0x4
 508 0077 EF010000 		.4byte	.LASF10
 509 007b 02       		.byte	0x2
 510 007c A2       		.byte	0xa2
 511 007d 3A000000 		.4byte	0x3a
 512 0081 04       		.uleb128 0x4
 513 0082 DF080000 		.4byte	.LASF11
 514 0086 02       		.byte	0x2
 515 0087 A3       		.byte	0xa3
 516 0088 48000000 		.4byte	0x48
 517 008c 02       		.uleb128 0x2
 518 008d 04       		.byte	0x4
 519 008e 04       		.byte	0x4
 520 008f 54030000 		.4byte	.LASF12
 521 0093 02       		.uleb128 0x2
 522 0094 08       		.byte	0x8
 523 0095 04       		.byte	0x4
 524 0096 32090000 		.4byte	.LASF13
 525 009a 02       		.uleb128 0x2
 526 009b 01       		.byte	0x1
 527 009c 08       		.byte	0x8
 528 009d 6F070000 		.4byte	.LASF14
 529 00a1 02       		.uleb128 0x2
 530 00a2 04       		.byte	0x4
ARM GAS  C:\Users\KEVINH~1\AppData\Local\Temp\ccQYqYSv.s 			page 16


 531 00a3 07       		.byte	0x7
 532 00a4 15010000 		.4byte	.LASF15
 533 00a8 05       		.uleb128 0x5
 534 00a9 04       		.byte	0x4
 535 00aa 06       		.uleb128 0x6
 536 00ab 01       		.byte	0x1
 537 00ac 06       		.byte	0x6
 538 00ad 7A       		.byte	0x7a
 539 00ae 2F020000 		.4byte	0x22f
 540 00b2 07       		.uleb128 0x7
 541 00b3 4D020000 		.4byte	.LASF16
 542 00b7 00       		.sleb128 0
 543 00b8 07       		.uleb128 0x7
 544 00b9 9D010000 		.4byte	.LASF17
 545 00bd 01       		.sleb128 1
 546 00be 07       		.uleb128 0x7
 547 00bf 880A0000 		.4byte	.LASF18
 548 00c3 02       		.sleb128 2
 549 00c4 07       		.uleb128 0x7
 550 00c5 A4090000 		.4byte	.LASF19
 551 00c9 03       		.sleb128 3
 552 00ca 07       		.uleb128 0x7
 553 00cb 67010000 		.4byte	.LASF20
 554 00cf 04       		.sleb128 4
 555 00d0 07       		.uleb128 0x7
 556 00d1 B0040000 		.4byte	.LASF21
 557 00d5 05       		.sleb128 5
 558 00d6 07       		.uleb128 0x7
 559 00d7 F7090000 		.4byte	.LASF22
 560 00db 20       		.sleb128 32
 561 00dc 07       		.uleb128 0x7
 562 00dd DD060000 		.4byte	.LASF23
 563 00e1 21       		.sleb128 33
 564 00e2 07       		.uleb128 0x7
 565 00e3 0D000000 		.4byte	.LASF24
 566 00e7 22       		.sleb128 34
 567 00e8 07       		.uleb128 0x7
 568 00e9 FC040000 		.4byte	.LASF25
 569 00ed 23       		.sleb128 35
 570 00ee 07       		.uleb128 0x7
 571 00ef 66060000 		.4byte	.LASF26
 572 00f3 24       		.sleb128 36
 573 00f4 07       		.uleb128 0x7
 574 00f5 DD000000 		.4byte	.LASF27
 575 00f9 25       		.sleb128 37
 576 00fa 07       		.uleb128 0x7
 577 00fb 67040000 		.4byte	.LASF28
 578 00ff 26       		.sleb128 38
 579 0100 07       		.uleb128 0x7
 580 0101 3C040000 		.4byte	.LASF29
 581 0105 27       		.sleb128 39
 582 0106 07       		.uleb128 0x7
 583 0107 A1000000 		.4byte	.LASF30
 584 010b 28       		.sleb128 40
 585 010c 07       		.uleb128 0x7
 586 010d 23070000 		.4byte	.LASF31
 587 0111 29       		.sleb128 41
ARM GAS  C:\Users\KEVINH~1\AppData\Local\Temp\ccQYqYSv.s 			page 17


 588 0112 07       		.uleb128 0x7
 589 0113 78000000 		.4byte	.LASF32
 590 0117 2A       		.sleb128 42
 591 0118 07       		.uleb128 0x7
 592 0119 BE0A0000 		.4byte	.LASF33
 593 011d 2B       		.sleb128 43
 594 011e 07       		.uleb128 0x7
 595 011f 40070000 		.4byte	.LASF34
 596 0123 2C       		.sleb128 44
 597 0124 07       		.uleb128 0x7
 598 0125 47010000 		.4byte	.LASF35
 599 0129 C000     		.sleb128 64
 600 012b 07       		.uleb128 0x7
 601 012c B0060000 		.4byte	.LASF36
 602 0130 C100     		.sleb128 65
 603 0132 07       		.uleb128 0x7
 604 0133 F7000000 		.4byte	.LASF37
 605 0137 C200     		.sleb128 66
 606 0139 07       		.uleb128 0x7
 607 013a C6010000 		.4byte	.LASF38
 608 013e C300     		.sleb128 67
 609 0140 07       		.uleb128 0x7
 610 0141 6A0A0000 		.4byte	.LASF39
 611 0145 C400     		.sleb128 68
 612 0147 07       		.uleb128 0x7
 613 0148 250A0000 		.4byte	.LASF40
 614 014c C500     		.sleb128 69
 615 014e 07       		.uleb128 0x7
 616 014f 7C010000 		.4byte	.LASF41
 617 0153 C600     		.sleb128 70
 618 0155 07       		.uleb128 0x7
 619 0156 FB050000 		.4byte	.LASF42
 620 015a C700     		.sleb128 71
 621 015c 07       		.uleb128 0x7
 622 015d 3F060000 		.4byte	.LASF43
 623 0161 C800     		.sleb128 72
 624 0163 07       		.uleb128 0x7
 625 0164 73030000 		.4byte	.LASF44
 626 0168 C900     		.sleb128 73
 627 016a 07       		.uleb128 0x7
 628 016b 8A080000 		.4byte	.LASF45
 629 016f CA00     		.sleb128 74
 630 0171 07       		.uleb128 0x7
 631 0172 0F020000 		.4byte	.LASF46
 632 0176 CB00     		.sleb128 75
 633 0178 07       		.uleb128 0x7
 634 0179 25060000 		.4byte	.LASF47
 635 017d CC00     		.sleb128 76
 636 017f 07       		.uleb128 0x7
 637 0180 8C030000 		.4byte	.LASF48
 638 0184 CD00     		.sleb128 77
 639 0186 07       		.uleb128 0x7
 640 0187 4C0A0000 		.4byte	.LASF49
 641 018b CE00     		.sleb128 78
 642 018d 07       		.uleb128 0x7
 643 018e B1050000 		.4byte	.LASF50
 644 0192 CF00     		.sleb128 79
ARM GAS  C:\Users\KEVINH~1\AppData\Local\Temp\ccQYqYSv.s 			page 18


 645 0194 07       		.uleb128 0x7
 646 0195 2E0B0000 		.4byte	.LASF51
 647 0199 D000     		.sleb128 80
 648 019b 07       		.uleb128 0x7
 649 019c C0080000 		.4byte	.LASF52
 650 01a0 D100     		.sleb128 81
 651 01a2 07       		.uleb128 0x7
 652 01a3 8F040000 		.4byte	.LASF53
 653 01a7 D200     		.sleb128 82
 654 01a9 07       		.uleb128 0x7
 655 01aa 08040000 		.4byte	.LASF54
 656 01ae D300     		.sleb128 83
 657 01b0 07       		.uleb128 0x7
 658 01b1 8F060000 		.4byte	.LASF55
 659 01b5 D400     		.sleb128 84
 660 01b7 07       		.uleb128 0x7
 661 01b8 820B0000 		.4byte	.LASF56
 662 01bc D500     		.sleb128 85
 663 01be 07       		.uleb128 0x7
 664 01bf 060B0000 		.4byte	.LASF57
 665 01c3 D600     		.sleb128 86
 666 01c5 07       		.uleb128 0x7
 667 01c6 DD0A0000 		.4byte	.LASF58
 668 01ca D700     		.sleb128 87
 669 01cc 07       		.uleb128 0x7
 670 01cd 6E050000 		.4byte	.LASF59
 671 01d1 F000     		.sleb128 112
 672 01d3 07       		.uleb128 0x7
 673 01d4 D1090000 		.4byte	.LASF60
 674 01d8 F100     		.sleb128 113
 675 01da 07       		.uleb128 0x7
 676 01db 02080000 		.4byte	.LASF61
 677 01df F200     		.sleb128 114
 678 01e1 07       		.uleb128 0x7
 679 01e2 75020000 		.4byte	.LASF62
 680 01e6 F300     		.sleb128 115
 681 01e8 07       		.uleb128 0x7
 682 01e9 3C050000 		.4byte	.LASF63
 683 01ed F400     		.sleb128 116
 684 01ef 07       		.uleb128 0x7
 685 01f0 02070000 		.4byte	.LASF64
 686 01f4 F500     		.sleb128 117
 687 01f6 07       		.uleb128 0x7
 688 01f7 93020000 		.4byte	.LASF65
 689 01fb F600     		.sleb128 118
 690 01fd 07       		.uleb128 0x7
 691 01fe 6B080000 		.4byte	.LASF66
 692 0202 F700     		.sleb128 119
 693 0204 07       		.uleb128 0x7
 694 0205 04090000 		.4byte	.LASF67
 695 0209 F800     		.sleb128 120
 696 020b 07       		.uleb128 0x7
 697 020c 6C090000 		.4byte	.LASF68
 698 0210 F900     		.sleb128 121
 699 0212 07       		.uleb128 0x7
 700 0213 9A0A0000 		.4byte	.LASF69
 701 0217 FA00     		.sleb128 122
ARM GAS  C:\Users\KEVINH~1\AppData\Local\Temp\ccQYqYSv.s 			page 19


 702 0219 07       		.uleb128 0x7
 703 021a E6080000 		.4byte	.LASF70
 704 021e FA01     		.sleb128 250
 705 0220 07       		.uleb128 0x7
 706 0221 DC050000 		.4byte	.LASF71
 707 0225 FB01     		.sleb128 251
 708 0227 07       		.uleb128 0x7
 709 0228 5A050000 		.4byte	.LASF72
 710 022c FF01     		.sleb128 255
 711 022e 00       		.byte	0
 712 022f 08       		.uleb128 0x8
 713 0230 04       		.byte	0x4
 714 0231 6B000000 		.4byte	0x6b
 715 0235 09       		.uleb128 0x9
 716 0236 4D0B0000 		.4byte	.LASF73
 717 023a 03       		.byte	0x3
 718 023b 6201     		.2byte	0x162
 719 023d 76000000 		.4byte	0x76
 720 0241 0A       		.uleb128 0xa
 721 0242 02       		.byte	0x2
 722 0243 03       		.byte	0x3
 723 0244 6501     		.2byte	0x165
 724 0246 65020000 		.4byte	0x265
 725 024a 0B       		.uleb128 0xb
 726 024b 4B030000 		.4byte	.LASF74
 727 024f 03       		.byte	0x3
 728 0250 6C01     		.2byte	0x16c
 729 0252 6B000000 		.4byte	0x6b
 730 0256 00       		.byte	0
 731 0257 0B       		.uleb128 0xb
 732 0258 F6010000 		.4byte	.LASF75
 733 025c 03       		.byte	0x3
 734 025d 7201     		.2byte	0x172
 735 025f 6B000000 		.4byte	0x6b
 736 0263 01       		.byte	0x1
 737 0264 00       		.byte	0
 738 0265 09       		.uleb128 0x9
 739 0266 39090000 		.4byte	.LASF76
 740 026a 03       		.byte	0x3
 741 026b 7401     		.2byte	0x174
 742 026d 41020000 		.4byte	0x241
 743 0271 0A       		.uleb128 0xa
 744 0272 08       		.byte	0x8
 745 0273 03       		.byte	0x3
 746 0274 8901     		.2byte	0x189
 747 0276 A2020000 		.4byte	0x2a2
 748 027a 0C       		.uleb128 0xc
 749 027b 76616C00 		.ascii	"val\000"
 750 027f 03       		.byte	0x3
 751 0280 8C01     		.2byte	0x18c
 752 0282 2F020000 		.4byte	0x22f
 753 0286 00       		.byte	0
 754 0287 0C       		.uleb128 0xc
 755 0288 6C656E00 		.ascii	"len\000"
 756 028c 03       		.byte	0x3
 757 028d 8F01     		.2byte	0x18f
 758 028f 76000000 		.4byte	0x76
ARM GAS  C:\Users\KEVINH~1\AppData\Local\Temp\ccQYqYSv.s 			page 20


 759 0293 04       		.byte	0x4
 760 0294 0B       		.uleb128 0xb
 761 0295 1B0A0000 		.4byte	.LASF77
 762 0299 03       		.byte	0x3
 763 029a 9601     		.2byte	0x196
 764 029c 76000000 		.4byte	0x76
 765 02a0 06       		.byte	0x6
 766 02a1 00       		.byte	0
 767 02a2 09       		.uleb128 0x9
 768 02a3 EF070000 		.4byte	.LASF78
 769 02a7 03       		.byte	0x3
 770 02a8 9801     		.2byte	0x198
 771 02aa 71020000 		.4byte	0x271
 772 02ae 0A       		.uleb128 0xa
 773 02af 0C       		.byte	0xc
 774 02b0 03       		.byte	0x3
 775 02b1 9B01     		.2byte	0x19b
 776 02b3 D2020000 		.4byte	0x2d2
 777 02b7 0B       		.uleb128 0xb
 778 02b8 280B0000 		.4byte	.LASF79
 779 02bc 03       		.byte	0x3
 780 02bd 9E01     		.2byte	0x19e
 781 02bf A2020000 		.4byte	0x2a2
 782 02c3 00       		.byte	0
 783 02c4 0B       		.uleb128 0xb
 784 02c5 27090000 		.4byte	.LASF80
 785 02c9 03       		.byte	0x3
 786 02ca A101     		.2byte	0x1a1
 787 02cc 35020000 		.4byte	0x235
 788 02d0 08       		.byte	0x8
 789 02d1 00       		.byte	0
 790 02d2 09       		.uleb128 0x9
 791 02d3 4D090000 		.4byte	.LASF81
 792 02d7 03       		.byte	0x3
 793 02d8 A301     		.2byte	0x1a3
 794 02da AE020000 		.4byte	0x2ae
 795 02de 04       		.uleb128 0x4
 796 02df E0030000 		.4byte	.LASF82
 797 02e3 04       		.byte	0x4
 798 02e4 2D       		.byte	0x2d
 799 02e5 D2020000 		.4byte	0x2d2
 800 02e9 0D       		.uleb128 0xd
 801 02ea 10       		.byte	0x10
 802 02eb 04       		.byte	0x4
 803 02ec 83       		.byte	0x83
 804 02ed 0A030000 		.4byte	0x30a
 805 02f1 0E       		.uleb128 0xe
 806 02f2 1E010000 		.4byte	.LASF83
 807 02f6 04       		.byte	0x4
 808 02f7 86       		.byte	0x86
 809 02f8 65020000 		.4byte	0x265
 810 02fc 00       		.byte	0
 811 02fd 0E       		.uleb128 0xe
 812 02fe 31000000 		.4byte	.LASF84
 813 0302 04       		.byte	0x4
 814 0303 89       		.byte	0x89
 815 0304 D2020000 		.4byte	0x2d2
ARM GAS  C:\Users\KEVINH~1\AppData\Local\Temp\ccQYqYSv.s 			page 21


 816 0308 04       		.byte	0x4
 817 0309 00       		.byte	0
 818 030a 04       		.uleb128 0x4
 819 030b CC040000 		.4byte	.LASF85
 820 030f 04       		.byte	0x4
 821 0310 8B       		.byte	0x8b
 822 0311 E9020000 		.4byte	0x2e9
 823 0315 0D       		.uleb128 0xd
 824 0316 06       		.byte	0x6
 825 0317 05       		.byte	0x5
 826 0318 45       		.byte	0x45
 827 0319 36030000 		.4byte	0x336
 828 031d 0E       		.uleb128 0xe
 829 031e 8F090000 		.4byte	.LASF86
 830 0322 05       		.byte	0x5
 831 0323 48       		.byte	0x48
 832 0324 35020000 		.4byte	0x235
 833 0328 00       		.byte	0
 834 0329 0E       		.uleb128 0xe
 835 032a FC010000 		.4byte	.LASF87
 836 032e 05       		.byte	0x5
 837 032f 4A       		.byte	0x4a
 838 0330 36030000 		.4byte	0x336
 839 0334 02       		.byte	0x2
 840 0335 00       		.byte	0
 841 0336 0F       		.uleb128 0xf
 842 0337 35020000 		.4byte	0x235
 843 033b 46030000 		.4byte	0x346
 844 033f 10       		.uleb128 0x10
 845 0340 A1000000 		.4byte	0xa1
 846 0344 01       		.byte	0x1
 847 0345 00       		.byte	0
 848 0346 04       		.uleb128 0x4
 849 0347 CB030000 		.4byte	.LASF88
 850 034b 05       		.byte	0x5
 851 034c 4B       		.byte	0x4b
 852 034d 15030000 		.4byte	0x315
 853 0351 0D       		.uleb128 0xd
 854 0352 08       		.byte	0x8
 855 0353 05       		.byte	0x5
 856 0354 4E       		.byte	0x4e
 857 0355 72030000 		.4byte	0x372
 858 0359 0E       		.uleb128 0xe
 859 035a BA0B0000 		.4byte	.LASF89
 860 035e 05       		.byte	0x5
 861 035f 51       		.byte	0x51
 862 0360 35020000 		.4byte	0x235
 863 0364 00       		.byte	0
 864 0365 0E       		.uleb128 0xe
 865 0366 A2050000 		.4byte	.LASF90
 866 036a 05       		.byte	0x5
 867 036b 54       		.byte	0x54
 868 036c 72030000 		.4byte	0x372
 869 0370 02       		.byte	0x2
 870 0371 00       		.byte	0
 871 0372 0F       		.uleb128 0xf
 872 0373 46030000 		.4byte	0x346
ARM GAS  C:\Users\KEVINH~1\AppData\Local\Temp\ccQYqYSv.s 			page 22


 873 0377 82030000 		.4byte	0x382
 874 037b 10       		.uleb128 0x10
 875 037c A1000000 		.4byte	0xa1
 876 0380 00       		.byte	0
 877 0381 00       		.byte	0
 878 0382 04       		.uleb128 0x4
 879 0383 2C050000 		.4byte	.LASF91
 880 0387 05       		.byte	0x5
 881 0388 55       		.byte	0x55
 882 0389 51030000 		.4byte	0x351
 883 038d 11       		.uleb128 0x11
 884 038e 01       		.byte	0x1
 885 038f 07       		.byte	0x7
 886 0390 1907     		.2byte	0x719
 887 0392 B5030000 		.4byte	0x3b5
 888 0396 07       		.uleb128 0x7
 889 0397 BD090000 		.4byte	.LASF92
 890 039b 00       		.sleb128 0
 891 039c 07       		.uleb128 0x7
 892 039d 3F000000 		.4byte	.LASF93
 893 03a1 01       		.sleb128 1
 894 03a2 07       		.uleb128 0x7
 895 03a3 B0010000 		.4byte	.LASF94
 896 03a7 02       		.sleb128 2
 897 03a8 07       		.uleb128 0x7
 898 03a9 A8080000 		.4byte	.LASF95
 899 03ad 03       		.sleb128 3
 900 03ae 07       		.uleb128 0x7
 901 03af 31080000 		.4byte	.LASF96
 902 03b3 04       		.sleb128 4
 903 03b4 00       		.byte	0
 904 03b5 09       		.uleb128 0x9
 905 03b6 F4060000 		.4byte	.LASF97
 906 03ba 07       		.byte	0x7
 907 03bb 2707     		.2byte	0x727
 908 03bd 8D030000 		.4byte	0x38d
 909 03c1 12       		.uleb128 0x12
 910 03c2 29010000 		.4byte	.LASF103
 911 03c6 01       		.byte	0x1
 912 03c7 53       		.byte	0x53
 913 03c8 00000000 		.4byte	.LFB35
 914 03cc 44010000 		.4byte	.LFE35-.LFB35
 915 03d0 01       		.uleb128 0x1
 916 03d1 9C       		.byte	0x9c
 917 03d2 1D040000 		.4byte	0x41d
 918 03d6 13       		.uleb128 0x13
 919 03d7 61010000 		.4byte	.LASF98
 920 03db 01       		.byte	0x1
 921 03dc 53       		.byte	0x53
 922 03dd 81000000 		.4byte	0x81
 923 03e1 02       		.uleb128 0x2
 924 03e2 91       		.byte	0x91
 925 03e3 5C       		.sleb128 -36
 926 03e4 13       		.uleb128 0x13
 927 03e5 690B0000 		.4byte	.LASF99
 928 03e9 01       		.byte	0x1
 929 03ea 53       		.byte	0x53
ARM GAS  C:\Users\KEVINH~1\AppData\Local\Temp\ccQYqYSv.s 			page 23


 930 03eb A8000000 		.4byte	0xa8
 931 03ef 02       		.uleb128 0x2
 932 03f0 91       		.byte	0x91
 933 03f1 58       		.sleb128 -40
 934 03f2 14       		.uleb128 0x14
 935 03f3 3C010000 		.4byte	.LASF100
 936 03f7 01       		.byte	0x1
 937 03f8 56       		.byte	0x56
 938 03f9 1D040000 		.4byte	0x41d
 939 03fd 02       		.uleb128 0x2
 940 03fe 91       		.byte	0x91
 941 03ff 74       		.sleb128 -12
 942 0400 14       		.uleb128 0x14
 943 0401 EA040000 		.4byte	.LASF101
 944 0405 01       		.byte	0x1
 945 0406 59       		.byte	0x59
 946 0407 23040000 		.4byte	0x423
 947 040b 02       		.uleb128 0x2
 948 040c 91       		.byte	0x91
 949 040d 70       		.sleb128 -16
 950 040e 14       		.uleb128 0x14
 951 040f 2E020000 		.4byte	.LASF102
 952 0413 01       		.byte	0x1
 953 0414 5C       		.byte	0x5c
 954 0415 D2020000 		.4byte	0x2d2
 955 0419 02       		.uleb128 0x2
 956 041a 91       		.byte	0x91
 957 041b 64       		.sleb128 -28
 958 041c 00       		.byte	0
 959 041d 08       		.uleb128 0x8
 960 041e 04       		.byte	0x4
 961 041f 0A030000 		.4byte	0x30a
 962 0423 0F       		.uleb128 0xf
 963 0424 6B000000 		.4byte	0x6b
 964 0428 33040000 		.4byte	0x433
 965 042c 10       		.uleb128 0x10
 966 042d A1000000 		.4byte	0xa1
 967 0431 01       		.byte	0x1
 968 0432 00       		.byte	0
 969 0433 12       		.uleb128 0x12
 970 0434 5A030000 		.4byte	.LASF104
 971 0438 01       		.byte	0x1
 972 0439 E9       		.byte	0xe9
 973 043a 00000000 		.4byte	.LFB36
 974 043e 50000000 		.4byte	.LFE36-.LFB36
 975 0442 01       		.uleb128 0x1
 976 0443 9C       		.byte	0x9c
 977 0444 65040000 		.4byte	0x465
 978 0448 13       		.uleb128 0x13
 979 0449 29040000 		.4byte	.LASF105
 980 044d 01       		.byte	0x1
 981 044e E9       		.byte	0xe9
 982 044f 6B000000 		.4byte	0x6b
 983 0453 02       		.uleb128 0x2
 984 0454 91       		.byte	0x91
 985 0455 67       		.sleb128 -25
 986 0456 14       		.uleb128 0x14
ARM GAS  C:\Users\KEVINH~1\AppData\Local\Temp\ccQYqYSv.s 			page 24


 987 0457 30030000 		.4byte	.LASF106
 988 045b 01       		.byte	0x1
 989 045c EC       		.byte	0xec
 990 045d DE020000 		.4byte	0x2de
 991 0461 02       		.uleb128 0x2
 992 0462 91       		.byte	0x91
 993 0463 6C       		.sleb128 -20
 994 0464 00       		.byte	0
 995 0465 15       		.uleb128 0x15
 996 0466 00000000 		.4byte	.LASF107
 997 046a 01       		.byte	0x1
 998 046b 0701     		.2byte	0x107
 999 046d 00000000 		.4byte	.LFB37
 1000 0471 C0000000 		.4byte	.LFE37-.LFB37
 1001 0475 01       		.uleb128 0x1
 1002 0476 9C       		.byte	0x9c
 1003 0477 B8040000 		.4byte	0x4b8
 1004 047b 16       		.uleb128 0x16
 1005 047c 61080000 		.4byte	.LASF108
 1006 0480 01       		.byte	0x1
 1007 0481 0A01     		.2byte	0x10a
 1008 0483 6B000000 		.4byte	0x6b
 1009 0487 02       		.uleb128 0x2
 1010 0488 91       		.byte	0x91
 1011 0489 76       		.sleb128 -10
 1012 048a 16       		.uleb128 0x16
 1013 048b 5B040000 		.4byte	.LASF109
 1014 048f 01       		.byte	0x1
 1015 0490 0B01     		.2byte	0x10b
 1016 0492 6B000000 		.4byte	0x6b
 1017 0496 02       		.uleb128 0x2
 1018 0497 91       		.byte	0x91
 1019 0498 75       		.sleb128 -11
 1020 0499 16       		.uleb128 0x16
 1021 049a E4010000 		.4byte	.LASF110
 1022 049e 01       		.byte	0x1
 1023 049f 0C01     		.2byte	0x10c
 1024 04a1 6B000000 		.4byte	0x6b
 1025 04a5 02       		.uleb128 0x2
 1026 04a6 91       		.byte	0x91
 1027 04a7 74       		.sleb128 -12
 1028 04a8 16       		.uleb128 0x16
 1029 04a9 4A080000 		.4byte	.LASF111
 1030 04ad 01       		.byte	0x1
 1031 04ae 0D01     		.2byte	0x10d
 1032 04b0 6B000000 		.4byte	0x6b
 1033 04b4 02       		.uleb128 0x2
 1034 04b5 91       		.byte	0x91
 1035 04b6 77       		.sleb128 -9
 1036 04b7 00       		.byte	0
 1037 04b8 0F       		.uleb128 0xf
 1038 04b9 82030000 		.4byte	0x382
 1039 04bd C8040000 		.4byte	0x4c8
 1040 04c1 10       		.uleb128 0x10
 1041 04c2 A1000000 		.4byte	0xa1
 1042 04c6 01       		.byte	0x1
 1043 04c7 00       		.byte	0
ARM GAS  C:\Users\KEVINH~1\AppData\Local\Temp\ccQYqYSv.s 			page 25


 1044 04c8 17       		.uleb128 0x17
 1045 04c9 740B0000 		.4byte	.LASF112
 1046 04cd 05       		.byte	0x5
 1047 04ce 92       		.byte	0x92
 1048 04cf D3040000 		.4byte	0x4d3
 1049 04d3 18       		.uleb128 0x18
 1050 04d4 B8040000 		.4byte	0x4b8
 1051 04d8 19       		.uleb128 0x19
 1052 04d9 D0050000 		.4byte	.LASF113
 1053 04dd 07       		.byte	0x7
 1054 04de 0009     		.2byte	0x900
 1055 04e0 B5030000 		.4byte	0x3b5
 1056 04e4 19       		.uleb128 0x19
 1057 04e5 64020000 		.4byte	.LASF114
 1058 04e9 07       		.byte	0x7
 1059 04ea 0109     		.2byte	0x901
 1060 04ec 65020000 		.4byte	0x265
 1061 04f0 1A       		.uleb128 0x1a
 1062 04f1 C3000000 		.4byte	.LASF115
 1063 04f5 01       		.byte	0x1
 1064 04f6 42       		.byte	0x42
 1065 04f7 6B000000 		.4byte	0x6b
 1066 04fb 05       		.uleb128 0x5
 1067 04fc 03       		.byte	0x3
 1068 04fd 00000000 		.4byte	deviceConnected
 1069 0501 1A       		.uleb128 0x1a
 1070 0502 58000000 		.4byte	.LASF116
 1071 0506 01       		.byte	0x1
 1072 0507 39       		.byte	0x39
 1073 0508 6B000000 		.4byte	0x6b
 1074 050c 05       		.uleb128 0x5
 1075 050d 03       		.byte	0x3
 1076 050e 00000000 		.4byte	sendCapSenseSliderNotifications
 1077 0512 1A       		.uleb128 0x1a
 1078 0513 22050000 		.4byte	.LASF117
 1079 0517 01       		.byte	0x1
 1080 0518 35       		.byte	0x35
 1081 0519 D2020000 		.4byte	0x2d2
 1082 051d 05       		.uleb128 0x5
 1083 051e 03       		.byte	0x3
 1084 051f 00000000 		.4byte	rgbHandle
 1085 0523 0F       		.uleb128 0xf
 1086 0524 6B000000 		.4byte	0x6b
 1087 0528 33050000 		.4byte	0x533
 1088 052c 10       		.uleb128 0x10
 1089 052d A1000000 		.4byte	0xa1
 1090 0531 03       		.byte	0x3
 1091 0532 00       		.byte	0
 1092 0533 1A       		.uleb128 0x1a
 1093 0534 64070000 		.4byte	.LASF118
 1094 0538 01       		.byte	0x1
 1095 0539 3D       		.byte	0x3d
 1096 053a 23050000 		.4byte	0x523
 1097 053e 05       		.uleb128 0x5
 1098 053f 03       		.byte	0x3
 1099 0540 00000000 		.4byte	RGBledData
 1100 0544 00       		.byte	0
ARM GAS  C:\Users\KEVINH~1\AppData\Local\Temp\ccQYqYSv.s 			page 26


 1101              		.section	.debug_abbrev,"",%progbits
 1102              	.Ldebug_abbrev0:
 1103 0000 01       		.uleb128 0x1
 1104 0001 11       		.uleb128 0x11
 1105 0002 01       		.byte	0x1
 1106 0003 25       		.uleb128 0x25
 1107 0004 0E       		.uleb128 0xe
 1108 0005 13       		.uleb128 0x13
 1109 0006 0B       		.uleb128 0xb
 1110 0007 03       		.uleb128 0x3
 1111 0008 0E       		.uleb128 0xe
 1112 0009 1B       		.uleb128 0x1b
 1113 000a 0E       		.uleb128 0xe
 1114 000b 55       		.uleb128 0x55
 1115 000c 17       		.uleb128 0x17
 1116 000d 11       		.uleb128 0x11
 1117 000e 01       		.uleb128 0x1
 1118 000f 10       		.uleb128 0x10
 1119 0010 17       		.uleb128 0x17
 1120 0011 00       		.byte	0
 1121 0012 00       		.byte	0
 1122 0013 02       		.uleb128 0x2
 1123 0014 24       		.uleb128 0x24
 1124 0015 00       		.byte	0
 1125 0016 0B       		.uleb128 0xb
 1126 0017 0B       		.uleb128 0xb
 1127 0018 3E       		.uleb128 0x3e
 1128 0019 0B       		.uleb128 0xb
 1129 001a 03       		.uleb128 0x3
 1130 001b 0E       		.uleb128 0xe
 1131 001c 00       		.byte	0
 1132 001d 00       		.byte	0
 1133 001e 03       		.uleb128 0x3
 1134 001f 24       		.uleb128 0x24
 1135 0020 00       		.byte	0
 1136 0021 0B       		.uleb128 0xb
 1137 0022 0B       		.uleb128 0xb
 1138 0023 3E       		.uleb128 0x3e
 1139 0024 0B       		.uleb128 0xb
 1140 0025 03       		.uleb128 0x3
 1141 0026 08       		.uleb128 0x8
 1142 0027 00       		.byte	0
 1143 0028 00       		.byte	0
 1144 0029 04       		.uleb128 0x4
 1145 002a 16       		.uleb128 0x16
 1146 002b 00       		.byte	0
 1147 002c 03       		.uleb128 0x3
 1148 002d 0E       		.uleb128 0xe
 1149 002e 3A       		.uleb128 0x3a
 1150 002f 0B       		.uleb128 0xb
 1151 0030 3B       		.uleb128 0x3b
 1152 0031 0B       		.uleb128 0xb
 1153 0032 49       		.uleb128 0x49
 1154 0033 13       		.uleb128 0x13
 1155 0034 00       		.byte	0
 1156 0035 00       		.byte	0
 1157 0036 05       		.uleb128 0x5
ARM GAS  C:\Users\KEVINH~1\AppData\Local\Temp\ccQYqYSv.s 			page 27


 1158 0037 0F       		.uleb128 0xf
 1159 0038 00       		.byte	0
 1160 0039 0B       		.uleb128 0xb
 1161 003a 0B       		.uleb128 0xb
 1162 003b 00       		.byte	0
 1163 003c 00       		.byte	0
 1164 003d 06       		.uleb128 0x6
 1165 003e 04       		.uleb128 0x4
 1166 003f 01       		.byte	0x1
 1167 0040 0B       		.uleb128 0xb
 1168 0041 0B       		.uleb128 0xb
 1169 0042 3A       		.uleb128 0x3a
 1170 0043 0B       		.uleb128 0xb
 1171 0044 3B       		.uleb128 0x3b
 1172 0045 0B       		.uleb128 0xb
 1173 0046 01       		.uleb128 0x1
 1174 0047 13       		.uleb128 0x13
 1175 0048 00       		.byte	0
 1176 0049 00       		.byte	0
 1177 004a 07       		.uleb128 0x7
 1178 004b 28       		.uleb128 0x28
 1179 004c 00       		.byte	0
 1180 004d 03       		.uleb128 0x3
 1181 004e 0E       		.uleb128 0xe
 1182 004f 1C       		.uleb128 0x1c
 1183 0050 0D       		.uleb128 0xd
 1184 0051 00       		.byte	0
 1185 0052 00       		.byte	0
 1186 0053 08       		.uleb128 0x8
 1187 0054 0F       		.uleb128 0xf
 1188 0055 00       		.byte	0
 1189 0056 0B       		.uleb128 0xb
 1190 0057 0B       		.uleb128 0xb
 1191 0058 49       		.uleb128 0x49
 1192 0059 13       		.uleb128 0x13
 1193 005a 00       		.byte	0
 1194 005b 00       		.byte	0
 1195 005c 09       		.uleb128 0x9
 1196 005d 16       		.uleb128 0x16
 1197 005e 00       		.byte	0
 1198 005f 03       		.uleb128 0x3
 1199 0060 0E       		.uleb128 0xe
 1200 0061 3A       		.uleb128 0x3a
 1201 0062 0B       		.uleb128 0xb
 1202 0063 3B       		.uleb128 0x3b
 1203 0064 05       		.uleb128 0x5
 1204 0065 49       		.uleb128 0x49
 1205 0066 13       		.uleb128 0x13
 1206 0067 00       		.byte	0
 1207 0068 00       		.byte	0
 1208 0069 0A       		.uleb128 0xa
 1209 006a 13       		.uleb128 0x13
 1210 006b 01       		.byte	0x1
 1211 006c 0B       		.uleb128 0xb
 1212 006d 0B       		.uleb128 0xb
 1213 006e 3A       		.uleb128 0x3a
 1214 006f 0B       		.uleb128 0xb
ARM GAS  C:\Users\KEVINH~1\AppData\Local\Temp\ccQYqYSv.s 			page 28


 1215 0070 3B       		.uleb128 0x3b
 1216 0071 05       		.uleb128 0x5
 1217 0072 01       		.uleb128 0x1
 1218 0073 13       		.uleb128 0x13
 1219 0074 00       		.byte	0
 1220 0075 00       		.byte	0
 1221 0076 0B       		.uleb128 0xb
 1222 0077 0D       		.uleb128 0xd
 1223 0078 00       		.byte	0
 1224 0079 03       		.uleb128 0x3
 1225 007a 0E       		.uleb128 0xe
 1226 007b 3A       		.uleb128 0x3a
 1227 007c 0B       		.uleb128 0xb
 1228 007d 3B       		.uleb128 0x3b
 1229 007e 05       		.uleb128 0x5
 1230 007f 49       		.uleb128 0x49
 1231 0080 13       		.uleb128 0x13
 1232 0081 38       		.uleb128 0x38
 1233 0082 0B       		.uleb128 0xb
 1234 0083 00       		.byte	0
 1235 0084 00       		.byte	0
 1236 0085 0C       		.uleb128 0xc
 1237 0086 0D       		.uleb128 0xd
 1238 0087 00       		.byte	0
 1239 0088 03       		.uleb128 0x3
 1240 0089 08       		.uleb128 0x8
 1241 008a 3A       		.uleb128 0x3a
 1242 008b 0B       		.uleb128 0xb
 1243 008c 3B       		.uleb128 0x3b
 1244 008d 05       		.uleb128 0x5
 1245 008e 49       		.uleb128 0x49
 1246 008f 13       		.uleb128 0x13
 1247 0090 38       		.uleb128 0x38
 1248 0091 0B       		.uleb128 0xb
 1249 0092 00       		.byte	0
 1250 0093 00       		.byte	0
 1251 0094 0D       		.uleb128 0xd
 1252 0095 13       		.uleb128 0x13
 1253 0096 01       		.byte	0x1
 1254 0097 0B       		.uleb128 0xb
 1255 0098 0B       		.uleb128 0xb
 1256 0099 3A       		.uleb128 0x3a
 1257 009a 0B       		.uleb128 0xb
 1258 009b 3B       		.uleb128 0x3b
 1259 009c 0B       		.uleb128 0xb
 1260 009d 01       		.uleb128 0x1
 1261 009e 13       		.uleb128 0x13
 1262 009f 00       		.byte	0
 1263 00a0 00       		.byte	0
 1264 00a1 0E       		.uleb128 0xe
 1265 00a2 0D       		.uleb128 0xd
 1266 00a3 00       		.byte	0
 1267 00a4 03       		.uleb128 0x3
 1268 00a5 0E       		.uleb128 0xe
 1269 00a6 3A       		.uleb128 0x3a
 1270 00a7 0B       		.uleb128 0xb
 1271 00a8 3B       		.uleb128 0x3b
ARM GAS  C:\Users\KEVINH~1\AppData\Local\Temp\ccQYqYSv.s 			page 29


 1272 00a9 0B       		.uleb128 0xb
 1273 00aa 49       		.uleb128 0x49
 1274 00ab 13       		.uleb128 0x13
 1275 00ac 38       		.uleb128 0x38
 1276 00ad 0B       		.uleb128 0xb
 1277 00ae 00       		.byte	0
 1278 00af 00       		.byte	0
 1279 00b0 0F       		.uleb128 0xf
 1280 00b1 01       		.uleb128 0x1
 1281 00b2 01       		.byte	0x1
 1282 00b3 49       		.uleb128 0x49
 1283 00b4 13       		.uleb128 0x13
 1284 00b5 01       		.uleb128 0x1
 1285 00b6 13       		.uleb128 0x13
 1286 00b7 00       		.byte	0
 1287 00b8 00       		.byte	0
 1288 00b9 10       		.uleb128 0x10
 1289 00ba 21       		.uleb128 0x21
 1290 00bb 00       		.byte	0
 1291 00bc 49       		.uleb128 0x49
 1292 00bd 13       		.uleb128 0x13
 1293 00be 2F       		.uleb128 0x2f
 1294 00bf 0B       		.uleb128 0xb
 1295 00c0 00       		.byte	0
 1296 00c1 00       		.byte	0
 1297 00c2 11       		.uleb128 0x11
 1298 00c3 04       		.uleb128 0x4
 1299 00c4 01       		.byte	0x1
 1300 00c5 0B       		.uleb128 0xb
 1301 00c6 0B       		.uleb128 0xb
 1302 00c7 3A       		.uleb128 0x3a
 1303 00c8 0B       		.uleb128 0xb
 1304 00c9 3B       		.uleb128 0x3b
 1305 00ca 05       		.uleb128 0x5
 1306 00cb 01       		.uleb128 0x1
 1307 00cc 13       		.uleb128 0x13
 1308 00cd 00       		.byte	0
 1309 00ce 00       		.byte	0
 1310 00cf 12       		.uleb128 0x12
 1311 00d0 2E       		.uleb128 0x2e
 1312 00d1 01       		.byte	0x1
 1313 00d2 3F       		.uleb128 0x3f
 1314 00d3 19       		.uleb128 0x19
 1315 00d4 03       		.uleb128 0x3
 1316 00d5 0E       		.uleb128 0xe
 1317 00d6 3A       		.uleb128 0x3a
 1318 00d7 0B       		.uleb128 0xb
 1319 00d8 3B       		.uleb128 0x3b
 1320 00d9 0B       		.uleb128 0xb
 1321 00da 27       		.uleb128 0x27
 1322 00db 19       		.uleb128 0x19
 1323 00dc 11       		.uleb128 0x11
 1324 00dd 01       		.uleb128 0x1
 1325 00de 12       		.uleb128 0x12
 1326 00df 06       		.uleb128 0x6
 1327 00e0 40       		.uleb128 0x40
 1328 00e1 18       		.uleb128 0x18
ARM GAS  C:\Users\KEVINH~1\AppData\Local\Temp\ccQYqYSv.s 			page 30


 1329 00e2 9642     		.uleb128 0x2116
 1330 00e4 19       		.uleb128 0x19
 1331 00e5 01       		.uleb128 0x1
 1332 00e6 13       		.uleb128 0x13
 1333 00e7 00       		.byte	0
 1334 00e8 00       		.byte	0
 1335 00e9 13       		.uleb128 0x13
 1336 00ea 05       		.uleb128 0x5
 1337 00eb 00       		.byte	0
 1338 00ec 03       		.uleb128 0x3
 1339 00ed 0E       		.uleb128 0xe
 1340 00ee 3A       		.uleb128 0x3a
 1341 00ef 0B       		.uleb128 0xb
 1342 00f0 3B       		.uleb128 0x3b
 1343 00f1 0B       		.uleb128 0xb
 1344 00f2 49       		.uleb128 0x49
 1345 00f3 13       		.uleb128 0x13
 1346 00f4 02       		.uleb128 0x2
 1347 00f5 18       		.uleb128 0x18
 1348 00f6 00       		.byte	0
 1349 00f7 00       		.byte	0
 1350 00f8 14       		.uleb128 0x14
 1351 00f9 34       		.uleb128 0x34
 1352 00fa 00       		.byte	0
 1353 00fb 03       		.uleb128 0x3
 1354 00fc 0E       		.uleb128 0xe
 1355 00fd 3A       		.uleb128 0x3a
 1356 00fe 0B       		.uleb128 0xb
 1357 00ff 3B       		.uleb128 0x3b
 1358 0100 0B       		.uleb128 0xb
 1359 0101 49       		.uleb128 0x49
 1360 0102 13       		.uleb128 0x13
 1361 0103 02       		.uleb128 0x2
 1362 0104 18       		.uleb128 0x18
 1363 0105 00       		.byte	0
 1364 0106 00       		.byte	0
 1365 0107 15       		.uleb128 0x15
 1366 0108 2E       		.uleb128 0x2e
 1367 0109 01       		.byte	0x1
 1368 010a 3F       		.uleb128 0x3f
 1369 010b 19       		.uleb128 0x19
 1370 010c 03       		.uleb128 0x3
 1371 010d 0E       		.uleb128 0xe
 1372 010e 3A       		.uleb128 0x3a
 1373 010f 0B       		.uleb128 0xb
 1374 0110 3B       		.uleb128 0x3b
 1375 0111 05       		.uleb128 0x5
 1376 0112 27       		.uleb128 0x27
 1377 0113 19       		.uleb128 0x19
 1378 0114 11       		.uleb128 0x11
 1379 0115 01       		.uleb128 0x1
 1380 0116 12       		.uleb128 0x12
 1381 0117 06       		.uleb128 0x6
 1382 0118 40       		.uleb128 0x40
 1383 0119 18       		.uleb128 0x18
 1384 011a 9642     		.uleb128 0x2116
 1385 011c 19       		.uleb128 0x19
ARM GAS  C:\Users\KEVINH~1\AppData\Local\Temp\ccQYqYSv.s 			page 31


 1386 011d 01       		.uleb128 0x1
 1387 011e 13       		.uleb128 0x13
 1388 011f 00       		.byte	0
 1389 0120 00       		.byte	0
 1390 0121 16       		.uleb128 0x16
 1391 0122 34       		.uleb128 0x34
 1392 0123 00       		.byte	0
 1393 0124 03       		.uleb128 0x3
 1394 0125 0E       		.uleb128 0xe
 1395 0126 3A       		.uleb128 0x3a
 1396 0127 0B       		.uleb128 0xb
 1397 0128 3B       		.uleb128 0x3b
 1398 0129 05       		.uleb128 0x5
 1399 012a 49       		.uleb128 0x49
 1400 012b 13       		.uleb128 0x13
 1401 012c 02       		.uleb128 0x2
 1402 012d 18       		.uleb128 0x18
 1403 012e 00       		.byte	0
 1404 012f 00       		.byte	0
 1405 0130 17       		.uleb128 0x17
 1406 0131 34       		.uleb128 0x34
 1407 0132 00       		.byte	0
 1408 0133 03       		.uleb128 0x3
 1409 0134 0E       		.uleb128 0xe
 1410 0135 3A       		.uleb128 0x3a
 1411 0136 0B       		.uleb128 0xb
 1412 0137 3B       		.uleb128 0x3b
 1413 0138 0B       		.uleb128 0xb
 1414 0139 49       		.uleb128 0x49
 1415 013a 13       		.uleb128 0x13
 1416 013b 3F       		.uleb128 0x3f
 1417 013c 19       		.uleb128 0x19
 1418 013d 3C       		.uleb128 0x3c
 1419 013e 19       		.uleb128 0x19
 1420 013f 00       		.byte	0
 1421 0140 00       		.byte	0
 1422 0141 18       		.uleb128 0x18
 1423 0142 26       		.uleb128 0x26
 1424 0143 00       		.byte	0
 1425 0144 49       		.uleb128 0x49
 1426 0145 13       		.uleb128 0x13
 1427 0146 00       		.byte	0
 1428 0147 00       		.byte	0
 1429 0148 19       		.uleb128 0x19
 1430 0149 34       		.uleb128 0x34
 1431 014a 00       		.byte	0
 1432 014b 03       		.uleb128 0x3
 1433 014c 0E       		.uleb128 0xe
 1434 014d 3A       		.uleb128 0x3a
 1435 014e 0B       		.uleb128 0xb
 1436 014f 3B       		.uleb128 0x3b
 1437 0150 05       		.uleb128 0x5
 1438 0151 49       		.uleb128 0x49
 1439 0152 13       		.uleb128 0x13
 1440 0153 3F       		.uleb128 0x3f
 1441 0154 19       		.uleb128 0x19
 1442 0155 3C       		.uleb128 0x3c
ARM GAS  C:\Users\KEVINH~1\AppData\Local\Temp\ccQYqYSv.s 			page 32


 1443 0156 19       		.uleb128 0x19
 1444 0157 00       		.byte	0
 1445 0158 00       		.byte	0
 1446 0159 1A       		.uleb128 0x1a
 1447 015a 34       		.uleb128 0x34
 1448 015b 00       		.byte	0
 1449 015c 03       		.uleb128 0x3
 1450 015d 0E       		.uleb128 0xe
 1451 015e 3A       		.uleb128 0x3a
 1452 015f 0B       		.uleb128 0xb
 1453 0160 3B       		.uleb128 0x3b
 1454 0161 0B       		.uleb128 0xb
 1455 0162 49       		.uleb128 0x49
 1456 0163 13       		.uleb128 0x13
 1457 0164 3F       		.uleb128 0x3f
 1458 0165 19       		.uleb128 0x19
 1459 0166 02       		.uleb128 0x2
 1460 0167 18       		.uleb128 0x18
 1461 0168 00       		.byte	0
 1462 0169 00       		.byte	0
 1463 016a 00       		.byte	0
 1464              		.section	.debug_aranges,"",%progbits
 1465 0000 2C000000 		.4byte	0x2c
 1466 0004 0200     		.2byte	0x2
 1467 0006 00000000 		.4byte	.Ldebug_info0
 1468 000a 04       		.byte	0x4
 1469 000b 00       		.byte	0
 1470 000c 0000     		.2byte	0
 1471 000e 0000     		.2byte	0
 1472 0010 00000000 		.4byte	.LFB35
 1473 0014 44010000 		.4byte	.LFE35-.LFB35
 1474 0018 00000000 		.4byte	.LFB36
 1475 001c 50000000 		.4byte	.LFE36-.LFB36
 1476 0020 00000000 		.4byte	.LFB37
 1477 0024 C0000000 		.4byte	.LFE37-.LFB37
 1478 0028 00000000 		.4byte	0
 1479 002c 00000000 		.4byte	0
 1480              		.section	.debug_ranges,"",%progbits
 1481              	.Ldebug_ranges0:
 1482 0000 00000000 		.4byte	.LFB35
 1483 0004 44010000 		.4byte	.LFE35
 1484 0008 00000000 		.4byte	.LFB36
 1485 000c 50000000 		.4byte	.LFE36
 1486 0010 00000000 		.4byte	.LFB37
 1487 0014 C0000000 		.4byte	.LFE37
 1488 0018 00000000 		.4byte	0
 1489 001c 00000000 		.4byte	0
 1490              		.section	.debug_line,"",%progbits
 1491              	.Ldebug_line0:
 1492 0000 37010000 		.section	.debug_str,"MS",%progbits,1
 1492      0200AF00 
 1492      00000201 
 1492      FB0E0D00 
 1492      01010101 
 1493              	.LASF107:
 1494 0000 55706461 		.ascii	"UpdateRGBled\000"
 1494      74655247 
ARM GAS  C:\Users\KEVINH~1\AppData\Local\Temp\ccQYqYSv.s 			page 33


 1494      426C6564 
 1494      00
 1495              	.LASF24:
 1496 000d 4359424C 		.ascii	"CYBLE_EVT_GAP_PASSKEY_ENTRY_REQUEST\000"
 1496      455F4556 
 1496      545F4741 
 1496      505F5041 
 1496      53534B45 
 1497              	.LASF84:
 1498 0031 68616E64 		.ascii	"handleValPair\000"
 1498      6C655661 
 1498      6C506169 
 1498      7200
 1499              	.LASF93:
 1500 003f 4359424C 		.ascii	"CYBLE_STATE_INITIALIZING\000"
 1500      455F5354 
 1500      4154455F 
 1500      494E4954 
 1500      49414C49 
 1501              	.LASF116:
 1502 0058 73656E64 		.ascii	"sendCapSenseSliderNotifications\000"
 1502      43617053 
 1502      656E7365 
 1502      536C6964 
 1502      65724E6F 
 1503              	.LASF32:
 1504 0078 4359424C 		.ascii	"CYBLE_EVT_GAP_CONNECTION_UPDATE_COMPLETE\000"
 1504      455F4556 
 1504      545F4741 
 1504      505F434F 
 1504      4E4E4543 
 1505              	.LASF30:
 1506 00a1 4359424C 		.ascii	"CYBLE_EVT_GAP_DEVICE_DISCONNECTED\000"
 1506      455F4556 
 1506      545F4741 
 1506      505F4445 
 1506      56494345 
 1507              	.LASF115:
 1508 00c3 64657669 		.ascii	"deviceConnected\000"
 1508      6365436F 
 1508      6E6E6563 
 1508      74656400 
 1509              	.LASF2:
 1510 00d3 73686F72 		.ascii	"short int\000"
 1510      7420696E 
 1510      7400
 1511              	.LASF27:
 1512 00dd 4359424C 		.ascii	"CYBLE_EVT_GAP_AUTH_FAILED\000"
 1512      455F4556 
 1512      545F4741 
 1512      505F4155 
 1512      54485F46 
 1513              	.LASF37:
 1514 00f7 4359424C 		.ascii	"CYBLE_EVT_GATT_DISCONNECT_IND\000"
 1514      455F4556 
 1514      545F4741 
 1514      54545F44 
ARM GAS  C:\Users\KEVINH~1\AppData\Local\Temp\ccQYqYSv.s 			page 34


 1514      4953434F 
 1515              	.LASF15:
 1516 0115 73697A65 		.ascii	"sizetype\000"
 1516      74797065 
 1516      00
 1517              	.LASF83:
 1518 011e 636F6E6E 		.ascii	"connHandle\000"
 1518      48616E64 
 1518      6C6500
 1519              	.LASF103:
 1520 0129 43757374 		.ascii	"CustomEventHandler\000"
 1520      6F6D4576 
 1520      656E7448 
 1520      616E646C 
 1520      657200
 1521              	.LASF100:
 1522 013c 77725265 		.ascii	"wrReqParam\000"
 1522      71506172 
 1522      616D00
 1523              	.LASF35:
 1524 0147 4359424C 		.ascii	"CYBLE_EVT_GATTC_ERROR_RSP\000"
 1524      455F4556 
 1524      545F4741 
 1524      5454435F 
 1524      4552524F 
 1525              	.LASF98:
 1526 0161 6576656E 		.ascii	"event\000"
 1526      7400
 1527              	.LASF20:
 1528 0167 4359424C 		.ascii	"CYBLE_EVT_HCI_STATUS\000"
 1528      455F4556 
 1528      545F4843 
 1528      495F5354 
 1528      41545553 
 1529              	.LASF41:
 1530 017c 4359424C 		.ascii	"CYBLE_EVT_GATTC_READ_BY_TYPE_RSP\000"
 1530      455F4556 
 1530      545F4741 
 1530      5454435F 
 1530      52454144 
 1531              	.LASF17:
 1532 019d 4359424C 		.ascii	"CYBLE_EVT_STACK_ON\000"
 1532      455F4556 
 1532      545F5354 
 1532      41434B5F 
 1532      4F4E00
 1533              	.LASF94:
 1534 01b0 4359424C 		.ascii	"CYBLE_STATE_CONNECTED\000"
 1534      455F5354 
 1534      4154455F 
 1534      434F4E4E 
 1534      45435445 
 1535              	.LASF38:
 1536 01c6 4359424C 		.ascii	"CYBLE_EVT_GATTS_XCNHG_MTU_REQ\000"
 1536      455F4556 
 1536      545F4741 
 1536      5454535F 
ARM GAS  C:\Users\KEVINH~1\AppData\Local\Temp\ccQYqYSv.s 			page 35


 1536      58434E48 
 1537              	.LASF110:
 1538 01e4 64656275 		.ascii	"debug_blue\000"
 1538      675F626C 
 1538      756500
 1539              	.LASF10:
 1540 01ef 75696E74 		.ascii	"uint16\000"
 1540      313600
 1541              	.LASF75:
 1542 01f6 61747449 		.ascii	"attId\000"
 1542      6400
 1543              	.LASF87:
 1544 01fc 63757374 		.ascii	"customServCharDesc\000"
 1544      6F6D5365 
 1544      72764368 
 1544      61724465 
 1544      736300
 1545              	.LASF46:
 1546 020f 4359424C 		.ascii	"CYBLE_EVT_GATTC_READ_MULTI_RSP\000"
 1546      455F4556 
 1546      545F4741 
 1546      5454435F 
 1546      52454144 
 1547              	.LASF102:
 1548 022e 43617053 		.ascii	"CapSenseNotificationCCCDhandle\000"
 1548      656E7365 
 1548      4E6F7469 
 1548      66696361 
 1548      74696F6E 
 1549              	.LASF16:
 1550 024d 4359424C 		.ascii	"CYBLE_EVT_HOST_INVALID\000"
 1550      455F4556 
 1550      545F484F 
 1550      53545F49 
 1550      4E56414C 
 1551              	.LASF114:
 1552 0264 6379426C 		.ascii	"cyBle_connHandle\000"
 1552      655F636F 
 1552      6E6E4861 
 1552      6E646C65 
 1552      00
 1553              	.LASF62:
 1554 0275 4359424C 		.ascii	"CYBLE_EVT_L2CAP_CBFC_CONN_IND\000"
 1554      455F4556 
 1554      545F4C32 
 1554      4341505F 
 1554      43424643 
 1555              	.LASF65:
 1556 0293 4359424C 		.ascii	"CYBLE_EVT_L2CAP_CBFC_DISCONN_CNF\000"
 1556      455F4556 
 1556      545F4C32 
 1556      4341505F 
 1556      43424643 
 1557              	.LASF119:
 1558 02b4 474E5520 		.ascii	"GNU C 4.8.4 20140526 (release) [ARM/embedded-4_8-br"
 1558      4320342E 
 1558      382E3420 
ARM GAS  C:\Users\KEVINH~1\AppData\Local\Temp\ccQYqYSv.s 			page 36


 1558      32303134 
 1558      30353236 
 1559 02e7 616E6368 		.ascii	"anch revision 211358] -mcpu=cortex-m0 -mthumb -g -O"
 1559      20726576 
 1559      6973696F 
 1559      6E203231 
 1559      31333538 
 1560 031a 30202D66 		.ascii	"0 -ffunction-sections\000"
 1560      66756E63 
 1560      74696F6E 
 1560      2D736563 
 1560      74696F6E 
 1561              	.LASF106:
 1562 0330 43617053 		.ascii	"CapSensenotificationHandle\000"
 1562      656E7365 
 1562      6E6F7469 
 1562      66696361 
 1562      74696F6E 
 1563              	.LASF74:
 1564 034b 62644861 		.ascii	"bdHandle\000"
 1564      6E646C65 
 1564      00
 1565              	.LASF12:
 1566 0354 666C6F61 		.ascii	"float\000"
 1566      7400
 1567              	.LASF104:
 1568 035a 53656E64 		.ascii	"SendCapSenseNotification\000"
 1568      43617053 
 1568      656E7365 
 1568      4E6F7469 
 1568      66696361 
 1569              	.LASF44:
 1570 0373 4359424C 		.ascii	"CYBLE_EVT_GATTC_READ_RSP\000"
 1570      455F4556 
 1570      545F4741 
 1570      5454435F 
 1570      52454144 
 1571              	.LASF48:
 1572 038c 4359424C 		.ascii	"CYBLE_EVT_GATTC_WRITE_RSP\000"
 1572      455F4556 
 1572      545F4741 
 1572      5454435F 
 1572      57524954 
 1573              	.LASF6:
 1574 03a6 6C6F6E67 		.ascii	"long long int\000"
 1574      206C6F6E 
 1574      6720696E 
 1574      7400
 1575              	.LASF7:
 1576 03b4 6C6F6E67 		.ascii	"long long unsigned int\000"
 1576      206C6F6E 
 1576      6720756E 
 1576      7369676E 
 1576      65642069 
 1577              	.LASF88:
 1578 03cb 4359424C 		.ascii	"CYBLE_CUSTOMS_INFO_T\000"
 1578      455F4355 
ARM GAS  C:\Users\KEVINH~1\AppData\Local\Temp\ccQYqYSv.s 			page 37


 1578      53544F4D 
 1578      535F494E 
 1578      464F5F54 
 1579              	.LASF82:
 1580 03e0 4359424C 		.ascii	"CYBLE_GATTS_HANDLE_VALUE_NTF_T\000"
 1580      455F4741 
 1580      5454535F 
 1580      48414E44 
 1580      4C455F56 
 1581              	.LASF4:
 1582 03ff 6C6F6E67 		.ascii	"long int\000"
 1582      20696E74 
 1582      00
 1583              	.LASF54:
 1584 0408 4359424C 		.ascii	"CYBLE_EVT_GATTC_HANDLE_VALUE_IND\000"
 1584      455F4556 
 1584      545F4741 
 1584      5454435F 
 1584      48414E44 
 1585              	.LASF105:
 1586 0429 43617053 		.ascii	"CapSenseSliderData\000"
 1586      656E7365 
 1586      536C6964 
 1586      65724461 
 1586      746100
 1587              	.LASF29:
 1588 043c 4359424C 		.ascii	"CYBLE_EVT_GAP_DEVICE_CONNECTED\000"
 1588      455F4556 
 1588      545F4741 
 1588      505F4445 
 1588      56494345 
 1589              	.LASF109:
 1590 045b 64656275 		.ascii	"debug_green\000"
 1590      675F6772 
 1590      65656E00 
 1591              	.LASF28:
 1592 0467 4359424C 		.ascii	"CYBLE_EVT_GAPP_ADVERTISEMENT_START_STOP\000"
 1592      455F4556 
 1592      545F4741 
 1592      50505F41 
 1592      44564552 
 1593              	.LASF53:
 1594 048f 4359424C 		.ascii	"CYBLE_EVT_GATTC_HANDLE_VALUE_NTF\000"
 1594      455F4556 
 1594      545F4741 
 1594      5454435F 
 1594      48414E44 
 1595              	.LASF21:
 1596 04b0 4359424C 		.ascii	"CYBLE_EVT_STACK_BUSY_STATUS\000"
 1596      455F4556 
 1596      545F5354 
 1596      41434B5F 
 1596      42555359 
 1597              	.LASF85:
 1598 04cc 4359424C 		.ascii	"CYBLE_GATTS_WRITE_REQ_PARAM_T\000"
 1598      455F4741 
 1598      5454535F 
ARM GAS  C:\Users\KEVINH~1\AppData\Local\Temp\ccQYqYSv.s 			page 38


 1598      57524954 
 1598      455F5245 
 1599              	.LASF101:
 1600 04ea 43617053 		.ascii	"CapSenseCCCDvalue\000"
 1600      656E7365 
 1600      43434344 
 1600      76616C75 
 1600      6500
 1601              	.LASF25:
 1602 04fc 4359424C 		.ascii	"CYBLE_EVT_GAP_PASSKEY_DISPLAY_REQUEST\000"
 1602      455F4556 
 1602      545F4741 
 1602      505F5041 
 1602      53534B45 
 1603              	.LASF117:
 1604 0522 72676248 		.ascii	"rgbHandle\000"
 1604      616E646C 
 1604      6500
 1605              	.LASF91:
 1606 052c 4359424C 		.ascii	"CYBLE_CUSTOMS_T\000"
 1606      455F4355 
 1606      53544F4D 
 1606      535F5400 
 1607              	.LASF63:
 1608 053c 4359424C 		.ascii	"CYBLE_EVT_L2CAP_CBFC_CONN_CNF\000"
 1608      455F4556 
 1608      545F4C32 
 1608      4341505F 
 1608      43424643 
 1609              	.LASF72:
 1610 055a 4359424C 		.ascii	"CYBLE_EVT_MAX\000"
 1610      455F4556 
 1610      545F4D41 
 1610      5800
 1611              	.LASF9:
 1612 0568 75696E74 		.ascii	"uint8\000"
 1612      3800
 1613              	.LASF59:
 1614 056e 4359424C 		.ascii	"CYBLE_EVT_L2CAP_CONN_PARAM_UPDATE_REQ\000"
 1614      455F4556 
 1614      545F4C32 
 1614      4341505F 
 1614      434F4E4E 
 1615              	.LASF1:
 1616 0594 756E7369 		.ascii	"unsigned char\000"
 1616      676E6564 
 1616      20636861 
 1616      7200
 1617              	.LASF90:
 1618 05a2 63757374 		.ascii	"customServInfo\000"
 1618      6F6D5365 
 1618      7276496E 
 1618      666F00
 1619              	.LASF50:
 1620 05b1 4359424C 		.ascii	"CYBLE_EVT_GATTS_PREP_WRITE_REQ\000"
 1620      455F4556 
 1620      545F4741 
ARM GAS  C:\Users\KEVINH~1\AppData\Local\Temp\ccQYqYSv.s 			page 39


 1620      5454535F 
 1620      50524550 
 1621              	.LASF113:
 1622 05d0 6379426C 		.ascii	"cyBle_state\000"
 1622      655F7374 
 1622      61746500 
 1623              	.LASF71:
 1624 05dc 4359424C 		.ascii	"CYBLE_EVT_LE_PING_AUTH_TIMEOUT\000"
 1624      455F4556 
 1624      545F4C45 
 1624      5F50494E 
 1624      475F4155 
 1625              	.LASF42:
 1626 05fb 4359424C 		.ascii	"CYBLE_EVT_GATTC_FIND_INFO_RSP\000"
 1626      455F4556 
 1626      545F4741 
 1626      5454435F 
 1626      46494E44 
 1627              	.LASF0:
 1628 0619 7369676E 		.ascii	"signed char\000"
 1628      65642063 
 1628      68617200 
 1629              	.LASF47:
 1630 0625 4359424C 		.ascii	"CYBLE_EVT_GATTS_WRITE_REQ\000"
 1630      455F4556 
 1630      545F4741 
 1630      5454535F 
 1630      57524954 
 1631              	.LASF43:
 1632 063f 4359424C 		.ascii	"CYBLE_EVT_GATTC_FIND_BY_TYPE_VALUE_RSP\000"
 1632      455F4556 
 1632      545F4741 
 1632      5454435F 
 1632      46494E44 
 1633              	.LASF26:
 1634 0666 4359424C 		.ascii	"CYBLE_EVT_GAP_AUTH_COMPLETE\000"
 1634      455F4556 
 1634      545F4741 
 1634      505F4155 
 1634      54485F43 
 1635              	.LASF8:
 1636 0682 756E7369 		.ascii	"unsigned int\000"
 1636      676E6564 
 1636      20696E74 
 1636      00
 1637              	.LASF55:
 1638 068f 4359424C 		.ascii	"CYBLE_EVT_GATTS_HANDLE_VALUE_CNF\000"
 1638      455F4556 
 1638      545F4741 
 1638      5454535F 
 1638      48414E44 
 1639              	.LASF36:
 1640 06b0 4359424C 		.ascii	"CYBLE_EVT_GATT_CONNECT_IND\000"
 1640      455F4556 
 1640      545F4741 
 1640      54545F43 
 1640      4F4E4E45 
ARM GAS  C:\Users\KEVINH~1\AppData\Local\Temp\ccQYqYSv.s 			page 40


 1641              	.LASF5:
 1642 06cb 6C6F6E67 		.ascii	"long unsigned int\000"
 1642      20756E73 
 1642      69676E65 
 1642      6420696E 
 1642      7400
 1643              	.LASF23:
 1644 06dd 4359424C 		.ascii	"CYBLE_EVT_GAP_AUTH_REQ\000"
 1644      455F4556 
 1644      545F4741 
 1644      505F4155 
 1644      54485F52 
 1645              	.LASF97:
 1646 06f4 4359424C 		.ascii	"CYBLE_STATE_T\000"
 1646      455F5354 
 1646      4154455F 
 1646      5400
 1647              	.LASF64:
 1648 0702 4359424C 		.ascii	"CYBLE_EVT_L2CAP_CBFC_DISCONN_IND\000"
 1648      455F4556 
 1648      545F4C32 
 1648      4341505F 
 1648      43424643 
 1649              	.LASF31:
 1650 0723 4359424C 		.ascii	"CYBLE_EVT_GAP_ENCRYPT_CHANGE\000"
 1650      455F4556 
 1650      545F4741 
 1650      505F454E 
 1650      43525950 
 1651              	.LASF34:
 1652 0740 4359424C 		.ascii	"CYBLE_EVT_GAP_KEYINFO_EXCHNGE_CMPLT\000"
 1652      455F4556 
 1652      545F4741 
 1652      505F4B45 
 1652      59494E46 
 1653              	.LASF118:
 1654 0764 5247426C 		.ascii	"RGBledData\000"
 1654      65644461 
 1654      746100
 1655              	.LASF14:
 1656 076f 63686172 		.ascii	"char\000"
 1656      00
 1657              	.LASF121:
 1658 0774 433A5C55 		.ascii	"C:\\Users\\kevinhung\\Desktop\\ble\\Cypress BLE Wor"
 1658      73657273 
 1658      5C6B6576 
 1658      696E6875 
 1658      6E675C44 
 1659 07a2 6B73686F 		.ascii	"kshop\\Workshop Exrecises and Manuals\\Template Lab"
 1659      705C576F 
 1659      726B7368 
 1659      6F702045 
 1659      78726563 
 1660 07d3 735C424C 		.ascii	"s\\BLE Lab 3\\BLE Lab 3.cydsn\000"
 1660      45204C61 
 1660      6220335C 
 1660      424C4520 
ARM GAS  C:\Users\KEVINH~1\AppData\Local\Temp\ccQYqYSv.s 			page 41


 1660      4C616220 
 1661              	.LASF78:
 1662 07ef 4359424C 		.ascii	"CYBLE_GATT_VALUE_T\000"
 1662      455F4741 
 1662      54545F56 
 1662      414C5545 
 1662      5F5400
 1663              	.LASF61:
 1664 0802 4359424C 		.ascii	"CYBLE_EVT_L2CAP_COMMAND_REJ\000"
 1664      455F4556 
 1664      545F4C32 
 1664      4341505F 
 1664      434F4D4D 
 1665              	.LASF3:
 1666 081e 73686F72 		.ascii	"short unsigned int\000"
 1666      7420756E 
 1666      7369676E 
 1666      65642069 
 1666      6E7400
 1667              	.LASF96:
 1668 0831 4359424C 		.ascii	"CYBLE_STATE_DISCONNECTED\000"
 1668      455F5354 
 1668      4154455F 
 1668      44495343 
 1668      4F4E4E45 
 1669              	.LASF111:
 1670 084a 696E7465 		.ascii	"intensity_divide_value\000"
 1670      6E736974 
 1670      795F6469 
 1670      76696465 
 1670      5F76616C 
 1671              	.LASF108:
 1672 0861 64656275 		.ascii	"debug_red\000"
 1672      675F7265 
 1672      6400
 1673              	.LASF66:
 1674 086b 4359424C 		.ascii	"CYBLE_EVT_L2CAP_CBFC_DATA_READ\000"
 1674      455F4556 
 1674      545F4C32 
 1674      4341505F 
 1674      43424643 
 1675              	.LASF45:
 1676 088a 4359424C 		.ascii	"CYBLE_EVT_GATTC_READ_BLOB_RSP\000"
 1676      455F4556 
 1676      545F4741 
 1676      5454435F 
 1676      52454144 
 1677              	.LASF95:
 1678 08a8 4359424C 		.ascii	"CYBLE_STATE_ADVERTISING\000"
 1678      455F5354 
 1678      4154455F 
 1678      41445645 
 1678      52544953 
 1679              	.LASF52:
 1680 08c0 4359424C 		.ascii	"CYBLE_EVT_GATTC_EXEC_WRITE_RSP\000"
 1680      455F4556 
 1680      545F4741 
ARM GAS  C:\Users\KEVINH~1\AppData\Local\Temp\ccQYqYSv.s 			page 42


 1680      5454435F 
 1680      45584543 
 1681              	.LASF11:
 1682 08df 75696E74 		.ascii	"uint32\000"
 1682      333200
 1683              	.LASF70:
 1684 08e6 4359424C 		.ascii	"CYBLE_EVT_PENDING_FLASH_WRITE\000"
 1684      455F4556 
 1684      545F5045 
 1684      4E44494E 
 1684      475F464C 
 1685              	.LASF67:
 1686 0904 4359424C 		.ascii	"CYBLE_EVT_L2CAP_CBFC_RX_CREDIT_IND\000"
 1686      455F4556 
 1686      545F4C32 
 1686      4341505F 
 1686      43424643 
 1687              	.LASF80:
 1688 0927 61747472 		.ascii	"attrHandle\000"
 1688      48616E64 
 1688      6C6500
 1689              	.LASF13:
 1690 0932 646F7562 		.ascii	"double\000"
 1690      6C6500
 1691              	.LASF76:
 1692 0939 4359424C 		.ascii	"CYBLE_CONN_HANDLE_T\000"
 1692      455F434F 
 1692      4E4E5F48 
 1692      414E444C 
 1692      455F5400 
 1693              	.LASF81:
 1694 094d 4359424C 		.ascii	"CYBLE_GATT_HANDLE_VALUE_PAIR_T\000"
 1694      455F4741 
 1694      54545F48 
 1694      414E444C 
 1694      455F5641 
 1695              	.LASF68:
 1696 096c 4359424C 		.ascii	"CYBLE_EVT_L2CAP_CBFC_TX_CREDIT_IND\000"
 1696      455F4556 
 1696      545F4C32 
 1696      4341505F 
 1696      43424643 
 1697              	.LASF86:
 1698 098f 63757374 		.ascii	"customServCharHandle\000"
 1698      6F6D5365 
 1698      72764368 
 1698      61724861 
 1698      6E646C65 
 1699              	.LASF19:
 1700 09a4 4359424C 		.ascii	"CYBLE_EVT_HARDWARE_ERROR\000"
 1700      455F4556 
 1700      545F4841 
 1700      52445741 
 1700      52455F45 
 1701              	.LASF92:
 1702 09bd 4359424C 		.ascii	"CYBLE_STATE_STOPPED\000"
 1702      455F5354 
ARM GAS  C:\Users\KEVINH~1\AppData\Local\Temp\ccQYqYSv.s 			page 43


 1702      4154455F 
 1702      53544F50 
 1702      50454400 
 1703              	.LASF60:
 1704 09d1 4359424C 		.ascii	"CYBLE_EVT_L2CAP_CONN_PARAM_UPDATE_RSP\000"
 1704      455F4556 
 1704      545F4C32 
 1704      4341505F 
 1704      434F4E4E 
 1705              	.LASF22:
 1706 09f7 4359424C 		.ascii	"CYBLE_EVT_GAPC_SCAN_PROGRESS_RESULT\000"
 1706      455F4556 
 1706      545F4741 
 1706      50435F53 
 1706      43414E5F 
 1707              	.LASF77:
 1708 0a1b 61637475 		.ascii	"actualLen\000"
 1708      616C4C65 
 1708      6E00
 1709              	.LASF40:
 1710 0a25 4359424C 		.ascii	"CYBLE_EVT_GATTC_READ_BY_GROUP_TYPE_RSP\000"
 1710      455F4556 
 1710      545F4741 
 1710      5454435F 
 1710      52454144 
 1711              	.LASF49:
 1712 0a4c 4359424C 		.ascii	"CYBLE_EVT_GATTS_WRITE_CMD_REQ\000"
 1712      455F4556 
 1712      545F4741 
 1712      5454535F 
 1712      57524954 
 1713              	.LASF39:
 1714 0a6a 4359424C 		.ascii	"CYBLE_EVT_GATTC_XCHNG_MTU_RSP\000"
 1714      455F4556 
 1714      545F4741 
 1714      5454435F 
 1714      5843484E 
 1715              	.LASF18:
 1716 0a88 4359424C 		.ascii	"CYBLE_EVT_TIMEOUT\000"
 1716      455F4556 
 1716      545F5449 
 1716      4D454F55 
 1716      5400
 1717              	.LASF69:
 1718 0a9a 4359424C 		.ascii	"CYBLE_EVT_L2CAP_CBFC_DATA_WRITE_IND\000"
 1718      455F4556 
 1718      545F4C32 
 1718      4341505F 
 1718      43424643 
 1719              	.LASF33:
 1720 0abe 4359424C 		.ascii	"CYBLE_EVT_GAPC_SCAN_START_STOP\000"
 1720      455F4556 
 1720      545F4741 
 1720      50435F53 
 1720      43414E5F 
 1721              	.LASF58:
 1722 0add 4359424C 		.ascii	"CYBLE_EVT_GATTS_READ_CHAR_VAL_ACCESS_REQ\000"
ARM GAS  C:\Users\KEVINH~1\AppData\Local\Temp\ccQYqYSv.s 			page 44


 1722      455F4556 
 1722      545F4741 
 1722      5454535F 
 1722      52454144 
 1723              	.LASF57:
 1724 0b06 4359424C 		.ascii	"CYBLE_EVT_GATTC_STOP_CMD_COMPLETE\000"
 1724      455F4556 
 1724      545F4741 
 1724      5454435F 
 1724      53544F50 
 1725              	.LASF79:
 1726 0b28 76616C75 		.ascii	"value\000"
 1726      6500
 1727              	.LASF51:
 1728 0b2e 4359424C 		.ascii	"CYBLE_EVT_GATTS_EXEC_WRITE_REQ\000"
 1728      455F4556 
 1728      545F4741 
 1728      5454535F 
 1728      45584543 
 1729              	.LASF73:
 1730 0b4d 4359424C 		.ascii	"CYBLE_GATT_DB_ATTR_HANDLE_T\000"
 1730      455F4741 
 1730      54545F44 
 1730      425F4154 
 1730      54525F48 
 1731              	.LASF99:
 1732 0b69 6576656E 		.ascii	"eventParam\000"
 1732      74506172 
 1732      616D00
 1733              	.LASF112:
 1734 0b74 6379426C 		.ascii	"cyBle_customs\000"
 1734      655F6375 
 1734      73746F6D 
 1734      7300
 1735              	.LASF56:
 1736 0b82 4359424C 		.ascii	"CYBLE_EVT_GATTS_DATA_SIGNED_CMD_REQ\000"
 1736      455F4556 
 1736      545F4741 
 1736      5454535F 
 1736      44415441 
 1737              	.LASF120:
 1738 0ba6 2E5C424C 		.ascii	".\\BLEApplications.c\000"
 1738      45417070 
 1738      6C696361 
 1738      74696F6E 
 1738      732E6300 
 1739              	.LASF89:
 1740 0bba 63757374 		.ascii	"customServHandle\000"
 1740      6F6D5365 
 1740      72764861 
 1740      6E646C65 
 1740      00
 1741              		.ident	"GCC: (GNU Tools for ARM Embedded Processors) 4.8.4 20140526 (release) [ARM/embedded-4_8-br
