ARM GAS  C:\Users\KEVINH~1\AppData\Local\Temp\ccCWX1ZJ.s 			page 1


   1              		.cpu cortex-m0
   2              		.fpu softvfp
   3              		.eabi_attribute 20, 1
   4              		.eabi_attribute 21, 1
   5              		.eabi_attribute 23, 3
   6              		.eabi_attribute 24, 1
   7              		.eabi_attribute 25, 1
   8              		.eabi_attribute 26, 1
   9              		.eabi_attribute 30, 6
  10              		.eabi_attribute 34, 0
  11              		.eabi_attribute 18, 4
  12              		.code	16
  13              		.file	"BLE_dis.c"
  14              		.text
  15              	.Ltext0:
  16              		.cfi_sections	.debug_frame
  17              		.global	cyBle_diss
  18              		.section	.rodata
  19              		.align	2
  20              		.type	cyBle_diss, %object
  21              		.size	cyBle_diss, 20
  22              	cyBle_diss:
  23 0000 1400     		.short	20
  24 0002 1600     		.short	22
  25 0004 1800     		.short	24
  26 0006 1A00     		.short	26
  27 0008 1C00     		.short	28
  28 000a 1E00     		.short	30
  29 000c 2000     		.short	32
  30 000e 2200     		.short	34
  31 0010 2400     		.short	36
  32 0012 2600     		.short	38
  33              		.section	.text.CyBle_DisInit,"ax",%progbits
  34              		.align	2
  35              		.global	CyBle_DisInit
  36              		.code	16
  37              		.thumb_func
  38              		.type	CyBle_DisInit, %function
  39              	CyBle_DisInit:
  40              	.LFB2:
  41              		.file 1 ".\\Generated_Source\\PSoC4\\BLE_dis.c"
   1:.\Generated_Source\PSoC4/BLE_dis.c **** /*******************************************************************************
   2:.\Generated_Source\PSoC4/BLE_dis.c **** File Name: CYBLE_dis.c
   3:.\Generated_Source\PSoC4/BLE_dis.c **** Version 2.0
   4:.\Generated_Source\PSoC4/BLE_dis.c **** 
   5:.\Generated_Source\PSoC4/BLE_dis.c **** Description:
   6:.\Generated_Source\PSoC4/BLE_dis.c ****  Contains the source code for the Device Information Service.
   7:.\Generated_Source\PSoC4/BLE_dis.c **** 
   8:.\Generated_Source\PSoC4/BLE_dis.c **** ********************************************************************************
   9:.\Generated_Source\PSoC4/BLE_dis.c **** Copyright 2014-2015, Cypress Semiconductor Corporation.  All rights reserved.
  10:.\Generated_Source\PSoC4/BLE_dis.c **** You may use this file only in accordance with the license, terms, conditions,
  11:.\Generated_Source\PSoC4/BLE_dis.c **** disclaimers, and limitations in the end user license agreement accompanying
  12:.\Generated_Source\PSoC4/BLE_dis.c **** the software package with which this file was provided.
  13:.\Generated_Source\PSoC4/BLE_dis.c **** *******************************************************************************/
  14:.\Generated_Source\PSoC4/BLE_dis.c **** 
  15:.\Generated_Source\PSoC4/BLE_dis.c **** 
  16:.\Generated_Source\PSoC4/BLE_dis.c **** #include "BLE_eventHandler.h"
ARM GAS  C:\Users\KEVINH~1\AppData\Local\Temp\ccCWX1ZJ.s 			page 2


  17:.\Generated_Source\PSoC4/BLE_dis.c **** 
  18:.\Generated_Source\PSoC4/BLE_dis.c **** #ifdef CYBLE_DIS_SERVER
  19:.\Generated_Source\PSoC4/BLE_dis.c **** 
  20:.\Generated_Source\PSoC4/BLE_dis.c **** const CYBLE_DISS_T cyBle_diss =
  21:.\Generated_Source\PSoC4/BLE_dis.c **** {
  22:.\Generated_Source\PSoC4/BLE_dis.c ****     0x0014u,    /* Handle of the DIS service */
  23:.\Generated_Source\PSoC4/BLE_dis.c ****     {
  24:.\Generated_Source\PSoC4/BLE_dis.c ****         0x0016u, /* Handle of the Manufacturer Name String characteristic */ 
  25:.\Generated_Source\PSoC4/BLE_dis.c ****         0x0018u, /* Handle of the Model Number String characteristic */ 
  26:.\Generated_Source\PSoC4/BLE_dis.c ****         0x001Au, /* Handle of the Serial Number String characteristic */ 
  27:.\Generated_Source\PSoC4/BLE_dis.c ****         0x001Cu, /* Handle of the Hardware Revision String characteristic */ 
  28:.\Generated_Source\PSoC4/BLE_dis.c ****         0x001Eu, /* Handle of the Firmware Revision String characteristic */ 
  29:.\Generated_Source\PSoC4/BLE_dis.c ****         0x0020u, /* Handle of the Software Revision String characteristic */ 
  30:.\Generated_Source\PSoC4/BLE_dis.c ****         0x0022u, /* Handle of the System ID characteristic */ 
  31:.\Generated_Source\PSoC4/BLE_dis.c ****         0x0024u, /* Handle of the IEEE 11073-20601 Regulatory Certification Data List characteristi
  32:.\Generated_Source\PSoC4/BLE_dis.c ****         0x0026u, /* Handle of the PnP ID characteristic */ 
  33:.\Generated_Source\PSoC4/BLE_dis.c ****     },
  34:.\Generated_Source\PSoC4/BLE_dis.c **** };
  35:.\Generated_Source\PSoC4/BLE_dis.c **** 
  36:.\Generated_Source\PSoC4/BLE_dis.c **** #endif /* CYBLE_DIS_SERVER */
  37:.\Generated_Source\PSoC4/BLE_dis.c **** 
  38:.\Generated_Source\PSoC4/BLE_dis.c **** #ifdef CYBLE_DIS_CLIENT
  39:.\Generated_Source\PSoC4/BLE_dis.c **** 
  40:.\Generated_Source\PSoC4/BLE_dis.c **** CYBLE_DISC_T cyBle_disc;
  41:.\Generated_Source\PSoC4/BLE_dis.c **** static CYBLE_GATT_DB_ATTR_HANDLE_T cyBle_discReqHandle;
  42:.\Generated_Source\PSoC4/BLE_dis.c **** static CYBLE_CALLBACK_T CyBle_DisApplCallback = NULL;
  43:.\Generated_Source\PSoC4/BLE_dis.c **** 
  44:.\Generated_Source\PSoC4/BLE_dis.c **** #endif /* (CYBLE_DIS_CLIENT) */
  45:.\Generated_Source\PSoC4/BLE_dis.c **** 
  46:.\Generated_Source\PSoC4/BLE_dis.c **** 
  47:.\Generated_Source\PSoC4/BLE_dis.c **** /****************************************************************************** 
  48:.\Generated_Source\PSoC4/BLE_dis.c **** ##Function Name: CyBle_DisInit
  49:.\Generated_Source\PSoC4/BLE_dis.c **** *******************************************************************************
  50:.\Generated_Source\PSoC4/BLE_dis.c **** 
  51:.\Generated_Source\PSoC4/BLE_dis.c **** Summary:
  52:.\Generated_Source\PSoC4/BLE_dis.c ****  This function initializes the DIS service.
  53:.\Generated_Source\PSoC4/BLE_dis.c **** 
  54:.\Generated_Source\PSoC4/BLE_dis.c **** Parameters:
  55:.\Generated_Source\PSoC4/BLE_dis.c ****  None
  56:.\Generated_Source\PSoC4/BLE_dis.c **** 
  57:.\Generated_Source\PSoC4/BLE_dis.c **** Return:
  58:.\Generated_Source\PSoC4/BLE_dis.c ****  None
  59:.\Generated_Source\PSoC4/BLE_dis.c **** 
  60:.\Generated_Source\PSoC4/BLE_dis.c **** ******************************************************************************/
  61:.\Generated_Source\PSoC4/BLE_dis.c **** void CyBle_DisInit(void)
  62:.\Generated_Source\PSoC4/BLE_dis.c **** {
  42              		.loc 1 62 0
  43              		.cfi_startproc
  44 0000 80B5     		push	{r7, lr}
  45              		.cfi_def_cfa_offset 8
  46              		.cfi_offset 7, -8
  47              		.cfi_offset 14, -4
  48 0002 00AF     		add	r7, sp, #0
  49              		.cfi_def_cfa_register 7
  63:.\Generated_Source\PSoC4/BLE_dis.c **** 
  64:.\Generated_Source\PSoC4/BLE_dis.c **** #ifdef CYBLE_DIS_CLIENT
  65:.\Generated_Source\PSoC4/BLE_dis.c **** 
ARM GAS  C:\Users\KEVINH~1\AppData\Local\Temp\ccCWX1ZJ.s 			page 3


  66:.\Generated_Source\PSoC4/BLE_dis.c ****     (void)memset(&cyBle_disc, 0, sizeof(cyBle_disc));
  67:.\Generated_Source\PSoC4/BLE_dis.c ****     cyBle_discReqHandle = CYBLE_GATT_INVALID_ATTR_HANDLE_VALUE;
  68:.\Generated_Source\PSoC4/BLE_dis.c **** 
  69:.\Generated_Source\PSoC4/BLE_dis.c **** #endif /* CYBLE_DIS_CLIENT */
  70:.\Generated_Source\PSoC4/BLE_dis.c **** 
  71:.\Generated_Source\PSoC4/BLE_dis.c **** }
  50              		.loc 1 71 0
  51 0004 BD46     		mov	sp, r7
  52              		@ sp needed
  53 0006 80BD     		pop	{r7, pc}
  54              		.cfi_endproc
  55              	.LFE2:
  56              		.size	CyBle_DisInit, .-CyBle_DisInit
  57              		.section	.text.CyBle_DisRegisterAttrCallback,"ax",%progbits
  58              		.align	2
  59              		.global	CyBle_DisRegisterAttrCallback
  60              		.code	16
  61              		.thumb_func
  62              		.type	CyBle_DisRegisterAttrCallback, %function
  63              	CyBle_DisRegisterAttrCallback:
  64              	.LFB3:
  72:.\Generated_Source\PSoC4/BLE_dis.c **** 
  73:.\Generated_Source\PSoC4/BLE_dis.c **** 
  74:.\Generated_Source\PSoC4/BLE_dis.c **** /****************************************************************************** 
  75:.\Generated_Source\PSoC4/BLE_dis.c **** ##Function Name: CyBle_DisRegisterAttrCallback
  76:.\Generated_Source\PSoC4/BLE_dis.c **** *******************************************************************************
  77:.\Generated_Source\PSoC4/BLE_dis.c **** 
  78:.\Generated_Source\PSoC4/BLE_dis.c **** Summary:
  79:.\Generated_Source\PSoC4/BLE_dis.c ****  Registers a callback function for service specific attribute operations.
  80:.\Generated_Source\PSoC4/BLE_dis.c ****  Callback doesn't have events in server role.
  81:.\Generated_Source\PSoC4/BLE_dis.c **** 
  82:.\Generated_Source\PSoC4/BLE_dis.c **** Parameters:
  83:.\Generated_Source\PSoC4/BLE_dis.c ****  callbackFunc: An application layer event callback function to receive 
  84:.\Generated_Source\PSoC4/BLE_dis.c ****                    events from the BLE Component. The definition of 
  85:.\Generated_Source\PSoC4/BLE_dis.c ****                    CYBLE_CALLBACK_T for Device Information Service is,
  86:.\Generated_Source\PSoC4/BLE_dis.c ****             
  87:.\Generated_Source\PSoC4/BLE_dis.c ****                    typedef void (* CYBLE_CALLBACK_T) (uint32 eventCode, 
  88:.\Generated_Source\PSoC4/BLE_dis.c ****                                                       void *eventParam)
  89:.\Generated_Source\PSoC4/BLE_dis.c **** 
  90:.\Generated_Source\PSoC4/BLE_dis.c ****                    * eventCode indicates the event that triggered this 
  91:.\Generated_Source\PSoC4/BLE_dis.c ****                      callback.
  92:.\Generated_Source\PSoC4/BLE_dis.c ****                    * eventParam contains the parameters corresponding to the 
  93:.\Generated_Source\PSoC4/BLE_dis.c ****                      current event.
  94:.\Generated_Source\PSoC4/BLE_dis.c **** 
  95:.\Generated_Source\PSoC4/BLE_dis.c **** Return:
  96:.\Generated_Source\PSoC4/BLE_dis.c ****  None
  97:.\Generated_Source\PSoC4/BLE_dis.c **** 
  98:.\Generated_Source\PSoC4/BLE_dis.c **** ******************************************************************************/
  99:.\Generated_Source\PSoC4/BLE_dis.c **** void CyBle_DisRegisterAttrCallback(CYBLE_CALLBACK_T callbackFunc)
 100:.\Generated_Source\PSoC4/BLE_dis.c **** {
  65              		.loc 1 100 0
  66              		.cfi_startproc
  67 0000 80B5     		push	{r7, lr}
  68              		.cfi_def_cfa_offset 8
  69              		.cfi_offset 7, -8
  70              		.cfi_offset 14, -4
  71 0002 82B0     		sub	sp, sp, #8
ARM GAS  C:\Users\KEVINH~1\AppData\Local\Temp\ccCWX1ZJ.s 			page 4


  72              		.cfi_def_cfa_offset 16
  73 0004 00AF     		add	r7, sp, #0
  74              		.cfi_def_cfa_register 7
  75 0006 7860     		str	r0, [r7, #4]
 101:.\Generated_Source\PSoC4/BLE_dis.c ****     
 102:.\Generated_Source\PSoC4/BLE_dis.c **** #ifdef CYBLE_DIS_CLIENT
 103:.\Generated_Source\PSoC4/BLE_dis.c ****     CyBle_DisApplCallback = callbackFunc;
 104:.\Generated_Source\PSoC4/BLE_dis.c **** #else
 105:.\Generated_Source\PSoC4/BLE_dis.c ****     if(callbackFunc != NULL) /* Callback doesn't have events in server role */
 106:.\Generated_Source\PSoC4/BLE_dis.c ****     {
 107:.\Generated_Source\PSoC4/BLE_dis.c ****     }
 108:.\Generated_Source\PSoC4/BLE_dis.c **** #endif /* CYBLE_DIS_CLIENT */
 109:.\Generated_Source\PSoC4/BLE_dis.c ****     
 110:.\Generated_Source\PSoC4/BLE_dis.c **** }
  76              		.loc 1 110 0
  77 0008 BD46     		mov	sp, r7
  78 000a 02B0     		add	sp, sp, #8
  79              		@ sp needed
  80 000c 80BD     		pop	{r7, pc}
  81              		.cfi_endproc
  82              	.LFE3:
  83              		.size	CyBle_DisRegisterAttrCallback, .-CyBle_DisRegisterAttrCallback
  84 000e C046     		.section	.text.CyBle_DissSetCharacteristicValue,"ax",%progbits
  85              		.align	2
  86              		.global	CyBle_DissSetCharacteristicValue
  87              		.code	16
  88              		.thumb_func
  89              		.type	CyBle_DissSetCharacteristicValue, %function
  90              	CyBle_DissSetCharacteristicValue:
  91              	.LFB4:
 111:.\Generated_Source\PSoC4/BLE_dis.c **** 
 112:.\Generated_Source\PSoC4/BLE_dis.c **** #ifdef CYBLE_DIS_SERVER
 113:.\Generated_Source\PSoC4/BLE_dis.c **** 
 114:.\Generated_Source\PSoC4/BLE_dis.c **** 
 115:.\Generated_Source\PSoC4/BLE_dis.c **** /******************************************************************************
 116:.\Generated_Source\PSoC4/BLE_dis.c **** ##Function Name: CyBle_DissSetCharacteristicValue
 117:.\Generated_Source\PSoC4/BLE_dis.c **** *******************************************************************************
 118:.\Generated_Source\PSoC4/BLE_dis.c **** 
 119:.\Generated_Source\PSoC4/BLE_dis.c **** Summary:
 120:.\Generated_Source\PSoC4/BLE_dis.c ****  Sets a characteristic value of the service, which is identified by charIndex,
 121:.\Generated_Source\PSoC4/BLE_dis.c ****  to the local database.
 122:.\Generated_Source\PSoC4/BLE_dis.c **** 
 123:.\Generated_Source\PSoC4/BLE_dis.c **** 
 124:.\Generated_Source\PSoC4/BLE_dis.c **** Parameters:
 125:.\Generated_Source\PSoC4/BLE_dis.c ****  charIndex: The index of a service characteristic.
 126:.\Generated_Source\PSoC4/BLE_dis.c ****  attrSize: The size of the characteristic value attribute.
 127:.\Generated_Source\PSoC4/BLE_dis.c ****  *attrValue: The pointer to the characteristic value data that should be
 128:.\Generated_Source\PSoC4/BLE_dis.c ****                   stored to the GATT database.
 129:.\Generated_Source\PSoC4/BLE_dis.c **** 
 130:.\Generated_Source\PSoC4/BLE_dis.c **** Return:
 131:.\Generated_Source\PSoC4/BLE_dis.c ****  Return value is of type CYBLE_API_RESULT_T.
 132:.\Generated_Source\PSoC4/BLE_dis.c ****  * CYBLE_ERROR_OK - The request handled successfully
 133:.\Generated_Source\PSoC4/BLE_dis.c ****  * CYBLE_ERROR_INVALID_PARAMETER - Validation of the input parameter failed
 134:.\Generated_Source\PSoC4/BLE_dis.c **** 
 135:.\Generated_Source\PSoC4/BLE_dis.c **** ******************************************************************************/
 136:.\Generated_Source\PSoC4/BLE_dis.c **** CYBLE_API_RESULT_T CyBle_DissSetCharacteristicValue(CYBLE_DIS_CHAR_INDEX_T charIndex, uint8 attrSiz
 137:.\Generated_Source\PSoC4/BLE_dis.c **** {
ARM GAS  C:\Users\KEVINH~1\AppData\Local\Temp\ccCWX1ZJ.s 			page 5


  92              		.loc 1 137 0
  93              		.cfi_startproc
  94 0000 80B5     		push	{r7, lr}
  95              		.cfi_def_cfa_offset 8
  96              		.cfi_offset 7, -8
  97              		.cfi_offset 14, -4
  98 0002 86B0     		sub	sp, sp, #24
  99              		.cfi_def_cfa_offset 32
 100 0004 00AF     		add	r7, sp, #0
 101              		.cfi_def_cfa_register 7
 102 0006 3A60     		str	r2, [r7]
 103 0008 FB1D     		add	r3, r7, #7
 104 000a 021C     		add	r2, r0, #0
 105 000c 1A70     		strb	r2, [r3]
 106 000e BB1D     		add	r3, r7, #6
 107 0010 0A1C     		add	r2, r1, #0
 108 0012 1A70     		strb	r2, [r3]
 138:.\Generated_Source\PSoC4/BLE_dis.c ****     CYBLE_API_RESULT_T apiResult = CYBLE_ERROR_OK;
 109              		.loc 1 138 0
 110 0014 3B1C     		mov	r3, r7
 111 0016 1633     		add	r3, r3, #22
 112 0018 0022     		mov	r2, #0
 113 001a 1A80     		strh	r2, [r3]
 139:.\Generated_Source\PSoC4/BLE_dis.c ****     CYBLE_GATT_HANDLE_VALUE_PAIR_T locHandleValuePair;
 140:.\Generated_Source\PSoC4/BLE_dis.c **** 
 141:.\Generated_Source\PSoC4/BLE_dis.c ****     if(charIndex >= CYBLE_DIS_CHAR_COUNT)
 114              		.loc 1 141 0
 115 001c FB1D     		add	r3, r7, #7
 116 001e 1B78     		ldrb	r3, [r3]
 117 0020 082B     		cmp	r3, #8
 118 0022 04D9     		bls	.L4
 142:.\Generated_Source\PSoC4/BLE_dis.c ****     {
 143:.\Generated_Source\PSoC4/BLE_dis.c ****         apiResult = CYBLE_ERROR_INVALID_PARAMETER;
 119              		.loc 1 143 0
 120 0024 3B1C     		mov	r3, r7
 121 0026 1633     		add	r3, r3, #22
 122 0028 0122     		mov	r2, #1
 123 002a 1A80     		strh	r2, [r3]
 124 002c 21E0     		b	.L5
 125              	.L4:
 144:.\Generated_Source\PSoC4/BLE_dis.c ****     }
 145:.\Generated_Source\PSoC4/BLE_dis.c ****     else
 146:.\Generated_Source\PSoC4/BLE_dis.c ****     {
 147:.\Generated_Source\PSoC4/BLE_dis.c ****         /* Store data in database */
 148:.\Generated_Source\PSoC4/BLE_dis.c ****         locHandleValuePair.attrHandle = cyBle_diss.charHandle[charIndex];
 126              		.loc 1 148 0
 127 002e FB1D     		add	r3, r7, #7
 128 0030 1B78     		ldrb	r3, [r3]
 129 0032 134A     		ldr	r2, .L7
 130 0034 5B00     		lsl	r3, r3, #1
 131 0036 D318     		add	r3, r2, r3
 132 0038 5A88     		ldrh	r2, [r3, #2]
 133 003a 3B1C     		mov	r3, r7
 134 003c 0833     		add	r3, r3, #8
 135 003e 1A81     		strh	r2, [r3, #8]
 149:.\Generated_Source\PSoC4/BLE_dis.c ****         locHandleValuePair.value.len = attrSize;
 136              		.loc 1 149 0
ARM GAS  C:\Users\KEVINH~1\AppData\Local\Temp\ccCWX1ZJ.s 			page 6


 137 0040 BB1D     		add	r3, r7, #6
 138 0042 1B78     		ldrb	r3, [r3]
 139 0044 9AB2     		uxth	r2, r3
 140 0046 3B1C     		mov	r3, r7
 141 0048 0833     		add	r3, r3, #8
 142 004a 9A80     		strh	r2, [r3, #4]
 150:.\Generated_Source\PSoC4/BLE_dis.c ****         locHandleValuePair.value.val = attrValue;
 143              		.loc 1 150 0
 144 004c 3B1C     		mov	r3, r7
 145 004e 0833     		add	r3, r3, #8
 146 0050 3A68     		ldr	r2, [r7]
 147 0052 1A60     		str	r2, [r3]
 151:.\Generated_Source\PSoC4/BLE_dis.c ****         if(CYBLE_GATT_ERR_NONE !=
 152:.\Generated_Source\PSoC4/BLE_dis.c ****             CyBle_GattsWriteAttributeValue(&locHandleValuePair, 0u, NULL, CYBLE_GATT_DB_LOCALLY_INI
 148              		.loc 1 152 0
 149 0054 3B1C     		mov	r3, r7
 150 0056 0833     		add	r3, r3, #8
 151 0058 181C     		mov	r0, r3
 152 005a 0021     		mov	r1, #0
 153 005c 0022     		mov	r2, #0
 154 005e 0023     		mov	r3, #0
 155 0060 FFF7FEFF 		bl	CyBle_GattsWriteAttributeValue
 156 0064 031C     		mov	r3, r0
 151:.\Generated_Source\PSoC4/BLE_dis.c ****         if(CYBLE_GATT_ERR_NONE !=
 157              		.loc 1 151 0
 158 0066 002B     		cmp	r3, #0
 159 0068 03D0     		beq	.L5
 153:.\Generated_Source\PSoC4/BLE_dis.c ****         {
 154:.\Generated_Source\PSoC4/BLE_dis.c ****             apiResult = CYBLE_ERROR_INVALID_PARAMETER;
 160              		.loc 1 154 0
 161 006a 3B1C     		mov	r3, r7
 162 006c 1633     		add	r3, r3, #22
 163 006e 0122     		mov	r2, #1
 164 0070 1A80     		strh	r2, [r3]
 165              	.L5:
 155:.\Generated_Source\PSoC4/BLE_dis.c ****         }
 156:.\Generated_Source\PSoC4/BLE_dis.c ****     }
 157:.\Generated_Source\PSoC4/BLE_dis.c ****     return (apiResult);
 166              		.loc 1 157 0
 167 0072 3B1C     		mov	r3, r7
 168 0074 1633     		add	r3, r3, #22
 169 0076 1B88     		ldrh	r3, [r3]
 158:.\Generated_Source\PSoC4/BLE_dis.c **** }
 170              		.loc 1 158 0
 171 0078 181C     		mov	r0, r3
 172 007a BD46     		mov	sp, r7
 173 007c 06B0     		add	sp, sp, #24
 174              		@ sp needed
 175 007e 80BD     		pop	{r7, pc}
 176              	.L8:
 177              		.align	2
 178              	.L7:
 179 0080 00000000 		.word	cyBle_diss
 180              		.cfi_endproc
 181              	.LFE4:
 182              		.size	CyBle_DissSetCharacteristicValue, .-CyBle_DissSetCharacteristicValue
 183              		.section	.text.CyBle_DissGetCharacteristicValue,"ax",%progbits
ARM GAS  C:\Users\KEVINH~1\AppData\Local\Temp\ccCWX1ZJ.s 			page 7


 184              		.align	2
 185              		.global	CyBle_DissGetCharacteristicValue
 186              		.code	16
 187              		.thumb_func
 188              		.type	CyBle_DissGetCharacteristicValue, %function
 189              	CyBle_DissGetCharacteristicValue:
 190              	.LFB5:
 159:.\Generated_Source\PSoC4/BLE_dis.c **** 
 160:.\Generated_Source\PSoC4/BLE_dis.c **** 
 161:.\Generated_Source\PSoC4/BLE_dis.c **** /******************************************************************************
 162:.\Generated_Source\PSoC4/BLE_dis.c **** ##Function Name: CyBle_DissGetCharacteristicValue
 163:.\Generated_Source\PSoC4/BLE_dis.c **** *******************************************************************************
 164:.\Generated_Source\PSoC4/BLE_dis.c **** 
 165:.\Generated_Source\PSoC4/BLE_dis.c **** Summary:
 166:.\Generated_Source\PSoC4/BLE_dis.c ****  Gets a characteristic value of the service, which is identified by charIndex,
 167:.\Generated_Source\PSoC4/BLE_dis.c ****  from the GATT database.
 168:.\Generated_Source\PSoC4/BLE_dis.c **** 
 169:.\Generated_Source\PSoC4/BLE_dis.c **** Parameters:
 170:.\Generated_Source\PSoC4/BLE_dis.c ****  charIndex: The index of a service characteristic.
 171:.\Generated_Source\PSoC4/BLE_dis.c ****  attrSize: The size of the characteristic value attribute.
 172:.\Generated_Source\PSoC4/BLE_dis.c ****  *attrValue: The pointer to the location where characteristic value data
 173:.\Generated_Source\PSoC4/BLE_dis.c ****               should be stored.
 174:.\Generated_Source\PSoC4/BLE_dis.c **** 
 175:.\Generated_Source\PSoC4/BLE_dis.c **** Return:
 176:.\Generated_Source\PSoC4/BLE_dis.c ****  Return value is of type CYBLE_API_RESULT_T.
 177:.\Generated_Source\PSoC4/BLE_dis.c ****  Return value is of type CYBLE_API_RESULT_T.
 178:.\Generated_Source\PSoC4/BLE_dis.c ****  * CYBLE_ERROR_OK - The request handled successfully
 179:.\Generated_Source\PSoC4/BLE_dis.c ****  * CYBLE_ERROR_INVALID_PARAMETER - Validation of the input parameter failed
 180:.\Generated_Source\PSoC4/BLE_dis.c **** 
 181:.\Generated_Source\PSoC4/BLE_dis.c **** ******************************************************************************/
 182:.\Generated_Source\PSoC4/BLE_dis.c **** CYBLE_API_RESULT_T CyBle_DissGetCharacteristicValue(CYBLE_DIS_CHAR_INDEX_T charIndex, uint8 attrSiz
 183:.\Generated_Source\PSoC4/BLE_dis.c **** {
 191              		.loc 1 183 0
 192              		.cfi_startproc
 193 0000 80B5     		push	{r7, lr}
 194              		.cfi_def_cfa_offset 8
 195              		.cfi_offset 7, -8
 196              		.cfi_offset 14, -4
 197 0002 86B0     		sub	sp, sp, #24
 198              		.cfi_def_cfa_offset 32
 199 0004 00AF     		add	r7, sp, #0
 200              		.cfi_def_cfa_register 7
 201 0006 3A60     		str	r2, [r7]
 202 0008 FB1D     		add	r3, r7, #7
 203 000a 021C     		add	r2, r0, #0
 204 000c 1A70     		strb	r2, [r3]
 205 000e BB1D     		add	r3, r7, #6
 206 0010 0A1C     		add	r2, r1, #0
 207 0012 1A70     		strb	r2, [r3]
 184:.\Generated_Source\PSoC4/BLE_dis.c ****     CYBLE_API_RESULT_T apiResult = CYBLE_ERROR_OK;
 208              		.loc 1 184 0
 209 0014 3B1C     		mov	r3, r7
 210 0016 1633     		add	r3, r3, #22
 211 0018 0022     		mov	r2, #0
 212 001a 1A80     		strh	r2, [r3]
 185:.\Generated_Source\PSoC4/BLE_dis.c ****     CYBLE_GATT_HANDLE_VALUE_PAIR_T locHandleValuePair;
 186:.\Generated_Source\PSoC4/BLE_dis.c **** 
ARM GAS  C:\Users\KEVINH~1\AppData\Local\Temp\ccCWX1ZJ.s 			page 8


 187:.\Generated_Source\PSoC4/BLE_dis.c ****     if(charIndex >= CYBLE_DIS_CHAR_COUNT)
 213              		.loc 1 187 0
 214 001c FB1D     		add	r3, r7, #7
 215 001e 1B78     		ldrb	r3, [r3]
 216 0020 082B     		cmp	r3, #8
 217 0022 04D9     		bls	.L10
 188:.\Generated_Source\PSoC4/BLE_dis.c ****     {
 189:.\Generated_Source\PSoC4/BLE_dis.c ****         apiResult = CYBLE_ERROR_INVALID_PARAMETER;
 218              		.loc 1 189 0
 219 0024 3B1C     		mov	r3, r7
 220 0026 1633     		add	r3, r3, #22
 221 0028 0122     		mov	r2, #1
 222 002a 1A80     		strh	r2, [r3]
 223 002c 20E0     		b	.L11
 224              	.L10:
 190:.\Generated_Source\PSoC4/BLE_dis.c ****     }
 191:.\Generated_Source\PSoC4/BLE_dis.c ****     else
 192:.\Generated_Source\PSoC4/BLE_dis.c ****     {
 193:.\Generated_Source\PSoC4/BLE_dis.c ****         /* Read characteristic value from database */
 194:.\Generated_Source\PSoC4/BLE_dis.c ****         locHandleValuePair.attrHandle = cyBle_diss.charHandle[charIndex];
 225              		.loc 1 194 0
 226 002e FB1D     		add	r3, r7, #7
 227 0030 1B78     		ldrb	r3, [r3]
 228 0032 134A     		ldr	r2, .L13
 229 0034 5B00     		lsl	r3, r3, #1
 230 0036 D318     		add	r3, r2, r3
 231 0038 5A88     		ldrh	r2, [r3, #2]
 232 003a 3B1C     		mov	r3, r7
 233 003c 0833     		add	r3, r3, #8
 234 003e 1A81     		strh	r2, [r3, #8]
 195:.\Generated_Source\PSoC4/BLE_dis.c ****         locHandleValuePair.value.len = attrSize;
 235              		.loc 1 195 0
 236 0040 BB1D     		add	r3, r7, #6
 237 0042 1B78     		ldrb	r3, [r3]
 238 0044 9AB2     		uxth	r2, r3
 239 0046 3B1C     		mov	r3, r7
 240 0048 0833     		add	r3, r3, #8
 241 004a 9A80     		strh	r2, [r3, #4]
 196:.\Generated_Source\PSoC4/BLE_dis.c ****         locHandleValuePair.value.val = attrValue;
 242              		.loc 1 196 0
 243 004c 3B1C     		mov	r3, r7
 244 004e 0833     		add	r3, r3, #8
 245 0050 3A68     		ldr	r2, [r7]
 246 0052 1A60     		str	r2, [r3]
 197:.\Generated_Source\PSoC4/BLE_dis.c ****         if(CYBLE_GATT_ERR_NONE !=
 198:.\Generated_Source\PSoC4/BLE_dis.c ****             CyBle_GattsReadAttributeValue(&locHandleValuePair, NULL, CYBLE_GATT_DB_LOCALLY_INITIATE
 247              		.loc 1 198 0
 248 0054 3B1C     		mov	r3, r7
 249 0056 0833     		add	r3, r3, #8
 250 0058 181C     		mov	r0, r3
 251 005a 0021     		mov	r1, #0
 252 005c 0022     		mov	r2, #0
 253 005e FFF7FEFF 		bl	CyBle_GattsReadAttributeValue
 254 0062 031C     		mov	r3, r0
 197:.\Generated_Source\PSoC4/BLE_dis.c ****         if(CYBLE_GATT_ERR_NONE !=
 255              		.loc 1 197 0
 256 0064 002B     		cmp	r3, #0
ARM GAS  C:\Users\KEVINH~1\AppData\Local\Temp\ccCWX1ZJ.s 			page 9


 257 0066 03D0     		beq	.L11
 199:.\Generated_Source\PSoC4/BLE_dis.c ****         {
 200:.\Generated_Source\PSoC4/BLE_dis.c ****             apiResult = CYBLE_ERROR_INVALID_PARAMETER;
 258              		.loc 1 200 0
 259 0068 3B1C     		mov	r3, r7
 260 006a 1633     		add	r3, r3, #22
 261 006c 0122     		mov	r2, #1
 262 006e 1A80     		strh	r2, [r3]
 263              	.L11:
 201:.\Generated_Source\PSoC4/BLE_dis.c ****         }
 202:.\Generated_Source\PSoC4/BLE_dis.c ****     }
 203:.\Generated_Source\PSoC4/BLE_dis.c ****     return (apiResult);
 264              		.loc 1 203 0
 265 0070 3B1C     		mov	r3, r7
 266 0072 1633     		add	r3, r3, #22
 267 0074 1B88     		ldrh	r3, [r3]
 204:.\Generated_Source\PSoC4/BLE_dis.c **** }
 268              		.loc 1 204 0
 269 0076 181C     		mov	r0, r3
 270 0078 BD46     		mov	sp, r7
 271 007a 06B0     		add	sp, sp, #24
 272              		@ sp needed
 273 007c 80BD     		pop	{r7, pc}
 274              	.L14:
 275 007e C046     		.align	2
 276              	.L13:
 277 0080 00000000 		.word	cyBle_diss
 278              		.cfi_endproc
 279              	.LFE5:
 280              		.size	CyBle_DissGetCharacteristicValue, .-CyBle_DissGetCharacteristicValue
 281              		.text
 282              	.Letext0:
 283              		.file 2 ".\\Generated_Source\\PSoC4\\cytypes.h"
 284              		.file 3 ".\\Generated_Source\\PSoC4\\BLE_Stack.h"
 285              		.file 4 ".\\Generated_Source\\PSoC4\\BLE_StackGatt.h"
 286              		.file 5 ".\\Generated_Source\\PSoC4\\BLE.h"
 287              		.file 6 ".\\Generated_Source\\PSoC4\\BLE_dis.h"
 288              		.file 7 ".\\Generated_Source\\PSoC4\\BLE_hrs.h"
 289              		.section	.debug_info,"",%progbits
 290              	.Ldebug_info0:
 291 0000 1F060000 		.4byte	0x61f
 292 0004 0400     		.2byte	0x4
 293 0006 00000000 		.4byte	.Ldebug_abbrev0
 294 000a 04       		.byte	0x4
 295 000b 01       		.uleb128 0x1
 296 000c 8E0B0000 		.4byte	.LASF167
 297 0010 01       		.byte	0x1
 298 0011 6B0B0000 		.4byte	.LASF168
 299 0015 71120000 		.4byte	.LASF169
 300 0019 00000000 		.4byte	.Ldebug_ranges0+0
 301 001d 00000000 		.4byte	0
 302 0021 00000000 		.4byte	.Ldebug_line0
 303 0025 02       		.uleb128 0x2
 304 0026 01       		.byte	0x1
 305 0027 06       		.byte	0x6
 306 0028 ED020000 		.4byte	.LASF0
 307 002c 02       		.uleb128 0x2
ARM GAS  C:\Users\KEVINH~1\AppData\Local\Temp\ccCWX1ZJ.s 			page 10


 308 002d 01       		.byte	0x1
 309 002e 08       		.byte	0x8
 310 002f 8D0C0000 		.4byte	.LASF1
 311 0033 02       		.uleb128 0x2
 312 0034 02       		.byte	0x2
 313 0035 05       		.byte	0x5
 314 0036 A2080000 		.4byte	.LASF2
 315 003a 02       		.uleb128 0x2
 316 003b 02       		.byte	0x2
 317 003c 07       		.byte	0x7
 318 003d 22100000 		.4byte	.LASF3
 319 0041 02       		.uleb128 0x2
 320 0042 04       		.byte	0x4
 321 0043 05       		.byte	0x5
 322 0044 A7010000 		.4byte	.LASF4
 323 0048 02       		.uleb128 0x2
 324 0049 04       		.byte	0x4
 325 004a 07       		.byte	0x7
 326 004b CE060000 		.4byte	.LASF5
 327 004f 02       		.uleb128 0x2
 328 0050 08       		.byte	0x8
 329 0051 05       		.byte	0x5
 330 0052 DF020000 		.4byte	.LASF6
 331 0056 02       		.uleb128 0x2
 332 0057 08       		.byte	0x8
 333 0058 07       		.byte	0x7
 334 0059 C9050000 		.4byte	.LASF7
 335 005d 03       		.uleb128 0x3
 336 005e 04       		.byte	0x4
 337 005f 05       		.byte	0x5
 338 0060 696E7400 		.ascii	"int\000"
 339 0064 02       		.uleb128 0x2
 340 0065 04       		.byte	0x4
 341 0066 07       		.byte	0x7
 342 0067 F80E0000 		.4byte	.LASF8
 343 006b 04       		.uleb128 0x4
 344 006c 49040000 		.4byte	.LASF9
 345 0070 02       		.byte	0x2
 346 0071 B3       		.byte	0xb3
 347 0072 2C000000 		.4byte	0x2c
 348 0076 04       		.uleb128 0x4
 349 0077 3F000000 		.4byte	.LASF10
 350 007b 02       		.byte	0x2
 351 007c B4       		.byte	0xb4
 352 007d 3A000000 		.4byte	0x3a
 353 0081 04       		.uleb128 0x4
 354 0082 D0040000 		.4byte	.LASF11
 355 0086 02       		.byte	0x2
 356 0087 B5       		.byte	0xb5
 357 0088 48000000 		.4byte	0x48
 358 008c 02       		.uleb128 0x2
 359 008d 04       		.byte	0x4
 360 008e 04       		.byte	0x4
 361 008f 650B0000 		.4byte	.LASF12
 362 0093 02       		.uleb128 0x2
 363 0094 08       		.byte	0x8
 364 0095 04       		.byte	0x4
ARM GAS  C:\Users\KEVINH~1\AppData\Local\Temp\ccCWX1ZJ.s 			page 11


 365 0096 6E040000 		.4byte	.LASF13
 366 009a 02       		.uleb128 0x2
 367 009b 01       		.byte	0x1
 368 009c 08       		.byte	0x8
 369 009d 9A0E0000 		.4byte	.LASF14
 370 00a1 02       		.uleb128 0x2
 371 00a2 04       		.byte	0x4
 372 00a3 07       		.byte	0x7
 373 00a4 D5090000 		.4byte	.LASF15
 374 00a8 05       		.uleb128 0x5
 375 00a9 04       		.byte	0x4
 376 00aa 06       		.uleb128 0x6
 377 00ab 01       		.byte	0x1
 378 00ac 03       		.byte	0x3
 379 00ad 7A       		.byte	0x7a
 380 00ae 2F020000 		.4byte	0x22f
 381 00b2 07       		.uleb128 0x7
 382 00b3 C8070000 		.4byte	.LASF16
 383 00b7 00       		.sleb128 0
 384 00b8 07       		.uleb128 0x7
 385 00b9 F9020000 		.4byte	.LASF17
 386 00bd 01       		.sleb128 1
 387 00be 07       		.uleb128 0x7
 388 00bf 95010000 		.4byte	.LASF18
 389 00c3 02       		.sleb128 2
 390 00c4 07       		.uleb128 0x7
 391 00c5 09100000 		.4byte	.LASF19
 392 00c9 03       		.sleb128 3
 393 00ca 07       		.uleb128 0x7
 394 00cb E8010000 		.4byte	.LASF20
 395 00cf 04       		.sleb128 4
 396 00d0 07       		.uleb128 0x7
 397 00d1 23000000 		.4byte	.LASF21
 398 00d5 05       		.sleb128 5
 399 00d6 07       		.uleb128 0x7
 400 00d7 4E090000 		.4byte	.LASF22
 401 00db 20       		.sleb128 32
 402 00dc 07       		.uleb128 0x7
 403 00dd 71030000 		.4byte	.LASF23
 404 00e1 21       		.sleb128 33
 405 00e2 07       		.uleb128 0x7
 406 00e3 1E110000 		.4byte	.LASF24
 407 00e7 22       		.sleb128 34
 408 00e8 07       		.uleb128 0x7
 409 00e9 AC080000 		.4byte	.LASF25
 410 00ed 23       		.sleb128 35
 411 00ee 07       		.uleb128 0x7
 412 00ef 760A0000 		.4byte	.LASF26
 413 00f3 24       		.sleb128 36
 414 00f4 07       		.uleb128 0x7
 415 00f5 030A0000 		.4byte	.LASF27
 416 00f9 25       		.sleb128 37
 417 00fa 07       		.uleb128 0x7
 418 00fb FE030000 		.4byte	.LASF28
 419 00ff 26       		.sleb128 38
 420 0100 07       		.uleb128 0x7
 421 0101 47080000 		.4byte	.LASF29
ARM GAS  C:\Users\KEVINH~1\AppData\Local\Temp\ccCWX1ZJ.s 			page 12


 422 0105 27       		.sleb128 39
 423 0106 07       		.uleb128 0x7
 424 0107 D60E0000 		.4byte	.LASF30
 425 010b 28       		.sleb128 40
 426 010c 07       		.uleb128 0x7
 427 010d 72020000 		.4byte	.LASF31
 428 0111 29       		.sleb128 41
 429 0112 07       		.uleb128 0x7
 430 0113 F4000000 		.4byte	.LASF32
 431 0117 2A       		.sleb128 42
 432 0118 07       		.uleb128 0x7
 433 0119 1E020000 		.4byte	.LASF33
 434 011d 2B       		.sleb128 43
 435 011e 07       		.uleb128 0x7
 436 011f F3110000 		.4byte	.LASF34
 437 0123 2C       		.sleb128 44
 438 0124 07       		.uleb128 0x7
 439 0125 35100000 		.4byte	.LASF35
 440 0129 C000     		.sleb128 64
 441 012b 07       		.uleb128 0x7
 442 012c E0080000 		.4byte	.LASF36
 443 0130 C100     		.sleb128 65
 444 0132 07       		.uleb128 0x7
 445 0133 67050000 		.4byte	.LASF37
 446 0137 C200     		.sleb128 66
 447 0139 07       		.uleb128 0x7
 448 013a D3100000 		.4byte	.LASF38
 449 013e C300     		.sleb128 67
 450 0140 07       		.uleb128 0x7
 451 0141 1D070000 		.4byte	.LASF39
 452 0145 C400     		.sleb128 68
 453 0147 07       		.uleb128 0x7
 454 0148 3E0B0000 		.4byte	.LASF40
 455 014c C500     		.sleb128 69
 456 014e 07       		.uleb128 0x7
 457 014f B4090000 		.4byte	.LASF41
 458 0153 C600     		.sleb128 70
 459 0155 07       		.uleb128 0x7
 460 0156 DF070000 		.4byte	.LASF42
 461 015a C700     		.sleb128 71
 462 015c 07       		.uleb128 0x7
 463 015d BF110000 		.4byte	.LASF43
 464 0161 C800     		.sleb128 72
 465 0163 07       		.uleb128 0x7
 466 0164 46000000 		.4byte	.LASF44
 467 0168 C900     		.sleb128 73
 468 016a 07       		.uleb128 0x7
 469 016b 42110000 		.4byte	.LASF45
 470 016f CA00     		.sleb128 74
 471 0171 07       		.uleb128 0x7
 472 0172 3E010000 		.4byte	.LASF46
 473 0176 CB00     		.sleb128 75
 474 0178 07       		.uleb128 0x7
 475 0179 03070000 		.4byte	.LASF47
 476 017d CC00     		.sleb128 76
 477 017f 07       		.uleb128 0x7
 478 0180 2E0F0000 		.4byte	.LASF48
ARM GAS  C:\Users\KEVINH~1\AppData\Local\Temp\ccCWX1ZJ.s 			page 13


 479 0184 CD00     		.sleb128 77
 480 0186 07       		.uleb128 0x7
 481 0187 E0030000 		.4byte	.LASF49
 482 018b CE00     		.sleb128 78
 483 018d 07       		.uleb128 0x7
 484 018e E20D0000 		.4byte	.LASF50
 485 0192 CF00     		.sleb128 79
 486 0194 07       		.uleb128 0x7
 487 0195 5D010000 		.4byte	.LASF51
 488 0199 D000     		.sleb128 80
 489 019b 07       		.uleb128 0x7
 490 019c 4F040000 		.4byte	.LASF52
 491 01a0 D100     		.sleb128 81
 492 01a2 07       		.uleb128 0x7
 493 01a3 AF0A0000 		.4byte	.LASF53
 494 01a7 D200     		.sleb128 82
 495 01a9 07       		.uleb128 0x7
 496 01aa 4C0D0000 		.4byte	.LASF54
 497 01ae D300     		.sleb128 83
 498 01b0 07       		.uleb128 0x7
 499 01b1 0B0E0000 		.4byte	.LASF55
 500 01b5 D400     		.sleb128 84
 501 01b7 07       		.uleb128 0x7
 502 01b8 3B070000 		.4byte	.LASF56
 503 01bc D500     		.sleb128 85
 504 01be 07       		.uleb128 0x7
 505 01bf E6050000 		.4byte	.LASF57
 506 01c3 D600     		.sleb128 86
 507 01c5 07       		.uleb128 0x7
 508 01c6 050F0000 		.4byte	.LASF58
 509 01ca D700     		.sleb128 87
 510 01cc 07       		.uleb128 0x7
 511 01cd 1F050000 		.4byte	.LASF59
 512 01d1 F000     		.sleb128 112
 513 01d3 07       		.uleb128 0x7
 514 01d4 4B120000 		.4byte	.LASF60
 515 01d8 F100     		.sleb128 113
 516 01da 07       		.uleb128 0x7
 517 01db FB080000 		.4byte	.LASF61
 518 01df F200     		.sleb128 114
 519 01e1 07       		.uleb128 0x7
 520 01e2 96090000 		.4byte	.LASF62
 521 01e6 F300     		.sleb128 115
 522 01e8 07       		.uleb128 0x7
 523 01e9 200B0000 		.4byte	.LASF63
 524 01ed F400     		.sleb128 116
 525 01ef 07       		.uleb128 0x7
 526 01f0 2A120000 		.4byte	.LASF64
 527 01f4 F500     		.sleb128 117
 528 01f6 07       		.uleb128 0x7
 529 01f7 1D010000 		.4byte	.LASF65
 530 01fb F600     		.sleb128 118
 531 01fd 07       		.uleb128 0x7
 532 01fe 5F000000 		.4byte	.LASF66
 533 0202 F700     		.sleb128 119
 534 0204 07       		.uleb128 0x7
 535 0205 00000000 		.4byte	.LASF67
ARM GAS  C:\Users\KEVINH~1\AppData\Local\Temp\ccCWX1ZJ.s 			page 14


 536 0209 F800     		.sleb128 120
 537 020b 07       		.uleb128 0x7
 538 020c 480F0000 		.4byte	.LASF68
 539 0210 F900     		.sleb128 121
 540 0212 07       		.uleb128 0x7
 541 0213 85050000 		.4byte	.LASF69
 542 0217 FA00     		.sleb128 122
 543 0219 07       		.uleb128 0x7
 544 021a 3D020000 		.4byte	.LASF70
 545 021e FA01     		.sleb128 250
 546 0220 07       		.uleb128 0x7
 547 0221 3D060000 		.4byte	.LASF71
 548 0225 FB01     		.sleb128 251
 549 0227 07       		.uleb128 0x7
 550 0228 EE040000 		.4byte	.LASF72
 551 022c FF01     		.sleb128 255
 552 022e 00       		.byte	0
 553 022f 08       		.uleb128 0x8
 554 0230 02       		.byte	0x2
 555 0231 03       		.byte	0x3
 556 0232 D201     		.2byte	0x1d2
 557 0234 E6020000 		.4byte	0x2e6
 558 0238 07       		.uleb128 0x7
 559 0239 FC040000 		.4byte	.LASF73
 560 023d 00       		.sleb128 0
 561 023e 07       		.uleb128 0x7
 562 023f 75040000 		.4byte	.LASF74
 563 0243 01       		.sleb128 1
 564 0244 07       		.uleb128 0x7
 565 0245 4F100000 		.4byte	.LASF75
 566 0249 02       		.sleb128 2
 567 024a 07       		.uleb128 0x7
 568 024b 7E000000 		.4byte	.LASF76
 569 024f 03       		.sleb128 3
 570 0250 07       		.uleb128 0x7
 571 0251 FB100000 		.4byte	.LASF77
 572 0255 04       		.sleb128 4
 573 0256 07       		.uleb128 0x7
 574 0257 1F060000 		.4byte	.LASF78
 575 025b 05       		.sleb128 5
 576 025c 07       		.uleb128 0x7
 577 025d 6D0D0000 		.4byte	.LASF79
 578 0261 06       		.sleb128 6
 579 0262 07       		.uleb128 0x7
 580 0263 4A030000 		.4byte	.LASF80
 581 0267 07       		.sleb128 7
 582 0268 07       		.uleb128 0x7
 583 0269 39130000 		.4byte	.LASF81
 584 026d 08       		.sleb128 8
 585 026e 07       		.uleb128 0x7
 586 026f A9050000 		.4byte	.LASF82
 587 0273 09       		.sleb128 9
 588 0274 07       		.uleb128 0x7
 589 0275 4A0C0000 		.4byte	.LASF83
 590 0279 0A       		.sleb128 10
 591 027a 07       		.uleb128 0x7
 592 027b B60E0000 		.4byte	.LASF84
ARM GAS  C:\Users\KEVINH~1\AppData\Local\Temp\ccCWX1ZJ.s 			page 15


 593 027f 0B       		.sleb128 11
 594 0280 07       		.uleb128 0x7
 595 0281 5B020000 		.4byte	.LASF85
 596 0285 0C       		.sleb128 12
 597 0286 07       		.uleb128 0x7
 598 0287 B0010000 		.4byte	.LASF86
 599 028b 0D       		.sleb128 13
 600 028c 07       		.uleb128 0x7
 601 028d A5060000 		.4byte	.LASF87
 602 0291 0E       		.sleb128 14
 603 0292 07       		.uleb128 0x7
 604 0293 9A110000 		.4byte	.LASF88
 605 0297 0F       		.sleb128 15
 606 0298 07       		.uleb128 0x7
 607 0299 AE0F0000 		.4byte	.LASF89
 608 029d 10       		.sleb128 16
 609 029e 07       		.uleb128 0x7
 610 029f 5F070000 		.4byte	.LASF90
 611 02a3 11       		.sleb128 17
 612 02a4 07       		.uleb128 0x7
 613 02a5 26040000 		.4byte	.LASF91
 614 02a9 12       		.sleb128 18
 615 02aa 07       		.uleb128 0x7
 616 02ab 11130000 		.4byte	.LASF92
 617 02af 13       		.sleb128 19
 618 02b0 07       		.uleb128 0x7
 619 02b1 28030000 		.4byte	.LASF93
 620 02b5 27       		.sleb128 39
 621 02b6 07       		.uleb128 0x7
 622 02b7 890F0000 		.4byte	.LASF94
 623 02bb 28       		.sleb128 40
 624 02bc 07       		.uleb128 0x7
 625 02bd 7E110000 		.4byte	.LASF95
 626 02c1 29       		.sleb128 41
 627 02c2 07       		.uleb128 0x7
 628 02c3 86090000 		.4byte	.LASF96
 629 02c7 FF01     		.sleb128 255
 630 02c9 07       		.uleb128 0x7
 631 02ca 7C010000 		.4byte	.LASF97
 632 02ce 8002     		.sleb128 256
 633 02d0 07       		.uleb128 0x7
 634 02d1 D00A0000 		.4byte	.LASF98
 635 02d5 8102     		.sleb128 257
 636 02d7 07       		.uleb128 0x7
 637 02d8 1E0D0000 		.4byte	.LASF99
 638 02dc 8202     		.sleb128 258
 639 02de 07       		.uleb128 0x7
 640 02df C6030000 		.4byte	.LASF100
 641 02e3 8302     		.sleb128 259
 642 02e5 00       		.byte	0
 643 02e6 09       		.uleb128 0x9
 644 02e7 9C0A0000 		.4byte	.LASF101
 645 02eb 03       		.byte	0x3
 646 02ec 2F02     		.2byte	0x22f
 647 02ee 2F020000 		.4byte	0x22f
 648 02f2 0A       		.uleb128 0xa
 649 02f3 04       		.byte	0x4
ARM GAS  C:\Users\KEVINH~1\AppData\Local\Temp\ccCWX1ZJ.s 			page 16


 650 02f4 6B000000 		.4byte	0x6b
 651 02f8 06       		.uleb128 0x6
 652 02f9 01       		.byte	0x1
 653 02fa 04       		.byte	0x4
 654 02fb A4       		.byte	0xa4
 655 02fc CF030000 		.4byte	0x3cf
 656 0300 07       		.uleb128 0x7
 657 0301 0B050000 		.4byte	.LASF102
 658 0305 00       		.sleb128 0
 659 0306 07       		.uleb128 0x7
 660 0307 C8000000 		.4byte	.LASF103
 661 030b 01       		.sleb128 1
 662 030c 07       		.uleb128 0x7
 663 030d 45050000 		.4byte	.LASF104
 664 0311 02       		.sleb128 2
 665 0312 07       		.uleb128 0x7
 666 0313 83070000 		.4byte	.LASF105
 667 0317 03       		.sleb128 3
 668 0318 07       		.uleb128 0x7
 669 0319 AB030000 		.4byte	.LASF106
 670 031d 04       		.sleb128 4
 671 031e 07       		.uleb128 0x7
 672 031f B4020000 		.4byte	.LASF107
 673 0323 05       		.sleb128 5
 674 0324 07       		.uleb128 0x7
 675 0325 A3000000 		.4byte	.LASF108
 676 0329 06       		.sleb128 6
 677 032a 07       		.uleb128 0x7
 678 032b 60110000 		.4byte	.LASF109
 679 032f 07       		.sleb128 7
 680 0330 07       		.uleb128 0x7
 681 0331 4C0A0000 		.4byte	.LASF110
 682 0335 08       		.sleb128 8
 683 0336 07       		.uleb128 0x7
 684 0337 0A0C0000 		.4byte	.LASF111
 685 033b 09       		.sleb128 9
 686 033c 07       		.uleb128 0x7
 687 033d E0060000 		.4byte	.LASF112
 688 0341 0A       		.sleb128 10
 689 0342 07       		.uleb128 0x7
 690 0343 A6070000 		.4byte	.LASF113
 691 0347 0B       		.sleb128 11
 692 0348 07       		.uleb128 0x7
 693 0349 FD070000 		.4byte	.LASF114
 694 034d 0C       		.sleb128 12
 695 034e 07       		.uleb128 0x7
 696 034f B00C0000 		.4byte	.LASF115
 697 0353 0D       		.sleb128 13
 698 0354 07       		.uleb128 0x7
 699 0355 6B0F0000 		.4byte	.LASF116
 700 0359 0E       		.sleb128 14
 701 035a 07       		.uleb128 0x7
 702 035b 9B100000 		.4byte	.LASF117
 703 035f 0F       		.sleb128 15
 704 0360 07       		.uleb128 0x7
 705 0361 93040000 		.4byte	.LASF118
 706 0365 10       		.sleb128 16
ARM GAS  C:\Users\KEVINH~1\AppData\Local\Temp\ccCWX1ZJ.s 			page 17


 707 0366 07       		.uleb128 0x7
 708 0367 DE090000 		.4byte	.LASF119
 709 036b 11       		.sleb128 17
 710 036c 07       		.uleb128 0x7
 711 036d 640E0000 		.4byte	.LASF120
 712 0371 8001     		.sleb128 128
 713 0373 07       		.uleb128 0x7
 714 0374 6D100000 		.4byte	.LASF121
 715 0378 8001     		.sleb128 128
 716 037a 07       		.uleb128 0x7
 717 037b 17090000 		.4byte	.LASF122
 718 037f 8001     		.sleb128 128
 719 0381 07       		.uleb128 0x7
 720 0382 82080000 		.4byte	.LASF123
 721 0386 8001     		.sleb128 128
 722 0388 07       		.uleb128 0x7
 723 0389 77060000 		.4byte	.LASF124
 724 038d 8001     		.sleb128 128
 725 038f 07       		.uleb128 0x7
 726 0390 8F020000 		.4byte	.LASF125
 727 0394 8001     		.sleb128 128
 728 0396 07       		.uleb128 0x7
 729 0397 870D0000 		.4byte	.LASF126
 730 039b 8001     		.sleb128 128
 731 039d 07       		.uleb128 0x7
 732 039e D50C0000 		.4byte	.LASF127
 733 03a2 8101     		.sleb128 129
 734 03a4 07       		.uleb128 0x7
 735 03a5 FD010000 		.4byte	.LASF128
 736 03a9 8101     		.sleb128 129
 737 03ab 07       		.uleb128 0x7
 738 03ac 5C060000 		.4byte	.LASF129
 739 03b0 8101     		.sleb128 129
 740 03b2 07       		.uleb128 0x7
 741 03b3 B90D0000 		.4byte	.LASF130
 742 03b7 A001     		.sleb128 160
 743 03b9 07       		.uleb128 0x7
 744 03ba 2C0E0000 		.4byte	.LASF131
 745 03be FD01     		.sleb128 253
 746 03c0 07       		.uleb128 0x7
 747 03c1 DC0F0000 		.4byte	.LASF132
 748 03c5 FE01     		.sleb128 254
 749 03c7 07       		.uleb128 0x7
 750 03c8 710C0000 		.4byte	.LASF133
 751 03cc FF01     		.sleb128 255
 752 03ce 00       		.byte	0
 753 03cf 09       		.uleb128 0x9
 754 03d0 0C030000 		.4byte	.LASF134
 755 03d4 04       		.byte	0x4
 756 03d5 6201     		.2byte	0x162
 757 03d7 76000000 		.4byte	0x76
 758 03db 0B       		.uleb128 0xb
 759 03dc 08       		.byte	0x8
 760 03dd 04       		.byte	0x4
 761 03de 8901     		.2byte	0x189
 762 03e0 0C040000 		.4byte	0x40c
 763 03e4 0C       		.uleb128 0xc
ARM GAS  C:\Users\KEVINH~1\AppData\Local\Temp\ccCWX1ZJ.s 			page 18


 764 03e5 76616C00 		.ascii	"val\000"
 765 03e9 04       		.byte	0x4
 766 03ea 8C01     		.2byte	0x18c
 767 03ec F2020000 		.4byte	0x2f2
 768 03f0 00       		.byte	0
 769 03f1 0C       		.uleb128 0xc
 770 03f2 6C656E00 		.ascii	"len\000"
 771 03f6 04       		.byte	0x4
 772 03f7 8F01     		.2byte	0x18f
 773 03f9 76000000 		.4byte	0x76
 774 03fd 04       		.byte	0x4
 775 03fe 0D       		.uleb128 0xd
 776 03ff 67030000 		.4byte	.LASF135
 777 0403 04       		.byte	0x4
 778 0404 9601     		.2byte	0x196
 779 0406 76000000 		.4byte	0x76
 780 040a 06       		.byte	0x6
 781 040b 00       		.byte	0
 782 040c 09       		.uleb128 0x9
 783 040d D5010000 		.4byte	.LASF136
 784 0411 04       		.byte	0x4
 785 0412 9801     		.2byte	0x198
 786 0414 DB030000 		.4byte	0x3db
 787 0418 0B       		.uleb128 0xb
 788 0419 0C       		.byte	0xc
 789 041a 04       		.byte	0x4
 790 041b 9B01     		.2byte	0x19b
 791 041d 3C040000 		.4byte	0x43c
 792 0421 0D       		.uleb128 0xd
 793 0422 E0050000 		.4byte	.LASF137
 794 0426 04       		.byte	0x4
 795 0427 9E01     		.2byte	0x19e
 796 0429 0C040000 		.4byte	0x40c
 797 042d 00       		.byte	0
 798 042e 0D       		.uleb128 0xd
 799 042f BE050000 		.4byte	.LASF138
 800 0433 04       		.byte	0x4
 801 0434 A101     		.2byte	0x1a1
 802 0436 CF030000 		.4byte	0x3cf
 803 043a 08       		.byte	0x8
 804 043b 00       		.byte	0
 805 043c 09       		.uleb128 0x9
 806 043d E90A0000 		.4byte	.LASF139
 807 0441 04       		.byte	0x4
 808 0442 A301     		.2byte	0x1a3
 809 0444 18040000 		.4byte	0x418
 810 0448 09       		.uleb128 0x9
 811 0449 C2100000 		.4byte	.LASF140
 812 044d 05       		.byte	0x5
 813 044e 2401     		.2byte	0x124
 814 0450 54040000 		.4byte	0x454
 815 0454 0A       		.uleb128 0xa
 816 0455 04       		.byte	0x4
 817 0456 5A040000 		.4byte	0x45a
 818 045a 0E       		.uleb128 0xe
 819 045b 6A040000 		.4byte	0x46a
 820 045f 0F       		.uleb128 0xf
ARM GAS  C:\Users\KEVINH~1\AppData\Local\Temp\ccCWX1ZJ.s 			page 19


 821 0460 81000000 		.4byte	0x81
 822 0464 0F       		.uleb128 0xf
 823 0465 A8000000 		.4byte	0xa8
 824 0469 00       		.byte	0
 825 046a 06       		.uleb128 0x6
 826 046b 01       		.byte	0x1
 827 046c 06       		.byte	0x6
 828 046d 1D       		.byte	0x1d
 829 046e AF040000 		.4byte	0x4af
 830 0472 07       		.uleb128 0x7
 831 0473 EC120000 		.4byte	.LASF141
 832 0477 00       		.sleb128 0
 833 0478 07       		.uleb128 0x7
 834 0479 9F0E0000 		.4byte	.LASF142
 835 047d 01       		.sleb128 1
 836 047e 07       		.uleb128 0x7
 837 047f 320C0000 		.4byte	.LASF143
 838 0483 02       		.sleb128 2
 839 0484 07       		.uleb128 0x7
 840 0485 D7040000 		.4byte	.LASF144
 841 0489 03       		.sleb128 3
 842 048a 07       		.uleb128 0x7
 843 048b B9040000 		.4byte	.LASF145
 844 048f 04       		.sleb128 4
 845 0490 07       		.uleb128 0x7
 846 0491 A20D0000 		.4byte	.LASF146
 847 0495 05       		.sleb128 5
 848 0496 07       		.uleb128 0x7
 849 0497 72090000 		.4byte	.LASF147
 850 049b 06       		.sleb128 6
 851 049c 07       		.uleb128 0x7
 852 049d 080B0000 		.4byte	.LASF148
 853 04a1 07       		.sleb128 7
 854 04a2 07       		.uleb128 0x7
 855 04a3 71080000 		.4byte	.LASF149
 856 04a7 08       		.sleb128 8
 857 04a8 07       		.uleb128 0x7
 858 04a9 9B0C0000 		.4byte	.LASF150
 859 04ad 09       		.sleb128 9
 860 04ae 00       		.byte	0
 861 04af 04       		.uleb128 0x4
 862 04b0 08060000 		.4byte	.LASF151
 863 04b4 06       		.byte	0x6
 864 04b5 29       		.byte	0x29
 865 04b6 6A040000 		.4byte	0x46a
 866 04ba 10       		.uleb128 0x10
 867 04bb 14       		.byte	0x14
 868 04bc 06       		.byte	0x6
 869 04bd 2E       		.byte	0x2e
 870 04be DB040000 		.4byte	0x4db
 871 04c2 11       		.uleb128 0x11
 872 04c3 D2080000 		.4byte	.LASF152
 873 04c7 06       		.byte	0x6
 874 04c8 31       		.byte	0x31
 875 04c9 CF030000 		.4byte	0x3cf
 876 04cd 00       		.byte	0
 877 04ce 11       		.uleb128 0x11
ARM GAS  C:\Users\KEVINH~1\AppData\Local\Temp\ccCWX1ZJ.s 			page 20


 878 04cf 410D0000 		.4byte	.LASF153
 879 04d3 06       		.byte	0x6
 880 04d4 34       		.byte	0x34
 881 04d5 DB040000 		.4byte	0x4db
 882 04d9 02       		.byte	0x2
 883 04da 00       		.byte	0
 884 04db 12       		.uleb128 0x12
 885 04dc CF030000 		.4byte	0x3cf
 886 04e0 EB040000 		.4byte	0x4eb
 887 04e4 13       		.uleb128 0x13
 888 04e5 A1000000 		.4byte	0xa1
 889 04e9 08       		.byte	0x8
 890 04ea 00       		.byte	0
 891 04eb 04       		.uleb128 0x4
 892 04ec E6110000 		.4byte	.LASF154
 893 04f0 06       		.byte	0x6
 894 04f1 35       		.byte	0x35
 895 04f2 BA040000 		.4byte	0x4ba
 896 04f6 06       		.uleb128 0x6
 897 04f7 01       		.byte	0x1
 898 04f8 07       		.byte	0x7
 899 04f9 22       		.byte	0x22
 900 04fa 17050000 		.4byte	0x517
 901 04fe 07       		.uleb128 0x7
 902 04ff 1D0A0000 		.4byte	.LASF155
 903 0503 00       		.sleb128 0
 904 0504 07       		.uleb128 0x7
 905 0505 560E0000 		.4byte	.LASF156
 906 0509 01       		.sleb128 1
 907 050a 07       		.uleb128 0x7
 908 050b 9D030000 		.4byte	.LASF157
 909 050f 02       		.sleb128 2
 910 0510 07       		.uleb128 0x7
 911 0511 88030000 		.4byte	.LASF158
 912 0515 03       		.sleb128 3
 913 0516 00       		.byte	0
 914 0517 14       		.uleb128 0x14
 915 0518 E6000000 		.4byte	.LASF170
 916 051c 01       		.byte	0x1
 917 051d 3D       		.byte	0x3d
 918 051e 00000000 		.4byte	.LFB2
 919 0522 08000000 		.4byte	.LFE2-.LFB2
 920 0526 01       		.uleb128 0x1
 921 0527 9C       		.byte	0x9c
 922 0528 15       		.uleb128 0x15
 923 0529 000D0000 		.4byte	.LASF171
 924 052d 01       		.byte	0x1
 925 052e 63       		.byte	0x63
 926 052f 00000000 		.4byte	.LFB3
 927 0533 0E000000 		.4byte	.LFE3-.LFB3
 928 0537 01       		.uleb128 0x1
 929 0538 9C       		.byte	0x9c
 930 0539 4C050000 		.4byte	0x54c
 931 053d 16       		.uleb128 0x16
 932 053e 640C0000 		.4byte	.LASF159
 933 0542 01       		.byte	0x1
 934 0543 63       		.byte	0x63
ARM GAS  C:\Users\KEVINH~1\AppData\Local\Temp\ccCWX1ZJ.s 			page 21


 935 0544 48040000 		.4byte	0x448
 936 0548 02       		.uleb128 0x2
 937 0549 91       		.byte	0x91
 938 054a 74       		.sleb128 -12
 939 054b 00       		.byte	0
 940 054c 17       		.uleb128 0x17
 941 054d 26080000 		.4byte	.LASF165
 942 0551 01       		.byte	0x1
 943 0552 88       		.byte	0x88
 944 0553 E6020000 		.4byte	0x2e6
 945 0557 00000000 		.4byte	.LFB4
 946 055b 84000000 		.4byte	.LFE4-.LFB4
 947 055f 01       		.uleb128 0x1
 948 0560 9C       		.byte	0x9c
 949 0561 AC050000 		.4byte	0x5ac
 950 0565 16       		.uleb128 0x16
 951 0566 F1100000 		.4byte	.LASF160
 952 056a 01       		.byte	0x1
 953 056b 88       		.byte	0x88
 954 056c AF040000 		.4byte	0x4af
 955 0570 02       		.uleb128 0x2
 956 0571 91       		.byte	0x91
 957 0572 67       		.sleb128 -25
 958 0573 16       		.uleb128 0x16
 959 0574 08130000 		.4byte	.LASF161
 960 0578 01       		.byte	0x1
 961 0579 88       		.byte	0x88
 962 057a 6B000000 		.4byte	0x6b
 963 057e 02       		.uleb128 0x2
 964 057f 91       		.byte	0x91
 965 0580 66       		.sleb128 -26
 966 0581 16       		.uleb128 0x16
 967 0582 010E0000 		.4byte	.LASF162
 968 0586 01       		.byte	0x1
 969 0587 88       		.byte	0x88
 970 0588 F2020000 		.4byte	0x2f2
 971 058c 02       		.uleb128 0x2
 972 058d 91       		.byte	0x91
 973 058e 60       		.sleb128 -32
 974 058f 18       		.uleb128 0x18
 975 0590 920A0000 		.4byte	.LASF163
 976 0594 01       		.byte	0x1
 977 0595 8A       		.byte	0x8a
 978 0596 E6020000 		.4byte	0x2e6
 979 059a 02       		.uleb128 0x2
 980 059b 91       		.byte	0x91
 981 059c 76       		.sleb128 -10
 982 059d 18       		.uleb128 0x18
 983 059e 17120000 		.4byte	.LASF164
 984 05a2 01       		.byte	0x1
 985 05a3 8B       		.byte	0x8b
 986 05a4 3C040000 		.4byte	0x43c
 987 05a8 02       		.uleb128 0x2
 988 05a9 91       		.byte	0x91
 989 05aa 68       		.sleb128 -24
 990 05ab 00       		.byte	0
 991 05ac 17       		.uleb128 0x17
ARM GAS  C:\Users\KEVINH~1\AppData\Local\Temp\ccCWX1ZJ.s 			page 22


 992 05ad 2B0A0000 		.4byte	.LASF166
 993 05b1 01       		.byte	0x1
 994 05b2 B6       		.byte	0xb6
 995 05b3 E6020000 		.4byte	0x2e6
 996 05b7 00000000 		.4byte	.LFB5
 997 05bb 84000000 		.4byte	.LFE5-.LFB5
 998 05bf 01       		.uleb128 0x1
 999 05c0 9C       		.byte	0x9c
 1000 05c1 0C060000 		.4byte	0x60c
 1001 05c5 16       		.uleb128 0x16
 1002 05c6 F1100000 		.4byte	.LASF160
 1003 05ca 01       		.byte	0x1
 1004 05cb B6       		.byte	0xb6
 1005 05cc AF040000 		.4byte	0x4af
 1006 05d0 02       		.uleb128 0x2
 1007 05d1 91       		.byte	0x91
 1008 05d2 67       		.sleb128 -25
 1009 05d3 16       		.uleb128 0x16
 1010 05d4 08130000 		.4byte	.LASF161
 1011 05d8 01       		.byte	0x1
 1012 05d9 B6       		.byte	0xb6
 1013 05da 6B000000 		.4byte	0x6b
 1014 05de 02       		.uleb128 0x2
 1015 05df 91       		.byte	0x91
 1016 05e0 66       		.sleb128 -26
 1017 05e1 16       		.uleb128 0x16
 1018 05e2 010E0000 		.4byte	.LASF162
 1019 05e6 01       		.byte	0x1
 1020 05e7 B6       		.byte	0xb6
 1021 05e8 F2020000 		.4byte	0x2f2
 1022 05ec 02       		.uleb128 0x2
 1023 05ed 91       		.byte	0x91
 1024 05ee 60       		.sleb128 -32
 1025 05ef 18       		.uleb128 0x18
 1026 05f0 920A0000 		.4byte	.LASF163
 1027 05f4 01       		.byte	0x1
 1028 05f5 B8       		.byte	0xb8
 1029 05f6 E6020000 		.4byte	0x2e6
 1030 05fa 02       		.uleb128 0x2
 1031 05fb 91       		.byte	0x91
 1032 05fc 76       		.sleb128 -10
 1033 05fd 18       		.uleb128 0x18
 1034 05fe 17120000 		.4byte	.LASF164
 1035 0602 01       		.byte	0x1
 1036 0603 B9       		.byte	0xb9
 1037 0604 3C040000 		.4byte	0x43c
 1038 0608 02       		.uleb128 0x2
 1039 0609 91       		.byte	0x91
 1040 060a 68       		.sleb128 -24
 1041 060b 00       		.byte	0
 1042 060c 19       		.uleb128 0x19
 1043 060d 66080000 		.4byte	.LASF172
 1044 0611 01       		.byte	0x1
 1045 0612 14       		.byte	0x14
 1046 0613 1D060000 		.4byte	0x61d
 1047 0617 05       		.uleb128 0x5
 1048 0618 03       		.byte	0x3
ARM GAS  C:\Users\KEVINH~1\AppData\Local\Temp\ccCWX1ZJ.s 			page 23


 1049 0619 00000000 		.4byte	cyBle_diss
 1050 061d 1A       		.uleb128 0x1a
 1051 061e EB040000 		.4byte	0x4eb
 1052 0622 00       		.byte	0
 1053              		.section	.debug_abbrev,"",%progbits
 1054              	.Ldebug_abbrev0:
 1055 0000 01       		.uleb128 0x1
 1056 0001 11       		.uleb128 0x11
 1057 0002 01       		.byte	0x1
 1058 0003 25       		.uleb128 0x25
 1059 0004 0E       		.uleb128 0xe
 1060 0005 13       		.uleb128 0x13
 1061 0006 0B       		.uleb128 0xb
 1062 0007 03       		.uleb128 0x3
 1063 0008 0E       		.uleb128 0xe
 1064 0009 1B       		.uleb128 0x1b
 1065 000a 0E       		.uleb128 0xe
 1066 000b 55       		.uleb128 0x55
 1067 000c 17       		.uleb128 0x17
 1068 000d 11       		.uleb128 0x11
 1069 000e 01       		.uleb128 0x1
 1070 000f 10       		.uleb128 0x10
 1071 0010 17       		.uleb128 0x17
 1072 0011 00       		.byte	0
 1073 0012 00       		.byte	0
 1074 0013 02       		.uleb128 0x2
 1075 0014 24       		.uleb128 0x24
 1076 0015 00       		.byte	0
 1077 0016 0B       		.uleb128 0xb
 1078 0017 0B       		.uleb128 0xb
 1079 0018 3E       		.uleb128 0x3e
 1080 0019 0B       		.uleb128 0xb
 1081 001a 03       		.uleb128 0x3
 1082 001b 0E       		.uleb128 0xe
 1083 001c 00       		.byte	0
 1084 001d 00       		.byte	0
 1085 001e 03       		.uleb128 0x3
 1086 001f 24       		.uleb128 0x24
 1087 0020 00       		.byte	0
 1088 0021 0B       		.uleb128 0xb
 1089 0022 0B       		.uleb128 0xb
 1090 0023 3E       		.uleb128 0x3e
 1091 0024 0B       		.uleb128 0xb
 1092 0025 03       		.uleb128 0x3
 1093 0026 08       		.uleb128 0x8
 1094 0027 00       		.byte	0
 1095 0028 00       		.byte	0
 1096 0029 04       		.uleb128 0x4
 1097 002a 16       		.uleb128 0x16
 1098 002b 00       		.byte	0
 1099 002c 03       		.uleb128 0x3
 1100 002d 0E       		.uleb128 0xe
 1101 002e 3A       		.uleb128 0x3a
 1102 002f 0B       		.uleb128 0xb
 1103 0030 3B       		.uleb128 0x3b
 1104 0031 0B       		.uleb128 0xb
 1105 0032 49       		.uleb128 0x49
ARM GAS  C:\Users\KEVINH~1\AppData\Local\Temp\ccCWX1ZJ.s 			page 24


 1106 0033 13       		.uleb128 0x13
 1107 0034 00       		.byte	0
 1108 0035 00       		.byte	0
 1109 0036 05       		.uleb128 0x5
 1110 0037 0F       		.uleb128 0xf
 1111 0038 00       		.byte	0
 1112 0039 0B       		.uleb128 0xb
 1113 003a 0B       		.uleb128 0xb
 1114 003b 00       		.byte	0
 1115 003c 00       		.byte	0
 1116 003d 06       		.uleb128 0x6
 1117 003e 04       		.uleb128 0x4
 1118 003f 01       		.byte	0x1
 1119 0040 0B       		.uleb128 0xb
 1120 0041 0B       		.uleb128 0xb
 1121 0042 3A       		.uleb128 0x3a
 1122 0043 0B       		.uleb128 0xb
 1123 0044 3B       		.uleb128 0x3b
 1124 0045 0B       		.uleb128 0xb
 1125 0046 01       		.uleb128 0x1
 1126 0047 13       		.uleb128 0x13
 1127 0048 00       		.byte	0
 1128 0049 00       		.byte	0
 1129 004a 07       		.uleb128 0x7
 1130 004b 28       		.uleb128 0x28
 1131 004c 00       		.byte	0
 1132 004d 03       		.uleb128 0x3
 1133 004e 0E       		.uleb128 0xe
 1134 004f 1C       		.uleb128 0x1c
 1135 0050 0D       		.uleb128 0xd
 1136 0051 00       		.byte	0
 1137 0052 00       		.byte	0
 1138 0053 08       		.uleb128 0x8
 1139 0054 04       		.uleb128 0x4
 1140 0055 01       		.byte	0x1
 1141 0056 0B       		.uleb128 0xb
 1142 0057 0B       		.uleb128 0xb
 1143 0058 3A       		.uleb128 0x3a
 1144 0059 0B       		.uleb128 0xb
 1145 005a 3B       		.uleb128 0x3b
 1146 005b 05       		.uleb128 0x5
 1147 005c 01       		.uleb128 0x1
 1148 005d 13       		.uleb128 0x13
 1149 005e 00       		.byte	0
 1150 005f 00       		.byte	0
 1151 0060 09       		.uleb128 0x9
 1152 0061 16       		.uleb128 0x16
 1153 0062 00       		.byte	0
 1154 0063 03       		.uleb128 0x3
 1155 0064 0E       		.uleb128 0xe
 1156 0065 3A       		.uleb128 0x3a
 1157 0066 0B       		.uleb128 0xb
 1158 0067 3B       		.uleb128 0x3b
 1159 0068 05       		.uleb128 0x5
 1160 0069 49       		.uleb128 0x49
 1161 006a 13       		.uleb128 0x13
 1162 006b 00       		.byte	0
ARM GAS  C:\Users\KEVINH~1\AppData\Local\Temp\ccCWX1ZJ.s 			page 25


 1163 006c 00       		.byte	0
 1164 006d 0A       		.uleb128 0xa
 1165 006e 0F       		.uleb128 0xf
 1166 006f 00       		.byte	0
 1167 0070 0B       		.uleb128 0xb
 1168 0071 0B       		.uleb128 0xb
 1169 0072 49       		.uleb128 0x49
 1170 0073 13       		.uleb128 0x13
 1171 0074 00       		.byte	0
 1172 0075 00       		.byte	0
 1173 0076 0B       		.uleb128 0xb
 1174 0077 13       		.uleb128 0x13
 1175 0078 01       		.byte	0x1
 1176 0079 0B       		.uleb128 0xb
 1177 007a 0B       		.uleb128 0xb
 1178 007b 3A       		.uleb128 0x3a
 1179 007c 0B       		.uleb128 0xb
 1180 007d 3B       		.uleb128 0x3b
 1181 007e 05       		.uleb128 0x5
 1182 007f 01       		.uleb128 0x1
 1183 0080 13       		.uleb128 0x13
 1184 0081 00       		.byte	0
 1185 0082 00       		.byte	0
 1186 0083 0C       		.uleb128 0xc
 1187 0084 0D       		.uleb128 0xd
 1188 0085 00       		.byte	0
 1189 0086 03       		.uleb128 0x3
 1190 0087 08       		.uleb128 0x8
 1191 0088 3A       		.uleb128 0x3a
 1192 0089 0B       		.uleb128 0xb
 1193 008a 3B       		.uleb128 0x3b
 1194 008b 05       		.uleb128 0x5
 1195 008c 49       		.uleb128 0x49
 1196 008d 13       		.uleb128 0x13
 1197 008e 38       		.uleb128 0x38
 1198 008f 0B       		.uleb128 0xb
 1199 0090 00       		.byte	0
 1200 0091 00       		.byte	0
 1201 0092 0D       		.uleb128 0xd
 1202 0093 0D       		.uleb128 0xd
 1203 0094 00       		.byte	0
 1204 0095 03       		.uleb128 0x3
 1205 0096 0E       		.uleb128 0xe
 1206 0097 3A       		.uleb128 0x3a
 1207 0098 0B       		.uleb128 0xb
 1208 0099 3B       		.uleb128 0x3b
 1209 009a 05       		.uleb128 0x5
 1210 009b 49       		.uleb128 0x49
 1211 009c 13       		.uleb128 0x13
 1212 009d 38       		.uleb128 0x38
 1213 009e 0B       		.uleb128 0xb
 1214 009f 00       		.byte	0
 1215 00a0 00       		.byte	0
 1216 00a1 0E       		.uleb128 0xe
 1217 00a2 15       		.uleb128 0x15
 1218 00a3 01       		.byte	0x1
 1219 00a4 27       		.uleb128 0x27
ARM GAS  C:\Users\KEVINH~1\AppData\Local\Temp\ccCWX1ZJ.s 			page 26


 1220 00a5 19       		.uleb128 0x19
 1221 00a6 01       		.uleb128 0x1
 1222 00a7 13       		.uleb128 0x13
 1223 00a8 00       		.byte	0
 1224 00a9 00       		.byte	0
 1225 00aa 0F       		.uleb128 0xf
 1226 00ab 05       		.uleb128 0x5
 1227 00ac 00       		.byte	0
 1228 00ad 49       		.uleb128 0x49
 1229 00ae 13       		.uleb128 0x13
 1230 00af 00       		.byte	0
 1231 00b0 00       		.byte	0
 1232 00b1 10       		.uleb128 0x10
 1233 00b2 13       		.uleb128 0x13
 1234 00b3 01       		.byte	0x1
 1235 00b4 0B       		.uleb128 0xb
 1236 00b5 0B       		.uleb128 0xb
 1237 00b6 3A       		.uleb128 0x3a
 1238 00b7 0B       		.uleb128 0xb
 1239 00b8 3B       		.uleb128 0x3b
 1240 00b9 0B       		.uleb128 0xb
 1241 00ba 01       		.uleb128 0x1
 1242 00bb 13       		.uleb128 0x13
 1243 00bc 00       		.byte	0
 1244 00bd 00       		.byte	0
 1245 00be 11       		.uleb128 0x11
 1246 00bf 0D       		.uleb128 0xd
 1247 00c0 00       		.byte	0
 1248 00c1 03       		.uleb128 0x3
 1249 00c2 0E       		.uleb128 0xe
 1250 00c3 3A       		.uleb128 0x3a
 1251 00c4 0B       		.uleb128 0xb
 1252 00c5 3B       		.uleb128 0x3b
 1253 00c6 0B       		.uleb128 0xb
 1254 00c7 49       		.uleb128 0x49
 1255 00c8 13       		.uleb128 0x13
 1256 00c9 38       		.uleb128 0x38
 1257 00ca 0B       		.uleb128 0xb
 1258 00cb 00       		.byte	0
 1259 00cc 00       		.byte	0
 1260 00cd 12       		.uleb128 0x12
 1261 00ce 01       		.uleb128 0x1
 1262 00cf 01       		.byte	0x1
 1263 00d0 49       		.uleb128 0x49
 1264 00d1 13       		.uleb128 0x13
 1265 00d2 01       		.uleb128 0x1
 1266 00d3 13       		.uleb128 0x13
 1267 00d4 00       		.byte	0
 1268 00d5 00       		.byte	0
 1269 00d6 13       		.uleb128 0x13
 1270 00d7 21       		.uleb128 0x21
 1271 00d8 00       		.byte	0
 1272 00d9 49       		.uleb128 0x49
 1273 00da 13       		.uleb128 0x13
 1274 00db 2F       		.uleb128 0x2f
 1275 00dc 0B       		.uleb128 0xb
 1276 00dd 00       		.byte	0
ARM GAS  C:\Users\KEVINH~1\AppData\Local\Temp\ccCWX1ZJ.s 			page 27


 1277 00de 00       		.byte	0
 1278 00df 14       		.uleb128 0x14
 1279 00e0 2E       		.uleb128 0x2e
 1280 00e1 00       		.byte	0
 1281 00e2 3F       		.uleb128 0x3f
 1282 00e3 19       		.uleb128 0x19
 1283 00e4 03       		.uleb128 0x3
 1284 00e5 0E       		.uleb128 0xe
 1285 00e6 3A       		.uleb128 0x3a
 1286 00e7 0B       		.uleb128 0xb
 1287 00e8 3B       		.uleb128 0x3b
 1288 00e9 0B       		.uleb128 0xb
 1289 00ea 27       		.uleb128 0x27
 1290 00eb 19       		.uleb128 0x19
 1291 00ec 11       		.uleb128 0x11
 1292 00ed 01       		.uleb128 0x1
 1293 00ee 12       		.uleb128 0x12
 1294 00ef 06       		.uleb128 0x6
 1295 00f0 40       		.uleb128 0x40
 1296 00f1 18       		.uleb128 0x18
 1297 00f2 9742     		.uleb128 0x2117
 1298 00f4 19       		.uleb128 0x19
 1299 00f5 00       		.byte	0
 1300 00f6 00       		.byte	0
 1301 00f7 15       		.uleb128 0x15
 1302 00f8 2E       		.uleb128 0x2e
 1303 00f9 01       		.byte	0x1
 1304 00fa 3F       		.uleb128 0x3f
 1305 00fb 19       		.uleb128 0x19
 1306 00fc 03       		.uleb128 0x3
 1307 00fd 0E       		.uleb128 0xe
 1308 00fe 3A       		.uleb128 0x3a
 1309 00ff 0B       		.uleb128 0xb
 1310 0100 3B       		.uleb128 0x3b
 1311 0101 0B       		.uleb128 0xb
 1312 0102 27       		.uleb128 0x27
 1313 0103 19       		.uleb128 0x19
 1314 0104 11       		.uleb128 0x11
 1315 0105 01       		.uleb128 0x1
 1316 0106 12       		.uleb128 0x12
 1317 0107 06       		.uleb128 0x6
 1318 0108 40       		.uleb128 0x40
 1319 0109 18       		.uleb128 0x18
 1320 010a 9742     		.uleb128 0x2117
 1321 010c 19       		.uleb128 0x19
 1322 010d 01       		.uleb128 0x1
 1323 010e 13       		.uleb128 0x13
 1324 010f 00       		.byte	0
 1325 0110 00       		.byte	0
 1326 0111 16       		.uleb128 0x16
 1327 0112 05       		.uleb128 0x5
 1328 0113 00       		.byte	0
 1329 0114 03       		.uleb128 0x3
 1330 0115 0E       		.uleb128 0xe
 1331 0116 3A       		.uleb128 0x3a
 1332 0117 0B       		.uleb128 0xb
 1333 0118 3B       		.uleb128 0x3b
ARM GAS  C:\Users\KEVINH~1\AppData\Local\Temp\ccCWX1ZJ.s 			page 28


 1334 0119 0B       		.uleb128 0xb
 1335 011a 49       		.uleb128 0x49
 1336 011b 13       		.uleb128 0x13
 1337 011c 02       		.uleb128 0x2
 1338 011d 18       		.uleb128 0x18
 1339 011e 00       		.byte	0
 1340 011f 00       		.byte	0
 1341 0120 17       		.uleb128 0x17
 1342 0121 2E       		.uleb128 0x2e
 1343 0122 01       		.byte	0x1
 1344 0123 3F       		.uleb128 0x3f
 1345 0124 19       		.uleb128 0x19
 1346 0125 03       		.uleb128 0x3
 1347 0126 0E       		.uleb128 0xe
 1348 0127 3A       		.uleb128 0x3a
 1349 0128 0B       		.uleb128 0xb
 1350 0129 3B       		.uleb128 0x3b
 1351 012a 0B       		.uleb128 0xb
 1352 012b 27       		.uleb128 0x27
 1353 012c 19       		.uleb128 0x19
 1354 012d 49       		.uleb128 0x49
 1355 012e 13       		.uleb128 0x13
 1356 012f 11       		.uleb128 0x11
 1357 0130 01       		.uleb128 0x1
 1358 0131 12       		.uleb128 0x12
 1359 0132 06       		.uleb128 0x6
 1360 0133 40       		.uleb128 0x40
 1361 0134 18       		.uleb128 0x18
 1362 0135 9642     		.uleb128 0x2116
 1363 0137 19       		.uleb128 0x19
 1364 0138 01       		.uleb128 0x1
 1365 0139 13       		.uleb128 0x13
 1366 013a 00       		.byte	0
 1367 013b 00       		.byte	0
 1368 013c 18       		.uleb128 0x18
 1369 013d 34       		.uleb128 0x34
 1370 013e 00       		.byte	0
 1371 013f 03       		.uleb128 0x3
 1372 0140 0E       		.uleb128 0xe
 1373 0141 3A       		.uleb128 0x3a
 1374 0142 0B       		.uleb128 0xb
 1375 0143 3B       		.uleb128 0x3b
 1376 0144 0B       		.uleb128 0xb
 1377 0145 49       		.uleb128 0x49
 1378 0146 13       		.uleb128 0x13
 1379 0147 02       		.uleb128 0x2
 1380 0148 18       		.uleb128 0x18
 1381 0149 00       		.byte	0
 1382 014a 00       		.byte	0
 1383 014b 19       		.uleb128 0x19
 1384 014c 34       		.uleb128 0x34
 1385 014d 00       		.byte	0
 1386 014e 03       		.uleb128 0x3
 1387 014f 0E       		.uleb128 0xe
 1388 0150 3A       		.uleb128 0x3a
 1389 0151 0B       		.uleb128 0xb
 1390 0152 3B       		.uleb128 0x3b
ARM GAS  C:\Users\KEVINH~1\AppData\Local\Temp\ccCWX1ZJ.s 			page 29


 1391 0153 0B       		.uleb128 0xb
 1392 0154 49       		.uleb128 0x49
 1393 0155 13       		.uleb128 0x13
 1394 0156 3F       		.uleb128 0x3f
 1395 0157 19       		.uleb128 0x19
 1396 0158 02       		.uleb128 0x2
 1397 0159 18       		.uleb128 0x18
 1398 015a 00       		.byte	0
 1399 015b 00       		.byte	0
 1400 015c 1A       		.uleb128 0x1a
 1401 015d 26       		.uleb128 0x26
 1402 015e 00       		.byte	0
 1403 015f 49       		.uleb128 0x49
 1404 0160 13       		.uleb128 0x13
 1405 0161 00       		.byte	0
 1406 0162 00       		.byte	0
 1407 0163 00       		.byte	0
 1408              		.section	.debug_aranges,"",%progbits
 1409 0000 34000000 		.4byte	0x34
 1410 0004 0200     		.2byte	0x2
 1411 0006 00000000 		.4byte	.Ldebug_info0
 1412 000a 04       		.byte	0x4
 1413 000b 00       		.byte	0
 1414 000c 0000     		.2byte	0
 1415 000e 0000     		.2byte	0
 1416 0010 00000000 		.4byte	.LFB2
 1417 0014 08000000 		.4byte	.LFE2-.LFB2
 1418 0018 00000000 		.4byte	.LFB3
 1419 001c 0E000000 		.4byte	.LFE3-.LFB3
 1420 0020 00000000 		.4byte	.LFB4
 1421 0024 84000000 		.4byte	.LFE4-.LFB4
 1422 0028 00000000 		.4byte	.LFB5
 1423 002c 84000000 		.4byte	.LFE5-.LFB5
 1424 0030 00000000 		.4byte	0
 1425 0034 00000000 		.4byte	0
 1426              		.section	.debug_ranges,"",%progbits
 1427              	.Ldebug_ranges0:
 1428 0000 00000000 		.4byte	.LFB2
 1429 0004 08000000 		.4byte	.LFE2
 1430 0008 00000000 		.4byte	.LFB3
 1431 000c 0E000000 		.4byte	.LFE3
 1432 0010 00000000 		.4byte	.LFB4
 1433 0014 84000000 		.4byte	.LFE4
 1434 0018 00000000 		.4byte	.LFB5
 1435 001c 84000000 		.4byte	.LFE5
 1436 0020 00000000 		.4byte	0
 1437 0024 00000000 		.4byte	0
 1438              		.section	.debug_line,"",%progbits
 1439              	.Ldebug_line0:
 1440 0000 EC000000 		.section	.debug_str,"MS",%progbits,1
 1440      02008B00 
 1440      00000201 
 1440      FB0E0D00 
 1440      01010101 
 1441              	.LASF67:
 1442 0000 4359424C 		.ascii	"CYBLE_EVT_L2CAP_CBFC_RX_CREDIT_IND\000"
 1442      455F4556 
ARM GAS  C:\Users\KEVINH~1\AppData\Local\Temp\ccCWX1ZJ.s 			page 30


 1442      545F4C32 
 1442      4341505F 
 1442      43424643 
 1443              	.LASF21:
 1444 0023 4359424C 		.ascii	"CYBLE_EVT_STACK_BUSY_STATUS\000"
 1444      455F4556 
 1444      545F5354 
 1444      41434B5F 
 1444      42555359 
 1445              	.LASF10:
 1446 003f 75696E74 		.ascii	"uint16\000"
 1446      313600
 1447              	.LASF44:
 1448 0046 4359424C 		.ascii	"CYBLE_EVT_GATTC_READ_RSP\000"
 1448      455F4556 
 1448      545F4741 
 1448      5454435F 
 1448      52454144 
 1449              	.LASF66:
 1450 005f 4359424C 		.ascii	"CYBLE_EVT_L2CAP_CBFC_DATA_READ\000"
 1450      455F4556 
 1450      545F4C32 
 1450      4341505F 
 1450      43424643 
 1451              	.LASF76:
 1452 007e 4359424C 		.ascii	"CYBLE_ERROR_MEMORY_ALLOCATION_FAILED\000"
 1452      455F4552 
 1452      524F525F 
 1452      4D454D4F 
 1452      52595F41 
 1453              	.LASF108:
 1454 00a3 4359424C 		.ascii	"CYBLE_GATT_ERR_REQUEST_NOT_SUPPORTED\000"
 1454      455F4741 
 1454      54545F45 
 1454      52525F52 
 1454      45515545 
 1455              	.LASF103:
 1456 00c8 4359424C 		.ascii	"CYBLE_GATT_ERR_INVALID_HANDLE\000"
 1456      455F4741 
 1456      54545F45 
 1456      52525F49 
 1456      4E56414C 
 1457              	.LASF170:
 1458 00e6 4379426C 		.ascii	"CyBle_DisInit\000"
 1458      655F4469 
 1458      73496E69 
 1458      7400
 1459              	.LASF32:
 1460 00f4 4359424C 		.ascii	"CYBLE_EVT_GAP_CONNECTION_UPDATE_COMPLETE\000"
 1460      455F4556 
 1460      545F4741 
 1460      505F434F 
 1460      4E4E4543 
 1461              	.LASF65:
 1462 011d 4359424C 		.ascii	"CYBLE_EVT_L2CAP_CBFC_DISCONN_CNF\000"
 1462      455F4556 
 1462      545F4C32 
ARM GAS  C:\Users\KEVINH~1\AppData\Local\Temp\ccCWX1ZJ.s 			page 31


 1462      4341505F 
 1462      43424643 
 1463              	.LASF46:
 1464 013e 4359424C 		.ascii	"CYBLE_EVT_GATTC_READ_MULTI_RSP\000"
 1464      455F4556 
 1464      545F4741 
 1464      5454435F 
 1464      52454144 
 1465              	.LASF51:
 1466 015d 4359424C 		.ascii	"CYBLE_EVT_GATTS_EXEC_WRITE_REQ\000"
 1466      455F4556 
 1466      545F4741 
 1466      5454535F 
 1466      45584543 
 1467              	.LASF97:
 1468 017c 4359424C 		.ascii	"CYBLE_ERROR_NTF_DISABLED\000"
 1468      455F4552 
 1468      524F525F 
 1468      4E54465F 
 1468      44495341 
 1469              	.LASF18:
 1470 0195 4359424C 		.ascii	"CYBLE_EVT_TIMEOUT\000"
 1470      455F4556 
 1470      545F5449 
 1470      4D454F55 
 1470      5400
 1471              	.LASF4:
 1472 01a7 6C6F6E67 		.ascii	"long int\000"
 1472      20696E74 
 1472      00
 1473              	.LASF86:
 1474 01b0 4359424C 		.ascii	"CYBLE_ERROR_L2CAP_PSM_WRONG_ENCODING\000"
 1474      455F4552 
 1474      524F525F 
 1474      4C324341 
 1474      505F5053 
 1475              	.LASF136:
 1476 01d5 4359424C 		.ascii	"CYBLE_GATT_VALUE_T\000"
 1476      455F4741 
 1476      54545F56 
 1476      414C5545 
 1476      5F5400
 1477              	.LASF20:
 1478 01e8 4359424C 		.ascii	"CYBLE_EVT_HCI_STATUS\000"
 1478      455F4556 
 1478      545F4843 
 1478      495F5354 
 1478      41545553 
 1479              	.LASF128:
 1480 01fd 4359424C 		.ascii	"CYBLE_GATTS_ERR_OPERATION_FAILED\000"
 1480      455F4741 
 1480      5454535F 
 1480      4552525F 
 1480      4F504552 
 1481              	.LASF33:
 1482 021e 4359424C 		.ascii	"CYBLE_EVT_GAPC_SCAN_START_STOP\000"
 1482      455F4556 
ARM GAS  C:\Users\KEVINH~1\AppData\Local\Temp\ccCWX1ZJ.s 			page 32


 1482      545F4741 
 1482      50435F53 
 1482      43414E5F 
 1483              	.LASF70:
 1484 023d 4359424C 		.ascii	"CYBLE_EVT_PENDING_FLASH_WRITE\000"
 1484      455F4556 
 1484      545F5045 
 1484      4E44494E 
 1484      475F464C 
 1485              	.LASF85:
 1486 025b 4359424C 		.ascii	"CYBLE_ERROR_SEC_FAILED\000"
 1486      455F4552 
 1486      524F525F 
 1486      5345435F 
 1486      4641494C 
 1487              	.LASF31:
 1488 0272 4359424C 		.ascii	"CYBLE_EVT_GAP_ENCRYPT_CHANGE\000"
 1488      455F4556 
 1488      545F4741 
 1488      505F454E 
 1488      43525950 
 1489              	.LASF125:
 1490 028f 4359424C 		.ascii	"CYBLE_GATT_ERR_OP_CODE_NOT_SUPPORTED\000"
 1490      455F4741 
 1490      54545F45 
 1490      52525F4F 
 1490      505F434F 
 1491              	.LASF107:
 1492 02b4 4359424C 		.ascii	"CYBLE_GATT_ERR_INSUFFICIENT_AUTHENTICATION\000"
 1492      455F4741 
 1492      54545F45 
 1492      52525F49 
 1492      4E535546 
 1493              	.LASF6:
 1494 02df 6C6F6E67 		.ascii	"long long int\000"
 1494      206C6F6E 
 1494      6720696E 
 1494      7400
 1495              	.LASF0:
 1496 02ed 7369676E 		.ascii	"signed char\000"
 1496      65642063 
 1496      68617200 
 1497              	.LASF17:
 1498 02f9 4359424C 		.ascii	"CYBLE_EVT_STACK_ON\000"
 1498      455F4556 
 1498      545F5354 
 1498      41434B5F 
 1498      4F4E00
 1499              	.LASF134:
 1500 030c 4359424C 		.ascii	"CYBLE_GATT_DB_ATTR_HANDLE_T\000"
 1500      455F4741 
 1500      54545F44 
 1500      425F4154 
 1500      54525F48 
 1501              	.LASF93:
 1502 0328 4359424C 		.ascii	"CYBLE_ERROR_DEVICE_ALREADY_EXISTS\000"
 1502      455F4552 
ARM GAS  C:\Users\KEVINH~1\AppData\Local\Temp\ccCWX1ZJ.s 			page 33


 1502      524F525F 
 1502      44455649 
 1502      43455F41 
 1503              	.LASF80:
 1504 034a 4359424C 		.ascii	"CYBLE_ERROR_NO_DEVICE_ENTITY\000"
 1504      455F4552 
 1504      524F525F 
 1504      4E4F5F44 
 1504      45564943 
 1505              	.LASF135:
 1506 0367 61637475 		.ascii	"actualLen\000"
 1506      616C4C65 
 1506      6E00
 1507              	.LASF23:
 1508 0371 4359424C 		.ascii	"CYBLE_EVT_GAP_AUTH_REQ\000"
 1508      455F4556 
 1508      545F4741 
 1508      505F4155 
 1508      54485F52 
 1509              	.LASF158:
 1510 0388 4359424C 		.ascii	"CYBLE_HRS_CHAR_COUNT\000"
 1510      455F4852 
 1510      535F4348 
 1510      41525F43 
 1510      4F554E54 
 1511              	.LASF157:
 1512 039d 4359424C 		.ascii	"CYBLE_HRS_CPT\000"
 1512      455F4852 
 1512      535F4350 
 1512      5400
 1513              	.LASF106:
 1514 03ab 4359424C 		.ascii	"CYBLE_GATT_ERR_INVALID_PDU\000"
 1514      455F4741 
 1514      54545F45 
 1514      52525F49 
 1514      4E56414C 
 1515              	.LASF100:
 1516 03c6 4359424C 		.ascii	"CYBLE_ERROR_INVALID_STATE\000"
 1516      455F4552 
 1516      524F525F 
 1516      494E5641 
 1516      4C49445F 
 1517              	.LASF49:
 1518 03e0 4359424C 		.ascii	"CYBLE_EVT_GATTS_WRITE_CMD_REQ\000"
 1518      455F4556 
 1518      545F4741 
 1518      5454535F 
 1518      57524954 
 1519              	.LASF28:
 1520 03fe 4359424C 		.ascii	"CYBLE_EVT_GAPP_ADVERTISEMENT_START_STOP\000"
 1520      455F4556 
 1520      545F4741 
 1520      50505F41 
 1520      44564552 
 1521              	.LASF91:
 1522 0426 4359424C 		.ascii	"CYBLE_ERROR_L2CAP_PSM_NOT_IN_RANGE\000"
 1522      455F4552 
ARM GAS  C:\Users\KEVINH~1\AppData\Local\Temp\ccCWX1ZJ.s 			page 34


 1522      524F525F 
 1522      4C324341 
 1522      505F5053 
 1523              	.LASF9:
 1524 0449 75696E74 		.ascii	"uint8\000"
 1524      3800
 1525              	.LASF52:
 1526 044f 4359424C 		.ascii	"CYBLE_EVT_GATTC_EXEC_WRITE_RSP\000"
 1526      455F4556 
 1526      545F4741 
 1526      5454435F 
 1526      45584543 
 1527              	.LASF13:
 1528 046e 646F7562 		.ascii	"double\000"
 1528      6C6500
 1529              	.LASF74:
 1530 0475 4359424C 		.ascii	"CYBLE_ERROR_INVALID_PARAMETER\000"
 1530      455F4552 
 1530      524F525F 
 1530      494E5641 
 1530      4C49445F 
 1531              	.LASF118:
 1532 0493 4359424C 		.ascii	"CYBLE_GATT_ERR_UNSUPPORTED_GROUP_TYPE\000"
 1532      455F4741 
 1532      54545F45 
 1532      52525F55 
 1532      4E535550 
 1533              	.LASF145:
 1534 04b9 4359424C 		.ascii	"CYBLE_DIS_FIRMWARE_REV\000"
 1534      455F4449 
 1534      535F4649 
 1534      524D5741 
 1534      52455F52 
 1535              	.LASF11:
 1536 04d0 75696E74 		.ascii	"uint32\000"
 1536      333200
 1537              	.LASF144:
 1538 04d7 4359424C 		.ascii	"CYBLE_DIS_HARDWARE_REV\000"
 1538      455F4449 
 1538      535F4841 
 1538      52445741 
 1538      52455F52 
 1539              	.LASF72:
 1540 04ee 4359424C 		.ascii	"CYBLE_EVT_MAX\000"
 1540      455F4556 
 1540      545F4D41 
 1540      5800
 1541              	.LASF73:
 1542 04fc 4359424C 		.ascii	"CYBLE_ERROR_OK\000"
 1542      455F4552 
 1542      524F525F 
 1542      4F4B00
 1543              	.LASF102:
 1544 050b 4359424C 		.ascii	"CYBLE_GATT_ERR_NONE\000"
 1544      455F4741 
 1544      54545F45 
 1544      52525F4E 
ARM GAS  C:\Users\KEVINH~1\AppData\Local\Temp\ccCWX1ZJ.s 			page 35


 1544      4F4E4500 
 1545              	.LASF59:
 1546 051f 4359424C 		.ascii	"CYBLE_EVT_L2CAP_CONN_PARAM_UPDATE_REQ\000"
 1546      455F4556 
 1546      545F4C32 
 1546      4341505F 
 1546      434F4E4E 
 1547              	.LASF104:
 1548 0545 4359424C 		.ascii	"CYBLE_GATT_ERR_READ_NOT_PERMITTED\000"
 1548      455F4741 
 1548      54545F45 
 1548      52525F52 
 1548      4541445F 
 1549              	.LASF37:
 1550 0567 4359424C 		.ascii	"CYBLE_EVT_GATT_DISCONNECT_IND\000"
 1550      455F4556 
 1550      545F4741 
 1550      54545F44 
 1550      4953434F 
 1551              	.LASF69:
 1552 0585 4359424C 		.ascii	"CYBLE_EVT_L2CAP_CBFC_DATA_WRITE_IND\000"
 1552      455F4556 
 1552      545F4C32 
 1552      4341505F 
 1552      43424643 
 1553              	.LASF82:
 1554 05a9 4359424C 		.ascii	"CYBLE_ERROR_GAP_ROLE\000"
 1554      455F4552 
 1554      524F525F 
 1554      4741505F 
 1554      524F4C45 
 1555              	.LASF138:
 1556 05be 61747472 		.ascii	"attrHandle\000"
 1556      48616E64 
 1556      6C6500
 1557              	.LASF7:
 1558 05c9 6C6F6E67 		.ascii	"long long unsigned int\000"
 1558      206C6F6E 
 1558      6720756E 
 1558      7369676E 
 1558      65642069 
 1559              	.LASF137:
 1560 05e0 76616C75 		.ascii	"value\000"
 1560      6500
 1561              	.LASF57:
 1562 05e6 4359424C 		.ascii	"CYBLE_EVT_GATTC_STOP_CMD_COMPLETE\000"
 1562      455F4556 
 1562      545F4741 
 1562      5454435F 
 1562      53544F50 
 1563              	.LASF151:
 1564 0608 4359424C 		.ascii	"CYBLE_DIS_CHAR_INDEX_T\000"
 1564      455F4449 
 1564      535F4348 
 1564      41525F49 
 1564      4E444558 
 1565              	.LASF78:
ARM GAS  C:\Users\KEVINH~1\AppData\Local\Temp\ccCWX1ZJ.s 			page 36


 1566 061f 4359424C 		.ascii	"CYBLE_ERROR_OOB_NOT_AVAILABLE\000"
 1566      455F4552 
 1566      524F525F 
 1566      4F4F425F 
 1566      4E4F545F 
 1567              	.LASF71:
 1568 063d 4359424C 		.ascii	"CYBLE_EVT_LE_PING_AUTH_TIMEOUT\000"
 1568      455F4556 
 1568      545F4C45 
 1568      5F50494E 
 1568      475F4155 
 1569              	.LASF129:
 1570 065c 4359424C 		.ascii	"CYBLE_GATT_ERR_INVALID_CRC\000"
 1570      455F4741 
 1570      54545F45 
 1570      52525F49 
 1570      4E56414C 
 1571              	.LASF124:
 1572 0677 4359424C 		.ascii	"CYBLE_GATTS_ERR_PROCEDURE_ALREADY_IN_PROGRESS\000"
 1572      455F4741 
 1572      5454535F 
 1572      4552525F 
 1572      50524F43 
 1573              	.LASF87:
 1574 06a5 4359424C 		.ascii	"CYBLE_ERROR_L2CAP_PSM_ALREADY_REGISTERED\000"
 1574      455F4552 
 1574      524F525F 
 1574      4C324341 
 1574      505F5053 
 1575              	.LASF5:
 1576 06ce 6C6F6E67 		.ascii	"long unsigned int\000"
 1576      20756E73 
 1576      69676E65 
 1576      6420696E 
 1576      7400
 1577              	.LASF112:
 1578 06e0 4359424C 		.ascii	"CYBLE_GATT_ERR_ATTRIBUTE_NOT_FOUND\000"
 1578      455F4741 
 1578      54545F45 
 1578      52525F41 
 1578      54545249 
 1579              	.LASF47:
 1580 0703 4359424C 		.ascii	"CYBLE_EVT_GATTS_WRITE_REQ\000"
 1580      455F4556 
 1580      545F4741 
 1580      5454535F 
 1580      57524954 
 1581              	.LASF39:
 1582 071d 4359424C 		.ascii	"CYBLE_EVT_GATTC_XCHNG_MTU_RSP\000"
 1582      455F4556 
 1582      545F4741 
 1582      5454435F 
 1582      5843484E 
 1583              	.LASF56:
 1584 073b 4359424C 		.ascii	"CYBLE_EVT_GATTS_DATA_SIGNED_CMD_REQ\000"
 1584      455F4556 
 1584      545F4741 
ARM GAS  C:\Users\KEVINH~1\AppData\Local\Temp\ccCWX1ZJ.s 			page 37


 1584      5454535F 
 1584      44415441 
 1585              	.LASF90:
 1586 075f 4359424C 		.ascii	"CYBLE_ERROR_L2CAP_CHANNEL_NOT_FOUND\000"
 1586      455F4552 
 1586      524F525F 
 1586      4C324341 
 1586      505F4348 
 1587              	.LASF105:
 1588 0783 4359424C 		.ascii	"CYBLE_GATT_ERR_WRITE_NOT_PERMITTED\000"
 1588      455F4741 
 1588      54545F45 
 1588      52525F57 
 1588      52495445 
 1589              	.LASF113:
 1590 07a6 4359424C 		.ascii	"CYBLE_GATT_ERR_ATTRIBUTE_NOT_LONG\000"
 1590      455F4741 
 1590      54545F45 
 1590      52525F41 
 1590      54545249 
 1591              	.LASF16:
 1592 07c8 4359424C 		.ascii	"CYBLE_EVT_HOST_INVALID\000"
 1592      455F4556 
 1592      545F484F 
 1592      53545F49 
 1592      4E56414C 
 1593              	.LASF42:
 1594 07df 4359424C 		.ascii	"CYBLE_EVT_GATTC_FIND_INFO_RSP\000"
 1594      455F4556 
 1594      545F4741 
 1594      5454435F 
 1594      46494E44 
 1595              	.LASF114:
 1596 07fd 4359424C 		.ascii	"CYBLE_GATT_ERR_INSUFFICIENT_ENC_KEY_SIZE\000"
 1596      455F4741 
 1596      54545F45 
 1596      52525F49 
 1596      4E535546 
 1597              	.LASF165:
 1598 0826 4379426C 		.ascii	"CyBle_DissSetCharacteristicValue\000"
 1598      655F4469 
 1598      73735365 
 1598      74436861 
 1598      72616374 
 1599              	.LASF29:
 1600 0847 4359424C 		.ascii	"CYBLE_EVT_GAP_DEVICE_CONNECTED\000"
 1600      455F4556 
 1600      545F4741 
 1600      505F4445 
 1600      56494345 
 1601              	.LASF172:
 1602 0866 6379426C 		.ascii	"cyBle_diss\000"
 1602      655F6469 
 1602      737300
 1603              	.LASF149:
 1604 0871 4359424C 		.ascii	"CYBLE_DIS_PNP_ID\000"
 1604      455F4449 
ARM GAS  C:\Users\KEVINH~1\AppData\Local\Temp\ccCWX1ZJ.s 			page 38


 1604      535F504E 
 1604      505F4944 
 1604      00
 1605              	.LASF123:
 1606 0882 4359424C 		.ascii	"CYBLE_GATT_ERR_HTS_OUT_OF_RANGE\000"
 1606      455F4741 
 1606      54545F45 
 1606      52525F48 
 1606      54535F4F 
 1607              	.LASF2:
 1608 08a2 73686F72 		.ascii	"short int\000"
 1608      7420696E 
 1608      7400
 1609              	.LASF25:
 1610 08ac 4359424C 		.ascii	"CYBLE_EVT_GAP_PASSKEY_DISPLAY_REQUEST\000"
 1610      455F4556 
 1610      545F4741 
 1610      505F5041 
 1610      53534B45 
 1611              	.LASF152:
 1612 08d2 73657276 		.ascii	"serviceHandle\000"
 1612      69636548 
 1612      616E646C 
 1612      6500
 1613              	.LASF36:
 1614 08e0 4359424C 		.ascii	"CYBLE_EVT_GATT_CONNECT_IND\000"
 1614      455F4556 
 1614      545F4741 
 1614      54545F43 
 1614      4F4E4E45 
 1615              	.LASF61:
 1616 08fb 4359424C 		.ascii	"CYBLE_EVT_L2CAP_COMMAND_REJ\000"
 1616      455F4556 
 1616      545F4C32 
 1616      4341505F 
 1616      434F4D4D 
 1617              	.LASF122:
 1618 0917 4359424C 		.ascii	"CYBLE_GATT_ERR_CPS_INAPPROPRIATE_CONNECTION_PARAMET"
 1618      455F4741 
 1618      54545F45 
 1618      52525F43 
 1618      50535F49 
 1619 094a 45525300 		.ascii	"ERS\000"
 1620              	.LASF22:
 1621 094e 4359424C 		.ascii	"CYBLE_EVT_GAPC_SCAN_PROGRESS_RESULT\000"
 1621      455F4556 
 1621      545F4741 
 1621      50435F53 
 1621      43414E5F 
 1622              	.LASF147:
 1623 0972 4359424C 		.ascii	"CYBLE_DIS_SYSTEM_ID\000"
 1623      455F4449 
 1623      535F5359 
 1623      5354454D 
 1623      5F494400 
 1624              	.LASF96:
 1625 0986 4359424C 		.ascii	"CYBLE_ERROR_MAX\000"
ARM GAS  C:\Users\KEVINH~1\AppData\Local\Temp\ccCWX1ZJ.s 			page 39


 1625      455F4552 
 1625      524F525F 
 1625      4D415800 
 1626              	.LASF62:
 1627 0996 4359424C 		.ascii	"CYBLE_EVT_L2CAP_CBFC_CONN_IND\000"
 1627      455F4556 
 1627      545F4C32 
 1627      4341505F 
 1627      43424643 
 1628              	.LASF41:
 1629 09b4 4359424C 		.ascii	"CYBLE_EVT_GATTC_READ_BY_TYPE_RSP\000"
 1629      455F4556 
 1629      545F4741 
 1629      5454435F 
 1629      52454144 
 1630              	.LASF15:
 1631 09d5 73697A65 		.ascii	"sizetype\000"
 1631      74797065 
 1631      00
 1632              	.LASF119:
 1633 09de 4359424C 		.ascii	"CYBLE_GATT_ERR_INSUFFICIENT_RESOURCE\000"
 1633      455F4741 
 1633      54545F45 
 1633      52525F49 
 1633      4E535546 
 1634              	.LASF27:
 1635 0a03 4359424C 		.ascii	"CYBLE_EVT_GAP_AUTH_FAILED\000"
 1635      455F4556 
 1635      545F4741 
 1635      505F4155 
 1635      54485F46 
 1636              	.LASF155:
 1637 0a1d 4359424C 		.ascii	"CYBLE_HRS_HRM\000"
 1637      455F4852 
 1637      535F4852 
 1637      4D00
 1638              	.LASF166:
 1639 0a2b 4379426C 		.ascii	"CyBle_DissGetCharacteristicValue\000"
 1639      655F4469 
 1639      73734765 
 1639      74436861 
 1639      72616374 
 1640              	.LASF110:
 1641 0a4c 4359424C 		.ascii	"CYBLE_GATT_ERR_INSUFFICIENT_AUTHORIZATION\000"
 1641      455F4741 
 1641      54545F45 
 1641      52525F49 
 1641      4E535546 
 1642              	.LASF26:
 1643 0a76 4359424C 		.ascii	"CYBLE_EVT_GAP_AUTH_COMPLETE\000"
 1643      455F4556 
 1643      545F4741 
 1643      505F4155 
 1643      54485F43 
 1644              	.LASF163:
 1645 0a92 61706952 		.ascii	"apiResult\000"
 1645      6573756C 
ARM GAS  C:\Users\KEVINH~1\AppData\Local\Temp\ccCWX1ZJ.s 			page 40


 1645      7400
 1646              	.LASF101:
 1647 0a9c 4359424C 		.ascii	"CYBLE_API_RESULT_T\000"
 1647      455F4150 
 1647      495F5245 
 1647      53554C54 
 1647      5F5400
 1648              	.LASF53:
 1649 0aaf 4359424C 		.ascii	"CYBLE_EVT_GATTC_HANDLE_VALUE_NTF\000"
 1649      455F4556 
 1649      545F4741 
 1649      5454435F 
 1649      48414E44 
 1650              	.LASF98:
 1651 0ad0 4359424C 		.ascii	"CYBLE_ERROR_IND_DISABLED\000"
 1651      455F4552 
 1651      524F525F 
 1651      494E445F 
 1651      44495341 
 1652              	.LASF139:
 1653 0ae9 4359424C 		.ascii	"CYBLE_GATT_HANDLE_VALUE_PAIR_T\000"
 1653      455F4741 
 1653      54545F48 
 1653      414E444C 
 1653      455F5641 
 1654              	.LASF148:
 1655 0b08 4359424C 		.ascii	"CYBLE_DIS_REG_CERT_DATA\000"
 1655      455F4449 
 1655      535F5245 
 1655      475F4345 
 1655      52545F44 
 1656              	.LASF63:
 1657 0b20 4359424C 		.ascii	"CYBLE_EVT_L2CAP_CBFC_CONN_CNF\000"
 1657      455F4556 
 1657      545F4C32 
 1657      4341505F 
 1657      43424643 
 1658              	.LASF40:
 1659 0b3e 4359424C 		.ascii	"CYBLE_EVT_GATTC_READ_BY_GROUP_TYPE_RSP\000"
 1659      455F4556 
 1659      545F4741 
 1659      5454435F 
 1659      52454144 
 1660              	.LASF12:
 1661 0b65 666C6F61 		.ascii	"float\000"
 1661      7400
 1662              	.LASF168:
 1663 0b6b 2E5C4765 		.ascii	".\\Generated_Source\\PSoC4\\BLE_dis.c\000"
 1663      6E657261 
 1663      7465645F 
 1663      536F7572 
 1663      63655C50 
 1664              	.LASF167:
 1665 0b8e 474E5520 		.ascii	"GNU C 4.8.4 20140526 (release) [ARM/embedded-4_8-br"
 1665      4320342E 
 1665      382E3420 
 1665      32303134 
ARM GAS  C:\Users\KEVINH~1\AppData\Local\Temp\ccCWX1ZJ.s 			page 41


 1665      30353236 
 1666 0bc1 616E6368 		.ascii	"anch revision 211358] -mcpu=cortex-m0 -mthumb -g -O"
 1666      20726576 
 1666      6973696F 
 1666      6E203231 
 1666      31333538 
 1667 0bf4 30202D66 		.ascii	"0 -ffunction-sections\000"
 1667      66756E63 
 1667      74696F6E 
 1667      2D736563 
 1667      74696F6E 
 1668              	.LASF111:
 1669 0c0a 4359424C 		.ascii	"CYBLE_GATT_ERR_PREPARE_WRITE_QUEUE_FULL\000"
 1669      455F4741 
 1669      54545F45 
 1669      52525F50 
 1669      52455041 
 1670              	.LASF143:
 1671 0c32 4359424C 		.ascii	"CYBLE_DIS_SERIAL_NUMBER\000"
 1671      455F4449 
 1671      535F5345 
 1671      5249414C 
 1671      5F4E554D 
 1672              	.LASF83:
 1673 0c4a 4359424C 		.ascii	"CYBLE_ERROR_TX_POWER_READ\000"
 1673      455F4552 
 1673      524F525F 
 1673      54585F50 
 1673      4F574552 
 1674              	.LASF159:
 1675 0c64 63616C6C 		.ascii	"callbackFunc\000"
 1675      6261636B 
 1675      46756E63 
 1675      00
 1676              	.LASF133:
 1677 0c71 4359424C 		.ascii	"CYBLE_GATT_ERR_OUT_OF_RANGE\000"
 1677      455F4741 
 1677      54545F45 
 1677      52525F4F 
 1677      55545F4F 
 1678              	.LASF1:
 1679 0c8d 756E7369 		.ascii	"unsigned char\000"
 1679      676E6564 
 1679      20636861 
 1679      7200
 1680              	.LASF150:
 1681 0c9b 4359424C 		.ascii	"CYBLE_DIS_CHAR_COUNT\000"
 1681      455F4449 
 1681      535F4348 
 1681      41525F43 
 1681      4F554E54 
 1682              	.LASF115:
 1683 0cb0 4359424C 		.ascii	"CYBLE_GATT_ERR_INVALID_ATTRIBUTE_LEN\000"
 1683      455F4741 
 1683      54545F45 
 1683      52525F49 
 1683      4E56414C 
ARM GAS  C:\Users\KEVINH~1\AppData\Local\Temp\ccCWX1ZJ.s 			page 42


 1684              	.LASF127:
 1685 0cd5 4359424C 		.ascii	"CYBLE_GATTS_ERR_CCCD_IMPROPERLY_CONFIGURED\000"
 1685      455F4741 
 1685      5454535F 
 1685      4552525F 
 1685      43434344 
 1686              	.LASF171:
 1687 0d00 4379426C 		.ascii	"CyBle_DisRegisterAttrCallback\000"
 1687      655F4469 
 1687      73526567 
 1687      69737465 
 1687      72417474 
 1688              	.LASF99:
 1689 0d1e 4359424C 		.ascii	"CYBLE_ERROR_CHAR_IS_NOT_DISCOVERED\000"
 1689      455F4552 
 1689      524F525F 
 1689      43484152 
 1689      5F49535F 
 1690              	.LASF153:
 1691 0d41 63686172 		.ascii	"charHandle\000"
 1691      48616E64 
 1691      6C6500
 1692              	.LASF54:
 1693 0d4c 4359424C 		.ascii	"CYBLE_EVT_GATTC_HANDLE_VALUE_IND\000"
 1693      455F4556 
 1693      545F4741 
 1693      5454435F 
 1693      48414E44 
 1694              	.LASF79:
 1695 0d6d 4359424C 		.ascii	"CYBLE_ERROR_NO_CONNECTION\000"
 1695      455F4552 
 1695      524F525F 
 1695      4E4F5F43 
 1695      4F4E4E45 
 1696              	.LASF126:
 1697 0d87 4359424C 		.ascii	"CYBLE_GATT_ERR_MISSING_CRC\000"
 1697      455F4741 
 1697      54545F45 
 1697      52525F4D 
 1697      49535349 
 1698              	.LASF146:
 1699 0da2 4359424C 		.ascii	"CYBLE_DIS_SOFTWARE_REV\000"
 1699      455F4449 
 1699      535F534F 
 1699      46545741 
 1699      52455F52 
 1700              	.LASF130:
 1701 0db9 4359424C 		.ascii	"CYBLE_GATT_ERR_ANS_COMMAND_NOT_SUPPORTED\000"
 1701      455F4741 
 1701      54545F45 
 1701      52525F41 
 1701      4E535F43 
 1702              	.LASF50:
 1703 0de2 4359424C 		.ascii	"CYBLE_EVT_GATTS_PREP_WRITE_REQ\000"
 1703      455F4556 
 1703      545F4741 
 1703      5454535F 
ARM GAS  C:\Users\KEVINH~1\AppData\Local\Temp\ccCWX1ZJ.s 			page 43


 1703      50524550 
 1704              	.LASF162:
 1705 0e01 61747472 		.ascii	"attrValue\000"
 1705      56616C75 
 1705      6500
 1706              	.LASF55:
 1707 0e0b 4359424C 		.ascii	"CYBLE_EVT_GATTS_HANDLE_VALUE_CNF\000"
 1707      455F4556 
 1707      545F4741 
 1707      5454535F 
 1707      48414E44 
 1708              	.LASF131:
 1709 0e2c 4359424C 		.ascii	"CYBLE_GATT_ERR_CCCD_IMPROPERLY_CONFIGURED\000"
 1709      455F4741 
 1709      54545F45 
 1709      52525F43 
 1709      4343445F 
 1710              	.LASF156:
 1711 0e56 4359424C 		.ascii	"CYBLE_HRS_BSL\000"
 1711      455F4852 
 1711      535F4253 
 1711      4C00
 1712              	.LASF120:
 1713 0e64 4359424C 		.ascii	"CYBLE_GATT_ERR_HEART_RATE_CONTROL_POINT_NOT_SUPPORT"
 1713      455F4741 
 1713      54545F45 
 1713      52525F48 
 1713      45415254 
 1714 0e97 454400   		.ascii	"ED\000"
 1715              	.LASF14:
 1716 0e9a 63686172 		.ascii	"char\000"
 1716      00
 1717              	.LASF142:
 1718 0e9f 4359424C 		.ascii	"CYBLE_DIS_MODEL_NUMBER\000"
 1718      455F4449 
 1718      535F4D4F 
 1718      44454C5F 
 1718      4E554D42 
 1719              	.LASF84:
 1720 0eb6 4359424C 		.ascii	"CYBLE_ERROR_BT_ON_NOT_COMPLETED\000"
 1720      455F4552 
 1720      524F525F 
 1720      42545F4F 
 1720      4E5F4E4F 
 1721              	.LASF30:
 1722 0ed6 4359424C 		.ascii	"CYBLE_EVT_GAP_DEVICE_DISCONNECTED\000"
 1722      455F4556 
 1722      545F4741 
 1722      505F4445 
 1722      56494345 
 1723              	.LASF8:
 1724 0ef8 756E7369 		.ascii	"unsigned int\000"
 1724      676E6564 
 1724      20696E74 
 1724      00
 1725              	.LASF58:
 1726 0f05 4359424C 		.ascii	"CYBLE_EVT_GATTS_READ_CHAR_VAL_ACCESS_REQ\000"
ARM GAS  C:\Users\KEVINH~1\AppData\Local\Temp\ccCWX1ZJ.s 			page 44


 1726      455F4556 
 1726      545F4741 
 1726      5454535F 
 1726      52454144 
 1727              	.LASF48:
 1728 0f2e 4359424C 		.ascii	"CYBLE_EVT_GATTC_WRITE_RSP\000"
 1728      455F4556 
 1728      545F4741 
 1728      5454435F 
 1728      57524954 
 1729              	.LASF68:
 1730 0f48 4359424C 		.ascii	"CYBLE_EVT_L2CAP_CBFC_TX_CREDIT_IND\000"
 1730      455F4556 
 1730      545F4C32 
 1730      4341505F 
 1730      43424643 
 1731              	.LASF116:
 1732 0f6b 4359424C 		.ascii	"CYBLE_GATT_ERR_UNLIKELY_ERROR\000"
 1732      455F4741 
 1732      54545F45 
 1732      52525F55 
 1732      4E4C494B 
 1733              	.LASF94:
 1734 0f89 4359424C 		.ascii	"CYBLE_ERROR_FLASH_WRITE_NOT_PERMITED\000"
 1734      455F4552 
 1734      524F525F 
 1734      464C4153 
 1734      485F5752 
 1735              	.LASF89:
 1736 0fae 4359424C 		.ascii	"CYBLE_ERROR_L2CAP_CONNECTION_ENTITY_NOT_FOUND\000"
 1736      455F4552 
 1736      524F525F 
 1736      4C324341 
 1736      505F434F 
 1737              	.LASF132:
 1738 0fdc 4359424C 		.ascii	"CYBLE_GATT_ERR_PROCEDURE_ALREADY_IN_PROGRESS\000"
 1738      455F4741 
 1738      54545F45 
 1738      52525F50 
 1738      524F4345 
 1739              	.LASF19:
 1740 1009 4359424C 		.ascii	"CYBLE_EVT_HARDWARE_ERROR\000"
 1740      455F4556 
 1740      545F4841 
 1740      52445741 
 1740      52455F45 
 1741              	.LASF3:
 1742 1022 73686F72 		.ascii	"short unsigned int\000"
 1742      7420756E 
 1742      7369676E 
 1742      65642069 
 1742      6E7400
 1743              	.LASF35:
 1744 1035 4359424C 		.ascii	"CYBLE_EVT_GATTC_ERROR_RSP\000"
 1744      455F4556 
 1744      545F4741 
 1744      5454435F 
ARM GAS  C:\Users\KEVINH~1\AppData\Local\Temp\ccCWX1ZJ.s 			page 45


 1744      4552524F 
 1745              	.LASF75:
 1746 104f 4359424C 		.ascii	"CYBLE_ERROR_INVALID_OPERATION\000"
 1746      455F4552 
 1746      524F525F 
 1746      494E5641 
 1746      4C49445F 
 1747              	.LASF121:
 1748 106d 4359424C 		.ascii	"CYBLE_GATT_ERR_USER_DATA_ACCESS_NOT_PERMITTED\000"
 1748      455F4741 
 1748      54545F45 
 1748      52525F55 
 1748      5345525F 
 1749              	.LASF117:
 1750 109b 4359424C 		.ascii	"CYBLE_GATT_ERR_INSUFFICIENT_ENCRYPTION\000"
 1750      455F4741 
 1750      54545F45 
 1750      52525F49 
 1750      4E535546 
 1751              	.LASF140:
 1752 10c2 4359424C 		.ascii	"CYBLE_CALLBACK_T\000"
 1752      455F4341 
 1752      4C4C4241 
 1752      434B5F54 
 1752      00
 1753              	.LASF38:
 1754 10d3 4359424C 		.ascii	"CYBLE_EVT_GATTS_XCNHG_MTU_REQ\000"
 1754      455F4556 
 1754      545F4741 
 1754      5454535F 
 1754      58434E48 
 1755              	.LASF160:
 1756 10f1 63686172 		.ascii	"charIndex\000"
 1756      496E6465 
 1756      7800
 1757              	.LASF77:
 1758 10fb 4359424C 		.ascii	"CYBLE_ERROR_INSUFFICIENT_RESOURCES\000"
 1758      455F4552 
 1758      524F525F 
 1758      494E5355 
 1758      46464943 
 1759              	.LASF24:
 1760 111e 4359424C 		.ascii	"CYBLE_EVT_GAP_PASSKEY_ENTRY_REQUEST\000"
 1760      455F4556 
 1760      545F4741 
 1760      505F5041 
 1760      53534B45 
 1761              	.LASF45:
 1762 1142 4359424C 		.ascii	"CYBLE_EVT_GATTC_READ_BLOB_RSP\000"
 1762      455F4556 
 1762      545F4741 
 1762      5454435F 
 1762      52454144 
 1763              	.LASF109:
 1764 1160 4359424C 		.ascii	"CYBLE_GATT_ERR_INVALID_OFFSET\000"
 1764      455F4741 
 1764      54545F45 
ARM GAS  C:\Users\KEVINH~1\AppData\Local\Temp\ccCWX1ZJ.s 			page 46


 1764      52525F49 
 1764      4E56414C 
 1765              	.LASF95:
 1766 117e 4359424C 		.ascii	"CYBLE_ERROR_MIC_AUTH_FAILED\000"
 1766      455F4552 
 1766      524F525F 
 1766      4D49435F 
 1766      41555448 
 1767              	.LASF88:
 1768 119a 4359424C 		.ascii	"CYBLE_ERROR_L2CAP_PSM_NOT_REGISTERED\000"
 1768      455F4552 
 1768      524F525F 
 1768      4C324341 
 1768      505F5053 
 1769              	.LASF43:
 1770 11bf 4359424C 		.ascii	"CYBLE_EVT_GATTC_FIND_BY_TYPE_VALUE_RSP\000"
 1770      455F4556 
 1770      545F4741 
 1770      5454435F 
 1770      46494E44 
 1771              	.LASF154:
 1772 11e6 4359424C 		.ascii	"CYBLE_DISS_T\000"
 1772      455F4449 
 1772      53535F54 
 1772      00
 1773              	.LASF34:
 1774 11f3 4359424C 		.ascii	"CYBLE_EVT_GAP_KEYINFO_EXCHNGE_CMPLT\000"
 1774      455F4556 
 1774      545F4741 
 1774      505F4B45 
 1774      59494E46 
 1775              	.LASF164:
 1776 1217 6C6F6348 		.ascii	"locHandleValuePair\000"
 1776      616E646C 
 1776      6556616C 
 1776      75655061 
 1776      697200
 1777              	.LASF64:
 1778 122a 4359424C 		.ascii	"CYBLE_EVT_L2CAP_CBFC_DISCONN_IND\000"
 1778      455F4556 
 1778      545F4C32 
 1778      4341505F 
 1778      43424643 
 1779              	.LASF60:
 1780 124b 4359424C 		.ascii	"CYBLE_EVT_L2CAP_CONN_PARAM_UPDATE_RSP\000"
 1780      455F4556 
 1780      545F4C32 
 1780      4341505F 
 1780      434F4E4E 
 1781              	.LASF169:
 1782 1271 433A5C55 		.ascii	"C:\\Users\\kevinhung\\Desktop\\ble\\Cypress BLE Wor"
 1782      73657273 
 1782      5C6B6576 
 1782      696E6875 
 1782      6E675C44 
 1783 129f 6B73686F 		.ascii	"kshop\\Workshop Exrecises and Manuals\\Template Lab"
 1783      705C576F 
ARM GAS  C:\Users\KEVINH~1\AppData\Local\Temp\ccCWX1ZJ.s 			page 47


 1783      726B7368 
 1783      6F702045 
 1783      78726563 
 1784 12d0 735C424C 		.ascii	"s\\BLE Lab 2\\BLE Lab 2.cydsn\000"
 1784      45204C61 
 1784      6220325C 
 1784      424C4520 
 1784      4C616220 
 1785              	.LASF141:
 1786 12ec 4359424C 		.ascii	"CYBLE_DIS_MANUFACTURER_NAME\000"
 1786      455F4449 
 1786      535F4D41 
 1786      4E554641 
 1786      43545552 
 1787              	.LASF161:
 1788 1308 61747472 		.ascii	"attrSize\000"
 1788      53697A65 
 1788      00
 1789              	.LASF92:
 1790 1311 4359424C 		.ascii	"CYBLE_ERROR_GATT_DB_INVALID_ATTR_HANDLE\000"
 1790      455F4552 
 1790      524F525F 
 1790      47415454 
 1790      5F44425F 
 1791              	.LASF81:
 1792 1339 4359424C 		.ascii	"CYBLE_ERROR_REPEATED_ATTEMPTS\000"
 1792      455F4552 
 1792      524F525F 
 1792      52455045 
 1792      41544544 
 1793              		.ident	"GCC: (GNU Tools for ARM Embedded Processors) 4.8.4 20140526 (release) [ARM/embedded-4_8-br
