--------------- Build Started: 06/16/2016 16:22:41 Project: BLE Lab 2, Configuration: ARM GCC 4.8.4 Debug ---------------
cydsfit.exe -.appdatapath "C:\Users\kevinhung\AppData\Local\Cypress Semiconductor\PSoC Creator\3.2" -.fdsnotice -.fdswarpdepfile=warp_dependencies.txt -.fdselabdepfile=elab_dependencies.txt -.fdsbldfile=generated_files.txt -p "C:\Users\kevinhung\Desktop\ble\Cypress BLE Workshop\Workshop Exrecises and Manuals\Template Labs\BLE Lab 2\BLE Lab 2.cydsn\BLE Lab 2.cyprj" -d CY8C4247LQI-BL483 -s "C:\Users\kevinhung\Desktop\ble\Cypress BLE Workshop\Workshop Exrecises and Manuals\Template Labs\BLE Lab 2\BLE Lab 2.cydsn\Generated_Source\PSoC4" -- -yv2 -q10 -ygs -o2 -v3 -.fftcfgtype=LE
Elaborating Design...
HDL Generation ...
Synthesis ...
Place and Route ...
Tech mapping ...
Analog Placement ...
Analog Routing ...
Analog Code Generation ...
Digital Placement ...
Digital Routing ...
Bitstream Generation ...
Static timing analysis ...
API Generation ...
Dependency Generation ...
Clean Temporary Files ...
The compile step is up to date, no work needs to be done.
The link step is up to date, no work needs to be done.
--------------- Build Succeeded: 06/16/2016 16:23:03 ---------------
