#***************************************************************************

#sjplacer

#Version:            1.1

#Build Date:         May  8 2015 09:27:37

#File Generated:     Jun 22 2016 12:25:49

#Purpose:            

#Copyright (C) 2010-2011 by Softjin Technologies Pvt Ltd. All rights reserved.

#***************************************************************************

Executing : D:\program\CY8\PSoC Creator\3.2\PSoC Creator\bin/sjplacer.exe --proj-name BLE Lab 4 --netlist-vh2 BLE Lab 4_p.vh2 --arch-file D:\program\CY8\PSoC Creator\3.2\PSoC Creator\dev/arch/p4_udb2x2.ark --rrg-file D:\program\CY8\PSoC Creator\3.2\PSoC Creator\dev/psoc4/3/route_arch-rrg.cydata --irq-file D:\program\CY8\PSoC Creator\3.2\PSoC Creator\dev/psoc4/3/irqconn.cydata --dsi-conn-file D:\program\CY8\PSoC Creator\3.2\PSoC Creator\dev/psoc4/3/dsiconn.cydata --pins-file pins_56-QFN.xml --lib-file BLE Lab 4_p.lib --sdc-file BLE Lab 4.sdc --io-pcf BLE Lab 4.pci --outdir .

		Softjin Techologies Placer, Version 1.1

Build Date : May  8 2015	08:51:53

D2004: Option and Settings Summary
=============================================================
Netlist vh2 file          - BLE Lab 4_p.vh2
Architecture file         - D:\program\CY8\PSoC Creator\3.2\PSoC Creator\dev/arch/p4_udb2x2.ark
Package                   - 
Defparam file             - 
SDC file                  - BLE Lab 4.sdc
Output directory          - .
Timing library            - BLE Lab 4_p.lib
IO Placement file         - BLE Lab 4.pci

D2050: Starting reading inputs for placer
=============================================================
D2065: Reading netlist file : "BLE Lab 4_p.vh2"
D2065: Reading arch file : "D:\program\CY8\PSoC Creator\3.2\PSoC Creator\dev/arch/p4_udb2x2.ark"
D2051: Reading of inputs for placer completed successfully

D2053: Starting placement of the design
=============================================================

Phase 2
Phase 3

Design Statistics after Packing
    Number of Combinational MCs 	:	1
    Number of Sequential MCs    	:	5
    Number of DPs               	:	2
    Number of Controls          	:	2
    Number of Status            	:	0
    Number of SyncCells         	:	0
    Number of count7cells       	:	0

Device Utilization Summary after Packing
    Macrocells                  :	6/32
    UDBS                        :	2/4
    IOs                         :	9/38


D2088: Phase 3, elapsed time : 0.0 (sec)

Phase 4
D2088: Phase 4, elapsed time : 0.0 (sec)

Phase 6

######################################################################
Placement Timing Summary

The timing summary is based on estimated routing delays after
placement. For final timing report, please carry out the timing
analysis after routing.
======================================================================

######################################################################
                     Clock Summary 
======================================================================
Number of clocks: 13
Clock: CapSense_SampleClk   | Frequency: N/A       | Target:   0.2 MHz
Clock: CapSense_SampleClk(FFB) | Frequency: N/A       | Target:   0.2 MHz
Clock: CapSense_SenseClk    | Frequency: N/A       | Target:   0.2 MHz
Clock: CapSense_SenseClk(FFB) | Frequency: N/A       | Target:   0.2 MHz
Clock: CyECO                | Frequency: N/A       | Target:  24.0 MHz
Clock: CyHFCLK              | Frequency: N/A       | Target:  48.0 MHz
Clock: CyILO                | Frequency: N/A       | Target:   0.0 MHz
Clock: CyIMO                | Frequency: N/A       | Target:  48.0 MHz
Clock: CyLFCLK              | Frequency: N/A       | Target:   0.0 MHz
Clock: CyRouted1            | Frequency: N/A       | Target:  48.0 MHz
Clock: CySYSCLK             | Frequency: N/A       | Target:  48.0 MHz
Clock: CyWCO                | Frequency: N/A       | Target:   0.0 MHz
Clock: PRS_Clock_1          | Frequency:  87.5 MHz | Target:   1.0 MHz

======================================================================
                     End of Clock Summary
######################################################################

D2088: Phase 6, elapsed time : 0.0 (sec)

Phase 7
######################################################################
                     Clock Summary 
======================================================================
Number of clocks: 13
Clock: CapSense_SampleClk   | Frequency: N/A       | Target:   0.2 MHz
Clock: CapSense_SampleClk(FFB) | Frequency: N/A       | Target:   0.2 MHz
Clock: CapSense_SenseClk    | Frequency: N/A       | Target:   0.2 MHz
Clock: CapSense_SenseClk(FFB) | Frequency: N/A       | Target:   0.2 MHz
Clock: CyECO                | Frequency: N/A       | Target:  24.0 MHz
Clock: CyHFCLK              | Frequency: N/A       | Target:  48.0 MHz
Clock: CyILO                | Frequency: N/A       | Target:   0.0 MHz
Clock: CyIMO                | Frequency: N/A       | Target:  48.0 MHz
Clock: CyLFCLK              | Frequency: N/A       | Target:   0.0 MHz
Clock: CyRouted1            | Frequency: N/A       | Target:  48.0 MHz
Clock: CySYSCLK             | Frequency: N/A       | Target:  48.0 MHz
Clock: CyWCO                | Frequency: N/A       | Target:   0.0 MHz
Clock: PRS_Clock_1          | Frequency:  87.5 MHz | Target:   1.0 MHz

======================================================================
                     End of Clock Summary
######################################################################
D2088: Phase 7, elapsed time : 0.0 (sec)

Final Design Statistics
    Number of Combinational MCs 	:	1
    Number of Sequential MCs    	:	5
    Number of DPs               	:	2
    Number of Controls          	:	2
    Number of Status            	:	0
    Number of SyncCells         	:	0
    Number of count7cells       	:	0
    Number of IOs       	:	9

Device Utilization Summary
    Macrocells                  :	6/32
    IOs                         :	9/38



######################################################################
Placement Timing Summary

The timing summary is based on estimated routing delays after
placement. For final timing report, please carry out the timing
analysis after routing.
======================================================================


######################################################################
                     Clock Summary 
======================================================================
Number of clocks: 13
Clock: CapSense_SampleClk   | Frequency: N/A       | Target:   0.2 MHz
Clock: CapSense_SampleClk(FFB) | Frequency: N/A       | Target:   0.2 MHz
Clock: CapSense_SenseClk    | Frequency: N/A       | Target:   0.2 MHz
Clock: CapSense_SenseClk(FFB) | Frequency: N/A       | Target:   0.2 MHz
Clock: CyECO                | Frequency: N/A       | Target:  24.0 MHz
Clock: CyHFCLK              | Frequency: N/A       | Target:  48.0 MHz
Clock: CyILO                | Frequency: N/A       | Target:   0.0 MHz
Clock: CyIMO                | Frequency: N/A       | Target:  48.0 MHz
Clock: CyLFCLK              | Frequency: N/A       | Target:   0.0 MHz
Clock: CyRouted1            | Frequency: N/A       | Target:  48.0 MHz
Clock: CySYSCLK             | Frequency: N/A       | Target:  48.0 MHz
Clock: CyWCO                | Frequency: N/A       | Target:   0.0 MHz
Clock: PRS_Clock_1          | Frequency:  87.5 MHz | Target:   1.1 MHz

======================================================================
                     End of Clock Summary
######################################################################

Phase 6

######################################################################
Placement Timing Summary

The timing summary is based on estimated routing delays after
placement. For final timing report, please carry out the timing
analysis after routing.
======================================================================

######################################################################
                     Clock Summary 
======================================================================
Number of clocks: 13
Clock: CapSense_SampleClk   | Frequency: N/A       | Target:   0.2 MHz
Clock: CapSense_SampleClk(FFB) | Frequency: N/A       | Target:   0.2 MHz
Clock: CapSense_SenseClk    | Frequency: N/A       | Target:   0.2 MHz
Clock: CapSense_SenseClk(FFB) | Frequency: N/A       | Target:   0.2 MHz
Clock: CyECO                | Frequency: N/A       | Target:  24.0 MHz
Clock: CyHFCLK              | Frequency: N/A       | Target:  48.0 MHz
Clock: CyILO                | Frequency: N/A       | Target:   0.0 MHz
Clock: CyIMO                | Frequency: N/A       | Target:  48.0 MHz
Clock: CyLFCLK              | Frequency: N/A       | Target:   0.0 MHz
Clock: CyRouted1            | Frequency: N/A       | Target:  48.0 MHz
Clock: CySYSCLK             | Frequency: N/A       | Target:  48.0 MHz
Clock: CyWCO                | Frequency: N/A       | Target:   0.0 MHz
Clock: PRS_Clock_1          | Frequency:  87.5 MHz | Target:   1.1 MHz

======================================================================
                     End of Clock Summary
######################################################################

D2088: Phase 6, elapsed time : 0.0 (sec)

Phase 7
######################################################################
                     Clock Summary 
======================================================================
Number of clocks: 13
Clock: CapSense_SampleClk   | Frequency: N/A       | Target:   0.2 MHz
Clock: CapSense_SampleClk(FFB) | Frequency: N/A       | Target:   0.2 MHz
Clock: CapSense_SenseClk    | Frequency: N/A       | Target:   0.2 MHz
Clock: CapSense_SenseClk(FFB) | Frequency: N/A       | Target:   0.2 MHz
Clock: CyECO                | Frequency: N/A       | Target:  24.0 MHz
Clock: CyHFCLK              | Frequency: N/A       | Target:  48.0 MHz
Clock: CyILO                | Frequency: N/A       | Target:   0.0 MHz
Clock: CyIMO                | Frequency: N/A       | Target:  48.0 MHz
Clock: CyLFCLK              | Frequency: N/A       | Target:   0.0 MHz
Clock: CyRouted1            | Frequency: N/A       | Target:  48.0 MHz
Clock: CySYSCLK             | Frequency: N/A       | Target:  48.0 MHz
Clock: CyWCO                | Frequency: N/A       | Target:   0.0 MHz
Clock: PRS_Clock_1          | Frequency:  87.5 MHz | Target:   1.2 MHz

======================================================================
                     End of Clock Summary
######################################################################
D2088: Phase 7, elapsed time : 0.0 (sec)

Final Design Statistics
    Number of Combinational MCs 	:	1
    Number of Sequential MCs    	:	5
    Number of DPs               	:	2
    Number of Controls          	:	2
    Number of Status            	:	0
    Number of SyncCells         	:	0
    Number of count7cells       	:	0
    Number of IOs       	:	9

Device Utilization Summary
    Macrocells                  :	6/32
    IOs                         :	9/38



######################################################################
Placement Timing Summary

The timing summary is based on estimated routing delays after
placement. For final timing report, please carry out the timing
analysis after routing.
======================================================================


######################################################################
                     Clock Summary 
======================================================================
Number of clocks: 13
Clock: CapSense_SampleClk   | Frequency: N/A       | Target:   0.2 MHz
Clock: CapSense_SampleClk(FFB) | Frequency: N/A       | Target:   0.2 MHz
Clock: CapSense_SenseClk    | Frequency: N/A       | Target:   0.2 MHz
Clock: CapSense_SenseClk(FFB) | Frequency: N/A       | Target:   0.2 MHz
Clock: CyECO                | Frequency: N/A       | Target:  24.0 MHz
Clock: CyHFCLK              | Frequency: N/A       | Target:  48.0 MHz
Clock: CyILO                | Frequency: N/A       | Target:   0.0 MHz
Clock: CyIMO                | Frequency: N/A       | Target:  48.0 MHz
Clock: CyLFCLK              | Frequency: N/A       | Target:   0.0 MHz
Clock: CyRouted1            | Frequency: N/A       | Target:  48.0 MHz
Clock: CySYSCLK             | Frequency: N/A       | Target:  48.0 MHz
Clock: CyWCO                | Frequency: N/A       | Target:   0.0 MHz
Clock: PRS_Clock_1          | Frequency:  87.5 MHz | Target:   1.3 MHz

======================================================================
                     End of Clock Summary
######################################################################

Phase 8
D2088: Phase 8, elapsed time : 0.0 (sec)

D2054: Placement of the design completed successfully

I2076: Total run-time: 0.4 sec.

